[0.007s] Invoking command in '/home/luis-a/mirobot_ws/build/mirobot_package': CMAKE_PREFIX_PATH=/home/luis-a/ros2_ws/install/my_robot_controller:/opt/ros/humble /usr/bin/cmake --build /home/luis-a/mirobot_ws/build/mirobot_package -- -j32 -l32
[0.023s] -- Found ament_cmake: 1.3.10 (/opt/ros/humble/share/ament_cmake/cmake)
[0.089s] -- Found rclcpp: 16.0.10 (/opt/ros/humble/share/rclcpp/cmake)
[0.104s] -- Found rosidl_generator_c: 3.1.5 (/opt/ros/humble/share/rosidl_generator_c/cmake)
[0.105s] -- Found rosidl_adapter: 3.1.5 (/opt/ros/humble/share/rosidl_adapter/cmake)
[0.108s] -- Found rosidl_generator_cpp: 3.1.5 (/opt/ros/humble/share/rosidl_generator_cpp/cmake)
[0.113s] -- Using all available rosidl_typesupport_c: rosidl_typesupport_fastrtps_c;rosidl_typesupport_introspection_c
[0.119s] -- Using all available rosidl_typesupport_cpp: rosidl_typesupport_fastrtps_cpp;rosidl_typesupport_introspection_cpp
[0.135s] -- Found rmw_implementation_cmake: 6.1.2 (/opt/ros/humble/share/rmw_implementation_cmake/cmake)
[0.136s] -- Found rmw_fastrtps_cpp: 6.2.7 (/opt/ros/humble/share/rmw_fastrtps_cpp/cmake)
[0.198s] -- Using RMW implementation 'rmw_fastrtps_cpp' as default
[0.223s] -- Found sensor_msgs: 4.2.4 (/opt/ros/humble/share/sensor_msgs/cmake)
[0.237s] -- Found moveit_ros_planning_interface: 2.5.5 (/opt/ros/humble/share/moveit_ros_planning_interface/cmake)
[0.243s] -- Found Boost: /usr/lib/x86_64-linux-gnu/cmake/Boost-1.74.0/BoostConfig.cmake (found version "1.74.0") found components: date_time filesystem program_options system thread 
[0.312s] -- Found Boost: /usr/lib/x86_64-linux-gnu/cmake/Boost-1.74.0/BoostConfig.cmake (found version "1.74.0") found components: chrono date_time filesystem iostreams program_options regex serialization system thread 
[0.316s] -- Found parameter_traits: 0.3.9 (/opt/ros/humble/share/parameter_traits/cmake)
[0.319s] -- Found rclcpp_lifecycle: 16.0.10 (/opt/ros/humble/share/rclcpp_lifecycle/cmake)
[0.330s] -- Found Boost: /usr/lib/x86_64-linux-gnu/cmake/Boost-1.74.0/BoostConfig.cmake (found version "1.74.0") found components: filesystem 
[0.351s] -- library: /usr/lib/x86_64-linux-gnu/libcurl.so
[0.365s] -- Ensuring Eigen3 include directory is part of orocos-kdl CMake target
[0.427s] -- Found Boost: /usr/lib/x86_64-linux-gnu/cmake/Boost-1.74.0/BoostConfig.cmake (found version "1.74.0") found components: system filesystem date_time program_options thread chrono 
[0.444s] -- Found Boost: /usr/lib/x86_64-linux-gnu/cmake/Boost-1.74.0/BoostConfig.cmake (found version "1.74.0") found components: thread system filesystem regex date_time program_options 
[0.455s] -- Found Boost: /usr/lib/x86_64-linux-gnu/cmake/Boost-1.74.0/BoostConfig.cmake (found version "1.74.0") found components: system filesystem date_time program_options thread 
[0.470s] -- Found ament_lint_auto: 0.12.11 (/opt/ros/humble/share/ament_lint_auto/cmake)
[0.506s] -- Added test 'cppcheck' to perform static code analysis on C / C++ code
[0.507s] -- Configured cppcheck include dirs: $<BUILD_INTERFACE:/home/luis-a/mirobot_ws/src/mirobot_package/include>
[0.507s] -- Configured cppcheck exclude dirs and/or files: 
[0.507s] -- Added test 'lint_cmake' to check CMake code style
[0.508s] -- Added test 'uncrustify' to check C / C++ code style
[0.508s] -- Configured uncrustify additional arguments: 
[0.508s] -- Added test 'xmllint' to check XML markup files
[0.508s] -- Configuring done
[0.522s] -- Generating done
[0.523s] -- Build files have been written to: /home/luis-a/mirobot_ws/build/mirobot_package
[0.542s] [35m[1mConsolidate compiler generated dependencies of target mirobot_node[0m
[0.552s] [ 50%] [32mBuilding CXX object CMakeFiles/mirobot_node.dir/src/mirobot_node.cpp.o[0m
[6.692s] [100%] [32m[1mLinking CXX executable mirobot_node[0m
[7.078s] [100%] Built target mirobot_node
[7.084s] Invoked command in '/home/luis-a/mirobot_ws/build/mirobot_package' returned '0': CMAKE_PREFIX_PATH=/home/luis-a/ros2_ws/install/my_robot_controller:/opt/ros/humble /usr/bin/cmake --build /home/luis-a/mirobot_ws/build/mirobot_package -- -j32 -l32
[7.099s] Invoking command in '/home/luis-a/mirobot_ws/build/mirobot_package': CMAKE_PREFIX_PATH=/home/luis-a/ros2_ws/install/my_robot_controller:/opt/ros/humble /usr/bin/cmake --install /home/luis-a/mirobot_ws/build/mirobot_package
[7.103s] -- Install configuration: ""
[7.103s] -- Installing: /home/luis-a/mirobot_ws/install/mirobot_package/lib/mirobot_package/mirobot_node
[7.106s] -- Set runtime path of "/home/luis-a/mirobot_ws/install/mirobot_package/lib/mirobot_package/mirobot_node" to ""
[7.106s] -- Installing: /home/luis-a/mirobot_ws/install/mirobot_package/share/ament_index/resource_index/package_run_dependencies/mirobot_package
[7.106s] -- Up-to-date: /home/luis-a/mirobot_ws/install/mirobot_package/share/ament_index/resource_index/parent_prefix_path/mirobot_package
[7.106s] -- Up-to-date: /home/luis-a/mirobot_ws/install/mirobot_package/share/mirobot_package/environment/ament_prefix_path.sh
[7.106s] -- Installing: /home/luis-a/mirobot_ws/install/mirobot_package/share/mirobot_package/environment/ament_prefix_path.dsv
[7.106s] -- Up-to-date: /home/luis-a/mirobot_ws/install/mirobot_package/share/mirobot_package/environment/path.sh
[7.106s] -- Installing: /home/luis-a/mirobot_ws/install/mirobot_package/share/mirobot_package/environment/path.dsv
[7.106s] -- Up-to-date: /home/luis-a/mirobot_ws/install/mirobot_package/share/mirobot_package/local_setup.bash
[7.106s] -- Up-to-date: /home/luis-a/mirobot_ws/install/mirobot_package/share/mirobot_package/local_setup.sh
[7.106s] -- Up-to-date: /home/luis-a/mirobot_ws/install/mirobot_package/share/mirobot_package/local_setup.zsh
[7.106s] -- Installing: /home/luis-a/mirobot_ws/install/mirobot_package/share/mirobot_package/local_setup.dsv
[7.106s] -- Installing: /home/luis-a/mirobot_ws/install/mirobot_package/share/mirobot_package/package.dsv
[7.106s] -- Up-to-date: /home/luis-a/mirobot_ws/install/mirobot_package/share/ament_index/resource_index/packages/mirobot_package
[7.106s] -- Up-to-date: /home/luis-a/mirobot_ws/install/mirobot_package/share/mirobot_package/cmake/mirobot_packageConfig.cmake
[7.106s] -- Up-to-date: /home/luis-a/mirobot_ws/install/mirobot_package/share/mirobot_package/cmake/mirobot_packageConfig-version.cmake
[7.106s] -- Installing: /home/luis-a/mirobot_ws/install/mirobot_package/share/mirobot_package/package.xml
[7.108s] Invoked command in '/home/luis-a/mirobot_ws/build/mirobot_package' returned '0': CMAKE_PREFIX_PATH=/home/luis-a/ros2_ws/install/my_robot_controller:/opt/ros/humble /usr/bin/cmake --install /home/luis-a/mirobot_ws/build/mirobot_package
