[0.008s] Invoking command in '/home/luis-a/mirobot_ws/build/hello_moveit': CMAKE_PREFIX_PATH=${CMAKE_PREFIX_PATH}:/home/luis-a/ros2_ws/install/my_robot_controller:/opt/ros/humble /usr/bin/cmake --build /home/luis-a/mirobot_ws/build/hello_moveit -- -j32 -l32
[0.049s] [ 50%] [32mBuilding CXX object CMakeFiles/hello_moveit.dir/src/hello_moveit.cpp.o[0m
[4.487s] [100%] [32m[1mLinking CXX executable hello_moveit[0m
[4.625s] [100%] Built target hello_moveit
[4.634s] Invoked command in '/home/luis-a/mirobot_ws/build/hello_moveit' returned '0': CMAKE_PREFIX_PATH=${CMAKE_PREFIX_PATH}:/home/luis-a/ros2_ws/install/my_robot_controller:/opt/ros/humble /usr/bin/cmake --build /home/luis-a/mirobot_ws/build/hello_moveit -- -j32 -l32
[4.651s] Invoking command in '/home/luis-a/mirobot_ws/build/hello_moveit': CMAKE_PREFIX_PATH=${CMAKE_PREFIX_PATH}:/home/luis-a/ros2_ws/install/my_robot_controller:/opt/ros/humble /usr/bin/cmake --install /home/luis-a/mirobot_ws/build/hello_moveit
[4.656s] -- Install configuration: ""
[4.657s] -- Installing: /home/luis-a/mirobot_ws/install/hello_moveit/lib/hello_moveit/hello_moveit
[4.657s] -- Set runtime path of "/home/luis-a/mirobot_ws/install/hello_moveit/lib/hello_moveit/hello_moveit" to ""
[4.657s] -- Up-to-date: /home/luis-a/mirobot_ws/install/hello_moveit/share/ament_index/resource_index/package_run_dependencies/hello_moveit
[4.657s] -- Up-to-date: /home/luis-a/mirobot_ws/install/hello_moveit/share/ament_index/resource_index/parent_prefix_path/hello_moveit
[4.657s] -- Up-to-date: /home/luis-a/mirobot_ws/install/hello_moveit/share/hello_moveit/environment/ament_prefix_path.sh
[4.657s] -- Up-to-date: /home/luis-a/mirobot_ws/install/hello_moveit/share/hello_moveit/environment/ament_prefix_path.dsv
[4.657s] -- Up-to-date: /home/luis-a/mirobot_ws/install/hello_moveit/share/hello_moveit/environment/path.sh
[4.657s] -- Up-to-date: /home/luis-a/mirobot_ws/install/hello_moveit/share/hello_moveit/environment/path.dsv
[4.657s] -- Up-to-date: /home/luis-a/mirobot_ws/install/hello_moveit/share/hello_moveit/local_setup.bash
[4.657s] -- Up-to-date: /home/luis-a/mirobot_ws/install/hello_moveit/share/hello_moveit/local_setup.sh
[4.657s] -- Up-to-date: /home/luis-a/mirobot_ws/install/hello_moveit/share/hello_moveit/local_setup.zsh
[4.657s] -- Up-to-date: /home/luis-a/mirobot_ws/install/hello_moveit/share/hello_moveit/local_setup.dsv
[4.657s] -- Installing: /home/luis-a/mirobot_ws/install/hello_moveit/share/hello_moveit/package.dsv
[4.657s] -- Up-to-date: /home/luis-a/mirobot_ws/install/hello_moveit/share/ament_index/resource_index/packages/hello_moveit
[4.657s] -- Up-to-date: /home/luis-a/mirobot_ws/install/hello_moveit/share/hello_moveit/cmake/hello_moveitConfig.cmake
[4.657s] -- Up-to-date: /home/luis-a/mirobot_ws/install/hello_moveit/share/hello_moveit/cmake/hello_moveitConfig-version.cmake
[4.657s] -- Up-to-date: /home/luis-a/mirobot_ws/install/hello_moveit/share/hello_moveit/package.xml
[4.659s] Invoked command in '/home/luis-a/mirobot_ws/build/hello_moveit' returned '0': CMAKE_PREFIX_PATH=${CMAKE_PREFIX_PATH}:/home/luis-a/ros2_ws/install/my_robot_controller:/opt/ros/humble /usr/bin/cmake --install /home/luis-a/mirobot_ws/build/hello_moveit
