[0.061s] DEBUG:colcon:Command line arguments: ['/usr/bin/colcon', 'build']
[0.061s] DEBUG:colcon:Parsed command line arguments: Namespace(log_base=None, log_level=None, verb_name='build', build_base='build', install_base='install', merge_install=False, symlink_install=False, test_result_base=None, continue_on_error=False, executor='parallel', parallel_workers=32, event_handlers=None, ignore_user_meta=False, metas=['./colcon.meta'], base_paths=['.'], packages_ignore=None, packages_ignore_regex=None, paths=None, packages_up_to=None, packages_up_to_regex=None, packages_above=None, packages_above_and_dependencies=None, packages_above_depth=None, packages_select_by_dep=None, packages_skip_by_dep=None, packages_skip_up_to=None, packages_select_build_failed=False, packages_skip_build_finished=False, packages_select_test_failures=False, packages_skip_test_passed=False, packages_select=None, packages_skip=None, packages_select_regex=None, packages_skip_regex=None, packages_start=None, packages_end=None, allow_overriding=[], cmake_args=None, cmake_target=None, cmake_target_skip_unavailable=False, cmake_clean_cache=False, cmake_clean_first=False, cmake_force_configure=False, ament_cmake_args=None, catkin_cmake_args=None, catkin_skip_building_tests=False, mixin_files=None, mixin=None, verb_parser=<colcon_mixin.mixin.mixin_argument.MixinArgumentDecorator object at 0x72fc8563b250>, verb_extension=<colcon_core.verb.build.BuildVerb object at 0x72fc8563ada0>, main=<bound method BuildVerb.main of <colcon_core.verb.build.BuildVerb object at 0x72fc8563ada0>>, mixin_verb=('build',))
[0.143s] Level 1:colcon.colcon_core.package_discovery:discover_packages(colcon_meta) check parameters
[0.143s] Level 1:colcon.colcon_core.package_discovery:discover_packages(recursive) check parameters
[0.143s] Level 1:colcon.colcon_core.package_discovery:discover_packages(ignore) check parameters
[0.143s] Level 1:colcon.colcon_core.package_discovery:discover_packages(path) check parameters
[0.143s] Level 1:colcon.colcon_core.package_discovery:discover_packages(colcon_meta) discover
[0.143s] Level 1:colcon.colcon_core.package_discovery:discover_packages(recursive) discover
[0.143s] INFO:colcon.colcon_core.package_discovery:Crawling recursively for packages in '/home/luis-a/mirobot_ws'
[0.143s] Level 1:colcon.colcon_core.package_identification:_identify(.) by extensions ['ignore', 'ignore_ament_install']
[0.143s] Level 1:colcon.colcon_core.package_identification:_identify(.) by extension 'ignore'
[0.143s] Level 1:colcon.colcon_core.package_identification:_identify(.) by extension 'ignore_ament_install'
[0.143s] Level 1:colcon.colcon_core.package_identification:_identify(.) by extensions ['colcon_pkg']
[0.143s] Level 1:colcon.colcon_core.package_identification:_identify(.) by extension 'colcon_pkg'
[0.143s] Level 1:colcon.colcon_core.package_identification:_identify(.) by extensions ['colcon_meta']
[0.143s] Level 1:colcon.colcon_core.package_identification:_identify(.) by extension 'colcon_meta'
[0.143s] Level 1:colcon.colcon_core.package_identification:_identify(.) by extensions ['ros']
[0.143s] Level 1:colcon.colcon_core.package_identification:_identify(.) by extension 'ros'
[0.149s] Level 1:colcon.colcon_core.package_identification:_identify(.) by extensions ['cmake', 'python']
[0.149s] Level 1:colcon.colcon_core.package_identification:_identify(.) by extension 'cmake'
[0.149s] Level 1:colcon.colcon_core.package_identification:_identify(.) by extension 'python'
[0.149s] Level 1:colcon.colcon_core.package_identification:_identify(.) by extensions ['python_setup_py']
[0.149s] Level 1:colcon.colcon_core.package_identification:_identify(.) by extension 'python_setup_py'
[0.149s] Level 1:colcon.colcon_core.package_identification:_identify(build) by extensions ['ignore', 'ignore_ament_install']
[0.149s] Level 1:colcon.colcon_core.package_identification:_identify(build) by extension 'ignore'
[0.149s] Level 1:colcon.colcon_core.package_identification:_identify(build) ignored
[0.149s] Level 1:colcon.colcon_core.package_identification:_identify(install) by extensions ['ignore', 'ignore_ament_install']
[0.149s] Level 1:colcon.colcon_core.package_identification:_identify(install) by extension 'ignore'
[0.149s] Level 1:colcon.colcon_core.package_identification:_identify(install) ignored
[0.150s] Level 1:colcon.colcon_core.package_identification:_identify(log) by extensions ['ignore', 'ignore_ament_install']
[0.150s] Level 1:colcon.colcon_core.package_identification:_identify(log) by extension 'ignore'
[0.150s] Level 1:colcon.colcon_core.package_identification:_identify(log) ignored
[0.150s] Level 1:colcon.colcon_core.package_identification:_identify(src) by extensions ['ignore', 'ignore_ament_install']
[0.150s] Level 1:colcon.colcon_core.package_identification:_identify(src) by extension 'ignore'
[0.150s] Level 1:colcon.colcon_core.package_identification:_identify(src) by extension 'ignore_ament_install'
[0.150s] Level 1:colcon.colcon_core.package_identification:_identify(src) by extensions ['colcon_pkg']
[0.150s] Level 1:colcon.colcon_core.package_identification:_identify(src) by extension 'colcon_pkg'
[0.150s] Level 1:colcon.colcon_core.package_identification:_identify(src) by extensions ['colcon_meta']
[0.150s] Level 1:colcon.colcon_core.package_identification:_identify(src) by extension 'colcon_meta'
[0.150s] Level 1:colcon.colcon_core.package_identification:_identify(src) by extensions ['ros']
[0.150s] Level 1:colcon.colcon_core.package_identification:_identify(src) by extension 'ros'
[0.150s] Level 1:colcon.colcon_core.package_identification:_identify(src) by extensions ['cmake', 'python']
[0.150s] Level 1:colcon.colcon_core.package_identification:_identify(src) by extension 'cmake'
[0.150s] Level 1:colcon.colcon_core.package_identification:_identify(src) by extension 'python'
[0.150s] Level 1:colcon.colcon_core.package_identification:_identify(src) by extensions ['python_setup_py']
[0.150s] Level 1:colcon.colcon_core.package_identification:_identify(src) by extension 'python_setup_py'
[0.150s] Level 1:colcon.colcon_core.package_identification:_identify(src/mirobot_moveit_config) by extensions ['ignore', 'ignore_ament_install']
[0.150s] Level 1:colcon.colcon_core.package_identification:_identify(src/mirobot_moveit_config) by extension 'ignore'
[0.150s] Level 1:colcon.colcon_core.package_identification:_identify(src/mirobot_moveit_config) by extension 'ignore_ament_install'
[0.150s] Level 1:colcon.colcon_core.package_identification:_identify(src/mirobot_moveit_config) by extensions ['colcon_pkg']
[0.150s] Level 1:colcon.colcon_core.package_identification:_identify(src/mirobot_moveit_config) by extension 'colcon_pkg'
[0.150s] Level 1:colcon.colcon_core.package_identification:_identify(src/mirobot_moveit_config) by extensions ['colcon_meta']
[0.150s] Level 1:colcon.colcon_core.package_identification:_identify(src/mirobot_moveit_config) by extension 'colcon_meta'
[0.150s] Level 1:colcon.colcon_core.package_identification:_identify(src/mirobot_moveit_config) by extensions ['ros']
[0.150s] Level 1:colcon.colcon_core.package_identification:_identify(src/mirobot_moveit_config) by extension 'ros'
[0.151s] DEBUG:colcon.colcon_core.package_identification:Package 'src/mirobot_moveit_config' with type 'ros.ament_cmake' and name 'mirobot_moveit_config'
[0.152s] Level 1:colcon.colcon_core.package_identification:_identify(src/mirobot_package) by extensions ['ignore', 'ignore_ament_install']
[0.152s] Level 1:colcon.colcon_core.package_identification:_identify(src/mirobot_package) by extension 'ignore'
[0.152s] Level 1:colcon.colcon_core.package_identification:_identify(src/mirobot_package) by extension 'ignore_ament_install'
[0.152s] Level 1:colcon.colcon_core.package_identification:_identify(src/mirobot_package) by extensions ['colcon_pkg']
[0.152s] Level 1:colcon.colcon_core.package_identification:_identify(src/mirobot_package) by extension 'colcon_pkg'
[0.152s] Level 1:colcon.colcon_core.package_identification:_identify(src/mirobot_package) by extensions ['colcon_meta']
[0.152s] Level 1:colcon.colcon_core.package_identification:_identify(src/mirobot_package) by extension 'colcon_meta'
[0.152s] Level 1:colcon.colcon_core.package_identification:_identify(src/mirobot_package) by extensions ['ros']
[0.152s] Level 1:colcon.colcon_core.package_identification:_identify(src/mirobot_package) by extension 'ros'
[0.152s] DEBUG:colcon.colcon_core.package_identification:Package 'src/mirobot_package' with type 'ros.ament_cmake' and name 'mirobot_package'
[0.152s] Level 1:colcon.colcon_core.package_identification:_identify(src/mirobot_urdf_2) by extensions ['ignore', 'ignore_ament_install']
[0.152s] Level 1:colcon.colcon_core.package_identification:_identify(src/mirobot_urdf_2) by extension 'ignore'
[0.152s] Level 1:colcon.colcon_core.package_identification:_identify(src/mirobot_urdf_2) by extension 'ignore_ament_install'
[0.152s] Level 1:colcon.colcon_core.package_identification:_identify(src/mirobot_urdf_2) by extensions ['colcon_pkg']
[0.152s] Level 1:colcon.colcon_core.package_identification:_identify(src/mirobot_urdf_2) by extension 'colcon_pkg'
[0.152s] Level 1:colcon.colcon_core.package_identification:_identify(src/mirobot_urdf_2) by extensions ['colcon_meta']
[0.152s] Level 1:colcon.colcon_core.package_identification:_identify(src/mirobot_urdf_2) by extension 'colcon_meta'
[0.152s] Level 1:colcon.colcon_core.package_identification:_identify(src/mirobot_urdf_2) by extensions ['ros']
[0.152s] Level 1:colcon.colcon_core.package_identification:_identify(src/mirobot_urdf_2) by extension 'ros'
[0.152s] DEBUG:colcon.colcon_core.package_identification:Package 'src/mirobot_urdf_2' with type 'ros.ament_cmake' and name 'mirobot_urdf_2'
[0.153s] Level 1:colcon.colcon_core.package_discovery:discover_packages(recursive) using defaults
[0.153s] Level 1:colcon.colcon_core.package_discovery:discover_packages(ignore) discover
[0.153s] Level 1:colcon.colcon_core.package_discovery:discover_packages(ignore) using defaults
[0.153s] Level 1:colcon.colcon_core.package_discovery:discover_packages(path) discover
[0.153s] Level 1:colcon.colcon_core.package_discovery:discover_packages(path) using defaults
[0.171s] Level 1:colcon.colcon_core.package_discovery:discover_packages(prefix_path) check parameters
[0.172s] Level 1:colcon.colcon_core.package_discovery:discover_packages(prefix_path) discover
[0.172s] DEBUG:colcon.colcon_installed_package_information.package_discovery:Found 3 installed packages in /home/luis-a/mirobot_ws/install
[0.173s] DEBUG:colcon.colcon_installed_package_information.package_discovery:Found 1 installed packages in /home/luis-a/ros2_ws/install
[0.174s] DEBUG:colcon.colcon_installed_package_information.package_discovery:Found 360 installed packages in /opt/ros/humble
[0.174s] Level 1:colcon.colcon_core.package_discovery:discover_packages(prefix_path) using defaults
[0.197s] Level 5:colcon.colcon_core.verb:set package 'mirobot_package' build argument 'cmake_args' from command line to 'None'
[0.197s] Level 5:colcon.colcon_core.verb:set package 'mirobot_package' build argument 'cmake_target' from command line to 'None'
[0.197s] Level 5:colcon.colcon_core.verb:set package 'mirobot_package' build argument 'cmake_target_skip_unavailable' from command line to 'False'
[0.197s] Level 5:colcon.colcon_core.verb:set package 'mirobot_package' build argument 'cmake_clean_cache' from command line to 'False'
[0.197s] Level 5:colcon.colcon_core.verb:set package 'mirobot_package' build argument 'cmake_clean_first' from command line to 'False'
[0.197s] Level 5:colcon.colcon_core.verb:set package 'mirobot_package' build argument 'cmake_force_configure' from command line to 'False'
[0.197s] Level 5:colcon.colcon_core.verb:set package 'mirobot_package' build argument 'ament_cmake_args' from command line to 'None'
[0.197s] Level 5:colcon.colcon_core.verb:set package 'mirobot_package' build argument 'catkin_cmake_args' from command line to 'None'
[0.197s] Level 5:colcon.colcon_core.verb:set package 'mirobot_package' build argument 'catkin_skip_building_tests' from command line to 'False'
[0.197s] DEBUG:colcon.colcon_core.verb:Building package 'mirobot_package' with the following arguments: {'ament_cmake_args': None, 'build_base': '/home/luis-a/mirobot_ws/build/mirobot_package', 'catkin_cmake_args': None, 'catkin_skip_building_tests': False, 'cmake_args': None, 'cmake_clean_cache': False, 'cmake_clean_first': False, 'cmake_force_configure': False, 'cmake_target': None, 'cmake_target_skip_unavailable': False, 'install_base': '/home/luis-a/mirobot_ws/install/mirobot_package', 'merge_install': False, 'path': '/home/luis-a/mirobot_ws/src/mirobot_package', 'symlink_install': False, 'test_result_base': None}
[0.198s] Level 5:colcon.colcon_core.verb:set package 'mirobot_urdf_2' build argument 'cmake_args' from command line to 'None'
[0.198s] Level 5:colcon.colcon_core.verb:set package 'mirobot_urdf_2' build argument 'cmake_target' from command line to 'None'
[0.198s] Level 5:colcon.colcon_core.verb:set package 'mirobot_urdf_2' build argument 'cmake_target_skip_unavailable' from command line to 'False'
[0.198s] Level 5:colcon.colcon_core.verb:set package 'mirobot_urdf_2' build argument 'cmake_clean_cache' from command line to 'False'
[0.198s] Level 5:colcon.colcon_core.verb:set package 'mirobot_urdf_2' build argument 'cmake_clean_first' from command line to 'False'
[0.198s] Level 5:colcon.colcon_core.verb:set package 'mirobot_urdf_2' build argument 'cmake_force_configure' from command line to 'False'
[0.198s] Level 5:colcon.colcon_core.verb:set package 'mirobot_urdf_2' build argument 'ament_cmake_args' from command line to 'None'
[0.198s] Level 5:colcon.colcon_core.verb:set package 'mirobot_urdf_2' build argument 'catkin_cmake_args' from command line to 'None'
[0.198s] Level 5:colcon.colcon_core.verb:set package 'mirobot_urdf_2' build argument 'catkin_skip_building_tests' from command line to 'False'
[0.198s] DEBUG:colcon.colcon_core.verb:Building package 'mirobot_urdf_2' with the following arguments: {'ament_cmake_args': None, 'build_base': '/home/luis-a/mirobot_ws/build/mirobot_urdf_2', 'catkin_cmake_args': None, 'catkin_skip_building_tests': False, 'cmake_args': None, 'cmake_clean_cache': False, 'cmake_clean_first': False, 'cmake_force_configure': False, 'cmake_target': None, 'cmake_target_skip_unavailable': False, 'install_base': '/home/luis-a/mirobot_ws/install/mirobot_urdf_2', 'merge_install': False, 'path': '/home/luis-a/mirobot_ws/src/mirobot_urdf_2', 'symlink_install': False, 'test_result_base': None}
[0.198s] Level 5:colcon.colcon_core.verb:set package 'mirobot_moveit_config' build argument 'cmake_args' from command line to 'None'
[0.198s] Level 5:colcon.colcon_core.verb:set package 'mirobot_moveit_config' build argument 'cmake_target' from command line to 'None'
[0.198s] Level 5:colcon.colcon_core.verb:set package 'mirobot_moveit_config' build argument 'cmake_target_skip_unavailable' from command line to 'False'
[0.198s] Level 5:colcon.colcon_core.verb:set package 'mirobot_moveit_config' build argument 'cmake_clean_cache' from command line to 'False'
[0.198s] Level 5:colcon.colcon_core.verb:set package 'mirobot_moveit_config' build argument 'cmake_clean_first' from command line to 'False'
[0.198s] Level 5:colcon.colcon_core.verb:set package 'mirobot_moveit_config' build argument 'cmake_force_configure' from command line to 'False'
[0.198s] Level 5:colcon.colcon_core.verb:set package 'mirobot_moveit_config' build argument 'ament_cmake_args' from command line to 'None'
[0.198s] Level 5:colcon.colcon_core.verb:set package 'mirobot_moveit_config' build argument 'catkin_cmake_args' from command line to 'None'
[0.198s] Level 5:colcon.colcon_core.verb:set package 'mirobot_moveit_config' build argument 'catkin_skip_building_tests' from command line to 'False'
[0.198s] DEBUG:colcon.colcon_core.verb:Building package 'mirobot_moveit_config' with the following arguments: {'ament_cmake_args': None, 'build_base': '/home/luis-a/mirobot_ws/build/mirobot_moveit_config', 'catkin_cmake_args': None, 'catkin_skip_building_tests': False, 'cmake_args': None, 'cmake_clean_cache': False, 'cmake_clean_first': False, 'cmake_force_configure': False, 'cmake_target': None, 'cmake_target_skip_unavailable': False, 'install_base': '/home/luis-a/mirobot_ws/install/mirobot_moveit_config', 'merge_install': False, 'path': '/home/luis-a/mirobot_ws/src/mirobot_moveit_config', 'symlink_install': False, 'test_result_base': None}
[0.198s] INFO:colcon.colcon_core.executor:Executing jobs using 'parallel' executor
[0.199s] DEBUG:colcon.colcon_parallel_executor.executor.parallel:run_until_complete
[0.199s] INFO:colcon.colcon_ros.task.ament_cmake.build:Building ROS package in '/home/luis-a/mirobot_ws/src/mirobot_urdf_2' with build type 'ament_cmake'
[0.199s] INFO:colcon.colcon_cmake.task.cmake.build:Building CMake package in '/home/luis-a/mirobot_ws/src/mirobot_urdf_2'
[0.200s] INFO:colcon.colcon_core.plugin_system:Skipping extension 'colcon_core.shell.bat': Not used on non-Windows systems
[0.200s] INFO:colcon.colcon_core.shell:Skip shell extension 'powershell' for command environment: Not usable outside of PowerShell
[0.200s] DEBUG:colcon.colcon_core.shell:Skip shell extension 'dsv' for command environment
[0.203s] INFO:colcon.colcon_ros.task.ament_cmake.build:Building ROS package in '/home/luis-a/mirobot_ws/src/mirobot_package' with build type 'ament_cmake'
[0.203s] INFO:colcon.colcon_cmake.task.cmake.build:Building CMake package in '/home/luis-a/mirobot_ws/src/mirobot_package'
[0.203s] INFO:colcon.colcon_core.shell:Skip shell extension 'powershell' for command environment: Not usable outside of PowerShell
[0.203s] DEBUG:colcon.colcon_core.shell:Skip shell extension 'dsv' for command environment
[0.208s] DEBUG:colcon.colcon_core.event_handler.log_command:Invoking command in '/home/luis-a/mirobot_ws/build/mirobot_urdf_2': CMAKE_PREFIX_PATH=${CMAKE_PREFIX_PATH}:/home/luis-a/ros2_ws/install/my_robot_controller:/opt/ros/humble /usr/bin/cmake --build /home/luis-a/mirobot_ws/build/mirobot_urdf_2 -- -j32 -l32
[0.211s] DEBUG:colcon.colcon_core.event_handler.log_command:Invoking command in '/home/luis-a/mirobot_ws/build/mirobot_package': CMAKE_PREFIX_PATH=${CMAKE_PREFIX_PATH}:/home/luis-a/ros2_ws/install/my_robot_controller:/opt/ros/humble /usr/bin/cmake --build /home/luis-a/mirobot_ws/build/mirobot_package -- -j32 -l32
[0.233s] DEBUG:colcon.colcon_core.event_handler.log_command:Invoked command in '/home/luis-a/mirobot_ws/build/mirobot_urdf_2' returned '0': CMAKE_PREFIX_PATH=${CMAKE_PREFIX_PATH}:/home/luis-a/ros2_ws/install/my_robot_controller:/opt/ros/humble /usr/bin/cmake --build /home/luis-a/mirobot_ws/build/mirobot_urdf_2 -- -j32 -l32
[0.251s] DEBUG:colcon.colcon_core.event_handler.log_command:Invoking command in '/home/luis-a/mirobot_ws/build/mirobot_urdf_2': CMAKE_PREFIX_PATH=${CMAKE_PREFIX_PATH}:/home/luis-a/ros2_ws/install/my_robot_controller:/opt/ros/humble /usr/bin/cmake --install /home/luis-a/mirobot_ws/build/mirobot_urdf_2
[0.257s] DEBUG:colcon.colcon_core.event_handler.log_command:Invoked command in '/home/luis-a/mirobot_ws/build/mirobot_package' returned '0': CMAKE_PREFIX_PATH=${CMAKE_PREFIX_PATH}:/home/luis-a/ros2_ws/install/my_robot_controller:/opt/ros/humble /usr/bin/cmake --build /home/luis-a/mirobot_ws/build/mirobot_package -- -j32 -l32
[0.258s] Level 1:colcon.colcon_core.environment:create_environment_scripts_only(mirobot_urdf_2)
[0.258s] DEBUG:colcon.colcon_core.event_handler.log_command:Invoked command in '/home/luis-a/mirobot_ws/build/mirobot_urdf_2' returned '0': CMAKE_PREFIX_PATH=${CMAKE_PREFIX_PATH}:/home/luis-a/ros2_ws/install/my_robot_controller:/opt/ros/humble /usr/bin/cmake --install /home/luis-a/mirobot_ws/build/mirobot_urdf_2
[0.259s] Level 1:colcon.colcon_core.environment:checking '/home/luis-a/mirobot_ws/install/mirobot_urdf_2' for CMake module files
[0.259s] Level 1:colcon.colcon_core.environment:checking '/home/luis-a/mirobot_ws/install/mirobot_urdf_2' for CMake config files
[0.260s] Level 1:colcon.colcon_core.shell:create_environment_hook('mirobot_urdf_2', 'cmake_prefix_path')
[0.260s] INFO:colcon.colcon_core.shell:Creating environment hook '/home/luis-a/mirobot_ws/install/mirobot_urdf_2/share/mirobot_urdf_2/hook/cmake_prefix_path.ps1'
[0.260s] INFO:colcon.colcon_core.shell:Creating environment descriptor '/home/luis-a/mirobot_ws/install/mirobot_urdf_2/share/mirobot_urdf_2/hook/cmake_prefix_path.dsv'
[0.260s] INFO:colcon.colcon_core.shell:Creating environment hook '/home/luis-a/mirobot_ws/install/mirobot_urdf_2/share/mirobot_urdf_2/hook/cmake_prefix_path.sh'
[0.261s] Level 1:colcon.colcon_core.environment:checking '/home/luis-a/mirobot_ws/install/mirobot_urdf_2/bin'
[0.261s] Level 1:colcon.colcon_core.environment:checking '/home/luis-a/mirobot_ws/install/mirobot_urdf_2/lib/pkgconfig/mirobot_urdf_2.pc'
[0.261s] Level 1:colcon.colcon_core.environment:checking '/home/luis-a/mirobot_ws/install/mirobot_urdf_2/lib/python3.10/site-packages'
[0.261s] Level 1:colcon.colcon_core.environment:checking '/home/luis-a/mirobot_ws/install/mirobot_urdf_2/bin'
[0.261s] INFO:colcon.colcon_core.shell:Creating package script '/home/luis-a/mirobot_ws/install/mirobot_urdf_2/share/mirobot_urdf_2/package.ps1'
[0.261s] INFO:colcon.colcon_core.shell:Creating package descriptor '/home/luis-a/mirobot_ws/install/mirobot_urdf_2/share/mirobot_urdf_2/package.dsv'
[0.262s] INFO:colcon.colcon_core.shell:Creating package script '/home/luis-a/mirobot_ws/install/mirobot_urdf_2/share/mirobot_urdf_2/package.sh'
[0.262s] INFO:colcon.colcon_core.shell:Creating package script '/home/luis-a/mirobot_ws/install/mirobot_urdf_2/share/mirobot_urdf_2/package.bash'
[0.262s] INFO:colcon.colcon_core.shell:Creating package script '/home/luis-a/mirobot_ws/install/mirobot_urdf_2/share/mirobot_urdf_2/package.zsh'
[0.263s] Level 1:colcon.colcon_core.environment:create_file_with_runtime_dependencies(/home/luis-a/mirobot_ws/install/mirobot_urdf_2/share/colcon-core/packages/mirobot_urdf_2)
[0.273s] DEBUG:colcon.colcon_core.event_handler.log_command:Invoking command in '/home/luis-a/mirobot_ws/build/mirobot_package': CMAKE_PREFIX_PATH=${CMAKE_PREFIX_PATH}:/home/luis-a/ros2_ws/install/my_robot_controller:/opt/ros/humble /usr/bin/cmake --install /home/luis-a/mirobot_ws/build/mirobot_package
[0.276s] Level 1:colcon.colcon_core.environment:create_environment_scripts_only(mirobot_urdf_2)
[0.276s] Level 1:colcon.colcon_core.environment:checking '/home/luis-a/mirobot_ws/install/mirobot_urdf_2' for CMake module files
[0.276s] Level 1:colcon.colcon_core.environment:checking '/home/luis-a/mirobot_ws/install/mirobot_urdf_2' for CMake config files
[0.277s] Level 1:colcon.colcon_core.shell:create_environment_hook('mirobot_urdf_2', 'cmake_prefix_path')
[0.277s] INFO:colcon.colcon_core.shell:Creating environment hook '/home/luis-a/mirobot_ws/install/mirobot_urdf_2/share/mirobot_urdf_2/hook/cmake_prefix_path.ps1'
[0.277s] INFO:colcon.colcon_core.shell:Creating environment descriptor '/home/luis-a/mirobot_ws/install/mirobot_urdf_2/share/mirobot_urdf_2/hook/cmake_prefix_path.dsv'
[0.277s] INFO:colcon.colcon_core.shell:Creating environment hook '/home/luis-a/mirobot_ws/install/mirobot_urdf_2/share/mirobot_urdf_2/hook/cmake_prefix_path.sh'
[0.278s] Level 1:colcon.colcon_core.environment:checking '/home/luis-a/mirobot_ws/install/mirobot_urdf_2/bin'
[0.278s] Level 1:colcon.colcon_core.environment:checking '/home/luis-a/mirobot_ws/install/mirobot_urdf_2/lib/pkgconfig/mirobot_urdf_2.pc'
[0.278s] Level 1:colcon.colcon_core.environment:checking '/home/luis-a/mirobot_ws/install/mirobot_urdf_2/lib/python3.10/site-packages'
[0.278s] Level 1:colcon.colcon_core.environment:checking '/home/luis-a/mirobot_ws/install/mirobot_urdf_2/bin'
[0.278s] INFO:colcon.colcon_core.shell:Creating package script '/home/luis-a/mirobot_ws/install/mirobot_urdf_2/share/mirobot_urdf_2/package.ps1'
[0.279s] INFO:colcon.colcon_core.shell:Creating package descriptor '/home/luis-a/mirobot_ws/install/mirobot_urdf_2/share/mirobot_urdf_2/package.dsv'
[0.279s] INFO:colcon.colcon_core.shell:Creating package script '/home/luis-a/mirobot_ws/install/mirobot_urdf_2/share/mirobot_urdf_2/package.sh'
[0.279s] INFO:colcon.colcon_core.shell:Creating package script '/home/luis-a/mirobot_ws/install/mirobot_urdf_2/share/mirobot_urdf_2/package.bash'
[0.279s] INFO:colcon.colcon_core.shell:Creating package script '/home/luis-a/mirobot_ws/install/mirobot_urdf_2/share/mirobot_urdf_2/package.zsh'
[0.280s] Level 1:colcon.colcon_core.environment:create_file_with_runtime_dependencies(/home/luis-a/mirobot_ws/install/mirobot_urdf_2/share/colcon-core/packages/mirobot_urdf_2)
[0.280s] INFO:colcon.colcon_ros.task.ament_cmake.build:Building ROS package in '/home/luis-a/mirobot_ws/src/mirobot_moveit_config' with build type 'ament_cmake'
[0.280s] INFO:colcon.colcon_cmake.task.cmake.build:Building CMake package in '/home/luis-a/mirobot_ws/src/mirobot_moveit_config'
[0.280s] INFO:colcon.colcon_core.shell:Skip shell extension 'powershell' for command environment: Not usable outside of PowerShell
[0.280s] DEBUG:colcon.colcon_core.shell:Skip shell extension 'dsv' for command environment
[0.282s] Level 1:colcon.colcon_core.environment:create_environment_scripts_only(mirobot_package)
[0.282s] Level 1:colcon.colcon_core.environment:checking '/home/luis-a/mirobot_ws/install/mirobot_package' for CMake module files
[0.283s] DEBUG:colcon.colcon_core.event_handler.log_command:Invoked command in '/home/luis-a/mirobot_ws/build/mirobot_package' returned '0': CMAKE_PREFIX_PATH=${CMAKE_PREFIX_PATH}:/home/luis-a/ros2_ws/install/my_robot_controller:/opt/ros/humble /usr/bin/cmake --install /home/luis-a/mirobot_ws/build/mirobot_package
[0.283s] Level 1:colcon.colcon_core.environment:checking '/home/luis-a/mirobot_ws/install/mirobot_package' for CMake config files
[0.283s] Level 1:colcon.colcon_core.shell:create_environment_hook('mirobot_package', 'cmake_prefix_path')
[0.283s] INFO:colcon.colcon_core.shell:Creating environment hook '/home/luis-a/mirobot_ws/install/mirobot_package/share/mirobot_package/hook/cmake_prefix_path.ps1'
[0.283s] INFO:colcon.colcon_core.shell:Creating environment descriptor '/home/luis-a/mirobot_ws/install/mirobot_package/share/mirobot_package/hook/cmake_prefix_path.dsv'
[0.283s] INFO:colcon.colcon_core.shell:Creating environment hook '/home/luis-a/mirobot_ws/install/mirobot_package/share/mirobot_package/hook/cmake_prefix_path.sh'
[0.284s] Level 1:colcon.colcon_core.environment:checking '/home/luis-a/mirobot_ws/install/mirobot_package/lib'
[0.284s] Level 1:colcon.colcon_core.environment:checking '/home/luis-a/mirobot_ws/install/mirobot_package/bin'
[0.284s] Level 1:colcon.colcon_core.environment:checking '/home/luis-a/mirobot_ws/install/mirobot_package/lib/pkgconfig/mirobot_package.pc'
[0.284s] Level 1:colcon.colcon_core.environment:checking '/home/luis-a/mirobot_ws/install/mirobot_package/lib/python3.10/site-packages'
[0.284s] Level 1:colcon.colcon_core.environment:checking '/home/luis-a/mirobot_ws/install/mirobot_package/bin'
[0.284s] INFO:colcon.colcon_core.shell:Creating package script '/home/luis-a/mirobot_ws/install/mirobot_package/share/mirobot_package/package.ps1'
[0.284s] INFO:colcon.colcon_core.shell:Creating package descriptor '/home/luis-a/mirobot_ws/install/mirobot_package/share/mirobot_package/package.dsv'
[0.284s] INFO:colcon.colcon_core.shell:Creating package script '/home/luis-a/mirobot_ws/install/mirobot_package/share/mirobot_package/package.sh'
[0.285s] INFO:colcon.colcon_core.shell:Creating package script '/home/luis-a/mirobot_ws/install/mirobot_package/share/mirobot_package/package.bash'
[0.285s] INFO:colcon.colcon_core.shell:Creating package script '/home/luis-a/mirobot_ws/install/mirobot_package/share/mirobot_package/package.zsh'
[0.285s] Level 1:colcon.colcon_core.environment:create_file_with_runtime_dependencies(/home/luis-a/mirobot_ws/install/mirobot_package/share/colcon-core/packages/mirobot_package)
[0.287s] DEBUG:colcon.colcon_core.event_handler.log_command:Invoking command in '/home/luis-a/mirobot_ws/build/mirobot_moveit_config': CMAKE_PREFIX_PATH=/home/luis-a/mirobot_ws/install/mirobot_urdf_2:/home/luis-a/mirobot_ws/install/mirobot_moveit_config:/home/luis-a/mirobot_ws/install/mirobot_package:/home/luis-a/ros2_ws/install/my_robot_controller:/opt/ros/humble /usr/bin/cmake --build /home/luis-a/mirobot_ws/build/mirobot_moveit_config -- -j32 -l32
[0.300s] Level 1:colcon.colcon_core.environment:create_environment_scripts_only(mirobot_package)
[0.300s] Level 1:colcon.colcon_core.environment:checking '/home/luis-a/mirobot_ws/install/mirobot_package' for CMake module files
[0.300s] Level 1:colcon.colcon_core.environment:checking '/home/luis-a/mirobot_ws/install/mirobot_package' for CMake config files
[0.300s] Level 1:colcon.colcon_core.shell:create_environment_hook('mirobot_package', 'cmake_prefix_path')
[0.300s] INFO:colcon.colcon_core.shell:Creating environment hook '/home/luis-a/mirobot_ws/install/mirobot_package/share/mirobot_package/hook/cmake_prefix_path.ps1'
[0.301s] INFO:colcon.colcon_core.shell:Creating environment descriptor '/home/luis-a/mirobot_ws/install/mirobot_package/share/mirobot_package/hook/cmake_prefix_path.dsv'
[0.301s] INFO:colcon.colcon_core.shell:Creating environment hook '/home/luis-a/mirobot_ws/install/mirobot_package/share/mirobot_package/hook/cmake_prefix_path.sh'
[0.301s] Level 1:colcon.colcon_core.environment:checking '/home/luis-a/mirobot_ws/install/mirobot_package/lib'
[0.301s] Level 1:colcon.colcon_core.environment:checking '/home/luis-a/mirobot_ws/install/mirobot_package/bin'
[0.301s] Level 1:colcon.colcon_core.environment:checking '/home/luis-a/mirobot_ws/install/mirobot_package/lib/pkgconfig/mirobot_package.pc'
[0.301s] Level 1:colcon.colcon_core.environment:checking '/home/luis-a/mirobot_ws/install/mirobot_package/lib/python3.10/site-packages'
[0.302s] Level 1:colcon.colcon_core.environment:checking '/home/luis-a/mirobot_ws/install/mirobot_package/bin'
[0.302s] INFO:colcon.colcon_core.shell:Creating package script '/home/luis-a/mirobot_ws/install/mirobot_package/share/mirobot_package/package.ps1'
[0.302s] INFO:colcon.colcon_core.shell:Creating package descriptor '/home/luis-a/mirobot_ws/install/mirobot_package/share/mirobot_package/package.dsv'
[0.302s] INFO:colcon.colcon_core.shell:Creating package script '/home/luis-a/mirobot_ws/install/mirobot_package/share/mirobot_package/package.sh'
[0.302s] INFO:colcon.colcon_core.shell:Creating package script '/home/luis-a/mirobot_ws/install/mirobot_package/share/mirobot_package/package.bash'
[0.303s] INFO:colcon.colcon_core.shell:Creating package script '/home/luis-a/mirobot_ws/install/mirobot_package/share/mirobot_package/package.zsh'
[0.303s] Level 1:colcon.colcon_core.environment:create_file_with_runtime_dependencies(/home/luis-a/mirobot_ws/install/mirobot_package/share/colcon-core/packages/mirobot_package)
[0.312s] DEBUG:colcon.colcon_core.event_handler.log_command:Invoked command in '/home/luis-a/mirobot_ws/build/mirobot_moveit_config' returned '0': CMAKE_PREFIX_PATH=/home/luis-a/mirobot_ws/install/mirobot_urdf_2:/home/luis-a/mirobot_ws/install/mirobot_moveit_config:/home/luis-a/mirobot_ws/install/mirobot_package:/home/luis-a/ros2_ws/install/my_robot_controller:/opt/ros/humble /usr/bin/cmake --build /home/luis-a/mirobot_ws/build/mirobot_moveit_config -- -j32 -l32
[0.325s] DEBUG:colcon.colcon_core.event_handler.log_command:Invoking command in '/home/luis-a/mirobot_ws/build/mirobot_moveit_config': CMAKE_PREFIX_PATH=/home/luis-a/mirobot_ws/install/mirobot_urdf_2:/home/luis-a/mirobot_ws/install/mirobot_moveit_config:/home/luis-a/mirobot_ws/install/mirobot_package:/home/luis-a/ros2_ws/install/my_robot_controller:/opt/ros/humble /usr/bin/cmake --install /home/luis-a/mirobot_ws/build/mirobot_moveit_config
[0.331s] Level 1:colcon.colcon_core.environment:create_environment_scripts_only(mirobot_moveit_config)
[0.331s] Level 1:colcon.colcon_core.environment:checking '/home/luis-a/mirobot_ws/install/mirobot_moveit_config' for CMake module files
[0.331s] DEBUG:colcon.colcon_core.event_handler.log_command:Invoked command in '/home/luis-a/mirobot_ws/build/mirobot_moveit_config' returned '0': CMAKE_PREFIX_PATH=/home/luis-a/mirobot_ws/install/mirobot_urdf_2:/home/luis-a/mirobot_ws/install/mirobot_moveit_config:/home/luis-a/mirobot_ws/install/mirobot_package:/home/luis-a/ros2_ws/install/my_robot_controller:/opt/ros/humble /usr/bin/cmake --install /home/luis-a/mirobot_ws/build/mirobot_moveit_config
[0.331s] Level 1:colcon.colcon_core.environment:checking '/home/luis-a/mirobot_ws/install/mirobot_moveit_config' for CMake config files
[0.331s] Level 1:colcon.colcon_core.shell:create_environment_hook('mirobot_moveit_config', 'cmake_prefix_path')
[0.331s] INFO:colcon.colcon_core.shell:Creating environment hook '/home/luis-a/mirobot_ws/install/mirobot_moveit_config/share/mirobot_moveit_config/hook/cmake_prefix_path.ps1'
[0.332s] INFO:colcon.colcon_core.shell:Creating environment descriptor '/home/luis-a/mirobot_ws/install/mirobot_moveit_config/share/mirobot_moveit_config/hook/cmake_prefix_path.dsv'
[0.332s] INFO:colcon.colcon_core.shell:Creating environment hook '/home/luis-a/mirobot_ws/install/mirobot_moveit_config/share/mirobot_moveit_config/hook/cmake_prefix_path.sh'
[0.332s] Level 1:colcon.colcon_core.environment:checking '/home/luis-a/mirobot_ws/install/mirobot_moveit_config/bin'
[0.332s] Level 1:colcon.colcon_core.environment:checking '/home/luis-a/mirobot_ws/install/mirobot_moveit_config/lib/pkgconfig/mirobot_moveit_config.pc'
[0.332s] Level 1:colcon.colcon_core.environment:checking '/home/luis-a/mirobot_ws/install/mirobot_moveit_config/lib/python3.10/site-packages'
[0.332s] Level 1:colcon.colcon_core.environment:checking '/home/luis-a/mirobot_ws/install/mirobot_moveit_config/bin'
[0.333s] INFO:colcon.colcon_core.shell:Creating package script '/home/luis-a/mirobot_ws/install/mirobot_moveit_config/share/mirobot_moveit_config/package.ps1'
[0.333s] INFO:colcon.colcon_core.shell:Creating package descriptor '/home/luis-a/mirobot_ws/install/mirobot_moveit_config/share/mirobot_moveit_config/package.dsv'
[0.333s] INFO:colcon.colcon_core.shell:Creating package script '/home/luis-a/mirobot_ws/install/mirobot_moveit_config/share/mirobot_moveit_config/package.sh'
[0.333s] INFO:colcon.colcon_core.shell:Creating package script '/home/luis-a/mirobot_ws/install/mirobot_moveit_config/share/mirobot_moveit_config/package.bash'
[0.333s] INFO:colcon.colcon_core.shell:Creating package script '/home/luis-a/mirobot_ws/install/mirobot_moveit_config/share/mirobot_moveit_config/package.zsh'
[0.333s] Level 1:colcon.colcon_core.environment:create_file_with_runtime_dependencies(/home/luis-a/mirobot_ws/install/mirobot_moveit_config/share/colcon-core/packages/mirobot_moveit_config)
[0.346s] Level 1:colcon.colcon_core.environment:create_environment_scripts_only(mirobot_moveit_config)
[0.346s] Level 1:colcon.colcon_core.environment:checking '/home/luis-a/mirobot_ws/install/mirobot_moveit_config' for CMake module files
[0.347s] Level 1:colcon.colcon_core.environment:checking '/home/luis-a/mirobot_ws/install/mirobot_moveit_config' for CMake config files
[0.347s] Level 1:colcon.colcon_core.shell:create_environment_hook('mirobot_moveit_config', 'cmake_prefix_path')
[0.347s] INFO:colcon.colcon_core.shell:Creating environment hook '/home/luis-a/mirobot_ws/install/mirobot_moveit_config/share/mirobot_moveit_config/hook/cmake_prefix_path.ps1'
[0.347s] INFO:colcon.colcon_core.shell:Creating environment descriptor '/home/luis-a/mirobot_ws/install/mirobot_moveit_config/share/mirobot_moveit_config/hook/cmake_prefix_path.dsv'
[0.347s] INFO:colcon.colcon_core.shell:Creating environment hook '/home/luis-a/mirobot_ws/install/mirobot_moveit_config/share/mirobot_moveit_config/hook/cmake_prefix_path.sh'
[0.347s] Level 1:colcon.colcon_core.environment:checking '/home/luis-a/mirobot_ws/install/mirobot_moveit_config/bin'
[0.347s] Level 1:colcon.colcon_core.environment:checking '/home/luis-a/mirobot_ws/install/mirobot_moveit_config/lib/pkgconfig/mirobot_moveit_config.pc'
[0.348s] Level 1:colcon.colcon_core.environment:checking '/home/luis-a/mirobot_ws/install/mirobot_moveit_config/lib/python3.10/site-packages'
[0.348s] Level 1:colcon.colcon_core.environment:checking '/home/luis-a/mirobot_ws/install/mirobot_moveit_config/bin'
[0.348s] INFO:colcon.colcon_core.shell:Creating package script '/home/luis-a/mirobot_ws/install/mirobot_moveit_config/share/mirobot_moveit_config/package.ps1'
[0.348s] INFO:colcon.colcon_core.shell:Creating package descriptor '/home/luis-a/mirobot_ws/install/mirobot_moveit_config/share/mirobot_moveit_config/package.dsv'
[0.348s] INFO:colcon.colcon_core.shell:Creating package script '/home/luis-a/mirobot_ws/install/mirobot_moveit_config/share/mirobot_moveit_config/package.sh'
[0.348s] INFO:colcon.colcon_core.shell:Creating package script '/home/luis-a/mirobot_ws/install/mirobot_moveit_config/share/mirobot_moveit_config/package.bash'
[0.349s] INFO:colcon.colcon_core.shell:Creating package script '/home/luis-a/mirobot_ws/install/mirobot_moveit_config/share/mirobot_moveit_config/package.zsh'
[0.349s] Level 1:colcon.colcon_core.environment:create_file_with_runtime_dependencies(/home/luis-a/mirobot_ws/install/mirobot_moveit_config/share/colcon-core/packages/mirobot_moveit_config)
[0.349s] DEBUG:colcon.colcon_parallel_executor.executor.parallel:closing loop
[0.349s] DEBUG:colcon.colcon_parallel_executor.executor.parallel:loop closed
[0.349s] DEBUG:colcon.colcon_parallel_executor.executor.parallel:run_until_complete finished with '0'
[0.349s] DEBUG:colcon.colcon_core.event_reactor:joining thread
[0.352s] INFO:colcon.colcon_core.plugin_system:Skipping extension 'colcon_notification.desktop_notification.terminal_notifier': Not used on non-Darwin systems
[0.352s] INFO:colcon.colcon_core.plugin_system:Skipping extension 'colcon_notification.desktop_notification.win32': Not used on non-Windows systems
[0.352s] INFO:colcon.colcon_notification.desktop_notification:Sending desktop notification using 'notify2'
[0.359s] DEBUG:colcon.colcon_core.event_reactor:joined thread
[0.359s] INFO:colcon.colcon_core.shell:Creating prefix script '/home/luis-a/mirobot_ws/install/local_setup.ps1'
[0.359s] INFO:colcon.colcon_core.shell:Creating prefix util module '/home/luis-a/mirobot_ws/install/_local_setup_util_ps1.py'
[0.360s] INFO:colcon.colcon_core.shell:Creating prefix chain script '/home/luis-a/mirobot_ws/install/setup.ps1'
[0.360s] INFO:colcon.colcon_core.shell:Creating prefix script '/home/luis-a/mirobot_ws/install/local_setup.sh'
[0.360s] INFO:colcon.colcon_core.shell:Creating prefix util module '/home/luis-a/mirobot_ws/install/_local_setup_util_sh.py'
[0.361s] INFO:colcon.colcon_core.shell:Creating prefix chain script '/home/luis-a/mirobot_ws/install/setup.sh'
[0.361s] INFO:colcon.colcon_core.shell:Creating prefix script '/home/luis-a/mirobot_ws/install/local_setup.bash'
[0.362s] INFO:colcon.colcon_core.shell:Creating prefix chain script '/home/luis-a/mirobot_ws/install/setup.bash'
[0.362s] INFO:colcon.colcon_core.shell:Creating prefix script '/home/luis-a/mirobot_ws/install/local_setup.zsh'
[0.362s] INFO:colcon.colcon_core.shell:Creating prefix chain script '/home/luis-a/mirobot_ws/install/setup.zsh'
