[0.012s] Invoking command in '/home/luis-a/mirobot_ws/build/hello_moveit': CMAKE_PREFIX_PATH=${CMAKE_PREFIX_PATH}:/home/luis-a/ros2_ws/install/my_robot_controller:/opt/ros/humble /usr/bin/cmake --build /home/luis-a/mirobot_ws/build/hello_moveit -- -j32 -l32
[0.050s] [100%] Built target hello_moveit
[0.056s] Invoked command in '/home/luis-a/mirobot_ws/build/hello_moveit' returned '0': CMAKE_PREFIX_PATH=${CMAKE_PREFIX_PATH}:/home/luis-a/ros2_ws/install/my_robot_controller:/opt/ros/humble /usr/bin/cmake --build /home/luis-a/mirobot_ws/build/hello_moveit -- -j32 -l32
[0.072s] Invoking command in '/home/luis-a/mirobot_ws/build/hello_moveit': CMAKE_PREFIX_PATH=${CMAKE_PREFIX_PATH}:/home/luis-a/ros2_ws/install/my_robot_controller:/opt/ros/humble /usr/bin/cmake --install /home/luis-a/mirobot_ws/build/hello_moveit
[0.076s] -- Install configuration: ""
[0.076s] -- Up-to-date: /home/luis-a/mirobot_ws/install/hello_moveit/lib/hello_moveit/hello_moveit
[0.076s] -- Up-to-date: /home/luis-a/mirobot_ws/install/hello_moveit/share/ament_index/resource_index/package_run_dependencies/hello_moveit
[0.076s] -- Up-to-date: /home/luis-a/mirobot_ws/install/hello_moveit/share/ament_index/resource_index/parent_prefix_path/hello_moveit
[0.076s] -- Up-to-date: /home/luis-a/mirobot_ws/install/hello_moveit/share/hello_moveit/environment/ament_prefix_path.sh
[0.076s] -- Up-to-date: /home/luis-a/mirobot_ws/install/hello_moveit/share/hello_moveit/environment/ament_prefix_path.dsv
[0.076s] -- Up-to-date: /home/luis-a/mirobot_ws/install/hello_moveit/share/hello_moveit/environment/path.sh
[0.076s] -- Up-to-date: /home/luis-a/mirobot_ws/install/hello_moveit/share/hello_moveit/environment/path.dsv
[0.076s] -- Up-to-date: /home/luis-a/mirobot_ws/install/hello_moveit/share/hello_moveit/local_setup.bash
[0.076s] -- Up-to-date: /home/luis-a/mirobot_ws/install/hello_moveit/share/hello_moveit/local_setup.sh
[0.076s] -- Up-to-date: /home/luis-a/mirobot_ws/install/hello_moveit/share/hello_moveit/local_setup.zsh
[0.076s] -- Up-to-date: /home/luis-a/mirobot_ws/install/hello_moveit/share/hello_moveit/local_setup.dsv
[0.076s] -- Installing: /home/luis-a/mirobot_ws/install/hello_moveit/share/hello_moveit/package.dsv
[0.076s] -- Up-to-date: /home/luis-a/mirobot_ws/install/hello_moveit/share/ament_index/resource_index/packages/hello_moveit
[0.076s] -- Up-to-date: /home/luis-a/mirobot_ws/install/hello_moveit/share/hello_moveit/cmake/hello_moveitConfig.cmake
[0.076s] -- Up-to-date: /home/luis-a/mirobot_ws/install/hello_moveit/share/hello_moveit/cmake/hello_moveitConfig-version.cmake
[0.077s] -- Up-to-date: /home/luis-a/mirobot_ws/install/hello_moveit/share/hello_moveit/package.xml
[0.078s] Invoked command in '/home/luis-a/mirobot_ws/build/hello_moveit' returned '0': CMAKE_PREFIX_PATH=${CMAKE_PREFIX_PATH}:/home/luis-a/ros2_ws/install/my_robot_controller:/opt/ros/humble /usr/bin/cmake --install /home/luis-a/mirobot_ws/build/hello_moveit
