[0.008s] Invoking command in '/home/luis-a/mirobot_ws/build/hello_moveit': CMAKE_PREFIX_PATH=${CMAKE_PREFIX_PATH}:/home/luis-a/ros2_ws/install/my_robot_controller:/opt/ros/humble /usr/bin/cmake --build /home/luis-a/mirobot_ws/build/hello_moveit -- -j32 -l32
[0.025s] -- Found ament_cmake: 1.3.10 (/opt/ros/humble/share/ament_cmake/cmake)
[0.092s] -- Found moveit_ros_planning_interface: 2.5.5 (/opt/ros/humble/share/moveit_ros_planning_interface/cmake)
[0.098s] -- Found Boost: /usr/lib/x86_64-linux-gnu/cmake/Boost-1.74.0/BoostConfig.cmake (found version "1.74.0") found components: date_time filesystem program_options system thread 
[0.112s] -- Found rosidl_generator_c: 3.1.5 (/opt/ros/humble/share/rosidl_generator_c/cmake)
[0.114s] -- Found rosidl_adapter: 3.1.5 (/opt/ros/humble/share/rosidl_adapter/cmake)
[0.116s] -- Found rosidl_generator_cpp: 3.1.5 (/opt/ros/humble/share/rosidl_generator_cpp/cmake)
[0.121s] -- Using all available rosidl_typesupport_c: rosidl_typesupport_fastrtps_c;rosidl_typesupport_introspection_c
[0.127s] -- Using all available rosidl_typesupport_cpp: rosidl_typesupport_fastrtps_cpp;rosidl_typesupport_introspection_cpp
[0.220s] -- Found Boost: /usr/lib/x86_64-linux-gnu/cmake/Boost-1.74.0/BoostConfig.cmake (found version "1.74.0") found components: chrono date_time filesystem iostreams program_options regex serialization system thread 
[0.224s] -- Found parameter_traits: 0.3.9 (/opt/ros/humble/share/parameter_traits/cmake)
[0.238s] -- Found rmw_implementation_cmake: 6.1.2 (/opt/ros/humble/share/rmw_implementation_cmake/cmake)
[0.238s] -- Found rmw_fastrtps_cpp: 6.2.7 (/opt/ros/humble/share/rmw_fastrtps_cpp/cmake)
[0.295s] -- Using RMW implementation 'rmw_fastrtps_cpp' as default
[0.316s] -- Found rclcpp_lifecycle: 16.0.10 (/opt/ros/humble/share/rclcpp_lifecycle/cmake)
[0.327s] -- Found Boost: /usr/lib/x86_64-linux-gnu/cmake/Boost-1.74.0/BoostConfig.cmake (found version "1.74.0") found components: filesystem 
[0.348s] -- library: /usr/lib/x86_64-linux-gnu/libcurl.so
[0.362s] -- Ensuring Eigen3 include directory is part of orocos-kdl CMake target
[0.422s] -- Found Boost: /usr/lib/x86_64-linux-gnu/cmake/Boost-1.74.0/BoostConfig.cmake (found version "1.74.0") found components: system filesystem date_time program_options thread chrono 
[0.437s] -- Found Boost: /usr/lib/x86_64-linux-gnu/cmake/Boost-1.74.0/BoostConfig.cmake (found version "1.74.0") found components: thread system filesystem regex date_time program_options 
[0.447s] -- Found Boost: /usr/lib/x86_64-linux-gnu/cmake/Boost-1.74.0/BoostConfig.cmake (found version "1.74.0") found components: system filesystem date_time program_options thread 
[0.462s] -- Found ament_lint_auto: 0.12.11 (/opt/ros/humble/share/ament_lint_auto/cmake)
[0.499s] -- Added test 'cppcheck' to perform static code analysis on C / C++ code
[0.499s] -- Configured cppcheck include dirs: $<BUILD_INTERFACE:/home/luis-a/mirobot_ws/src/hello_moveit/include>
[0.499s] -- Configured cppcheck exclude dirs and/or files: 
[0.499s] -- Added test 'lint_cmake' to check CMake code style
[0.500s] -- Added test 'uncrustify' to check C / C++ code style
[0.500s] -- Configured uncrustify additional arguments: 
[0.500s] -- Added test 'xmllint' to check XML markup files
[0.500s] -- Configuring done
[0.515s] -- Generating done
[0.516s] -- Build files have been written to: /home/luis-a/mirobot_ws/build/hello_moveit
[0.538s] [35m[1mConsolidate compiler generated dependencies of target hello_moveit[0m
[0.552s] [ 50%] [32mBuilding CXX object CMakeFiles/hello_moveit.dir/src/hello_moveit.cpp.o[0m
[5.411s] [100%] [32m[1mLinking CXX executable hello_moveit[0m
[5.551s] [100%] Built target hello_moveit
[5.558s] Invoked command in '/home/luis-a/mirobot_ws/build/hello_moveit' returned '0': CMAKE_PREFIX_PATH=${CMAKE_PREFIX_PATH}:/home/luis-a/ros2_ws/install/my_robot_controller:/opt/ros/humble /usr/bin/cmake --build /home/luis-a/mirobot_ws/build/hello_moveit -- -j32 -l32
[5.573s] Invoking command in '/home/luis-a/mirobot_ws/build/hello_moveit': CMAKE_PREFIX_PATH=${CMAKE_PREFIX_PATH}:/home/luis-a/ros2_ws/install/my_robot_controller:/opt/ros/humble /usr/bin/cmake --install /home/luis-a/mirobot_ws/build/hello_moveit
[5.576s] -- Install configuration: ""
[5.576s] -- Installing: /home/luis-a/mirobot_ws/install/hello_moveit/lib/hello_moveit/hello_moveit
[5.577s] -- Set runtime path of "/home/luis-a/mirobot_ws/install/hello_moveit/lib/hello_moveit/hello_moveit" to ""
[5.577s] -- Up-to-date: /home/luis-a/mirobot_ws/install/hello_moveit/share/ament_index/resource_index/package_run_dependencies/hello_moveit
[5.577s] -- Up-to-date: /home/luis-a/mirobot_ws/install/hello_moveit/share/ament_index/resource_index/parent_prefix_path/hello_moveit
[5.577s] -- Up-to-date: /home/luis-a/mirobot_ws/install/hello_moveit/share/hello_moveit/environment/ament_prefix_path.sh
[5.577s] -- Installing: /home/luis-a/mirobot_ws/install/hello_moveit/share/hello_moveit/environment/ament_prefix_path.dsv
[5.577s] -- Up-to-date: /home/luis-a/mirobot_ws/install/hello_moveit/share/hello_moveit/environment/path.sh
[5.577s] -- Installing: /home/luis-a/mirobot_ws/install/hello_moveit/share/hello_moveit/environment/path.dsv
[5.577s] -- Up-to-date: /home/luis-a/mirobot_ws/install/hello_moveit/share/hello_moveit/local_setup.bash
[5.577s] -- Up-to-date: /home/luis-a/mirobot_ws/install/hello_moveit/share/hello_moveit/local_setup.sh
[5.577s] -- Up-to-date: /home/luis-a/mirobot_ws/install/hello_moveit/share/hello_moveit/local_setup.zsh
[5.577s] -- Installing: /home/luis-a/mirobot_ws/install/hello_moveit/share/hello_moveit/local_setup.dsv
[5.577s] -- Installing: /home/luis-a/mirobot_ws/install/hello_moveit/share/hello_moveit/package.dsv
[5.577s] -- Up-to-date: /home/luis-a/mirobot_ws/install/hello_moveit/share/ament_index/resource_index/packages/hello_moveit
[5.577s] -- Up-to-date: /home/luis-a/mirobot_ws/install/hello_moveit/share/hello_moveit/cmake/hello_moveitConfig.cmake
[5.577s] -- Up-to-date: /home/luis-a/mirobot_ws/install/hello_moveit/share/hello_moveit/cmake/hello_moveitConfig-version.cmake
[5.577s] -- Installing: /home/luis-a/mirobot_ws/install/hello_moveit/share/hello_moveit/package.xml
[5.579s] Invoked command in '/home/luis-a/mirobot_ws/build/hello_moveit' returned '0': CMAKE_PREFIX_PATH=${CMAKE_PREFIX_PATH}:/home/luis-a/ros2_ws/install/my_robot_controller:/opt/ros/humble /usr/bin/cmake --install /home/luis-a/mirobot_ws/build/hello_moveit
