[0.008s] Invoking command in '/home/luis-a/mirobot_ws/build/mirobot_description': CMAKE_PREFIX_PATH=/home/luis-a/ros2_ws/install/my_robot_controller:/opt/ros/humble /usr/bin/cmake /home/luis-a/mirobot_ws/src/mirobot_description -DCMAKE_INSTALL_PREFIX=/home/luis-a/mirobot_ws/install/mirobot_description
[0.040s] -- The C compiler identification is GNU 11.4.0
[0.071s] -- The CXX compiler identification is GNU 11.4.0
[0.076s] -- Detecting C compiler ABI info
[0.115s] -- Detecting C compiler ABI info - done
[0.118s] -- Check for working C compiler: /usr/bin/cc - skipped
[0.118s] -- Detecting C compile features
[0.118s] -- Detecting C compile features - done
[0.120s] -- Detecting CXX compiler ABI info
[0.166s] -- Detecting CXX compiler ABI info - done
[0.169s] -- Check for working CXX compiler: /usr/bin/c++ - skipped
[0.170s] -- Detecting CXX compile features
[0.170s] -- Detecting CXX compile features - done
[0.171s] -- Found ament_cmake: 1.3.10 (/opt/ros/humble/share/ament_cmake/cmake)
[0.249s] -- Found Python3: /usr/bin/python3 (found version "3.10.12") found components: Interpreter 
[0.294s] -- Found ament_lint_auto: 0.12.11 (/opt/ros/humble/share/ament_lint_auto/cmake)
[0.337s] -- Added test 'lint_cmake' to check CMake code style
[0.338s] -- Added test 'xmllint' to check XML markup files
[0.339s] -- Configuring done
[0.341s] -- Generating done
[0.342s] -- Build files have been written to: /home/luis-a/mirobot_ws/build/mirobot_description
[0.345s] Invoked command in '/home/luis-a/mirobot_ws/build/mirobot_description' returned '0': CMAKE_PREFIX_PATH=/home/luis-a/ros2_ws/install/my_robot_controller:/opt/ros/humble /usr/bin/cmake /home/luis-a/mirobot_ws/src/mirobot_description -DCMAKE_INSTALL_PREFIX=/home/luis-a/mirobot_ws/install/mirobot_description
[0.346s] Invoking command in '/home/luis-a/mirobot_ws/build/mirobot_description': CMAKE_PREFIX_PATH=/home/luis-a/ros2_ws/install/my_robot_controller:/opt/ros/humble /usr/bin/cmake --build /home/luis-a/mirobot_ws/build/mirobot_description -- -j32 -l32
[0.370s] Invoked command in '/home/luis-a/mirobot_ws/build/mirobot_description' returned '0': CMAKE_PREFIX_PATH=/home/luis-a/ros2_ws/install/my_robot_controller:/opt/ros/humble /usr/bin/cmake --build /home/luis-a/mirobot_ws/build/mirobot_description -- -j32 -l32
[0.384s] Invoking command in '/home/luis-a/mirobot_ws/build/mirobot_description': CMAKE_PREFIX_PATH=/home/luis-a/ros2_ws/install/my_robot_controller:/opt/ros/humble /usr/bin/cmake --install /home/luis-a/mirobot_ws/build/mirobot_description
[0.388s] -- Install configuration: ""
[0.388s] -- Installing: /home/luis-a/mirobot_ws/install/mirobot_description/share/ament_index/resource_index/package_run_dependencies/mirobot_description
[0.388s] -- Installing: /home/luis-a/mirobot_ws/install/mirobot_description/share/ament_index/resource_index/parent_prefix_path/mirobot_description
[0.388s] -- Installing: /home/luis-a/mirobot_ws/install/mirobot_description/share/mirobot_description/environment/ament_prefix_path.sh
[0.388s] -- Installing: /home/luis-a/mirobot_ws/install/mirobot_description/share/mirobot_description/environment/ament_prefix_path.dsv
[0.388s] -- Installing: /home/luis-a/mirobot_ws/install/mirobot_description/share/mirobot_description/environment/path.sh
[0.389s] -- Installing: /home/luis-a/mirobot_ws/install/mirobot_description/share/mirobot_description/environment/path.dsv
[0.389s] -- Installing: /home/luis-a/mirobot_ws/install/mirobot_description/share/mirobot_description/local_setup.bash
[0.389s] -- Installing: /home/luis-a/mirobot_ws/install/mirobot_description/share/mirobot_description/local_setup.sh
[0.389s] -- Installing: /home/luis-a/mirobot_ws/install/mirobot_description/share/mirobot_description/local_setup.zsh
[0.389s] -- Installing: /home/luis-a/mirobot_ws/install/mirobot_description/share/mirobot_description/local_setup.dsv
[0.389s] -- Installing: /home/luis-a/mirobot_ws/install/mirobot_description/share/mirobot_description/package.dsv
[0.389s] -- Installing: /home/luis-a/mirobot_ws/install/mirobot_description/share/ament_index/resource_index/packages/mirobot_description
[0.389s] -- Installing: /home/luis-a/mirobot_ws/install/mirobot_description/share/mirobot_description/cmake/mirobot_descriptionConfig.cmake
[0.389s] -- Installing: /home/luis-a/mirobot_ws/install/mirobot_description/share/mirobot_description/cmake/mirobot_descriptionConfig-version.cmake
[0.389s] -- Installing: /home/luis-a/mirobot_ws/install/mirobot_description/share/mirobot_description/package.xml
[0.391s] Invoked command in '/home/luis-a/mirobot_ws/build/mirobot_description' returned '0': CMAKE_PREFIX_PATH=/home/luis-a/ros2_ws/install/my_robot_controller:/opt/ros/humble /usr/bin/cmake --install /home/luis-a/mirobot_ws/build/mirobot_description
