[0.008s] Invoking command in '/home/luis-a/mirobot_ws/build/move_program': CMAKE_PREFIX_PATH=/opt/ros/humble:${CMAKE_PREFIX_PATH} /usr/bin/cmake --build /home/luis-a/mirobot_ws/build/move_program -- -j32 -l32
[0.034s] [35m[1mConsolidate compiler generated dependencies of target move_program[0m
[0.047s] [ 50%] [32mBuilding CXX object CMakeFiles/move_program.dir/src/move_program.cpp.o[0m
[2.286s] [01m[K/home/luis-a/mirobot_ws/src/move_program/src/move_program.cpp:[m[K In function ‘[01m[Kint main(int, char**)[m[K’:
[2.286s] [01m[K/home/luis-a/mirobot_ws/src/move_program/src/move_program.cpp:31:35:[m[K [01;35m[Kwarning: [m[Kunused variable ‘[01m[Kjoint_names[m[K’ [[01;35m[K]8;;https://gcc.gnu.org/onlinedocs/gcc/Warning-Options.html#index-Wunused-variable-Wunused-variable]8;;[m[K]
[2.286s]    31 |   const std::vector<std::string>& [01;35m[Kjoint_names[m[K = joint_model_group->getVariableNames();
[2.286s]       |                                   [01;35m[K^~~~~~~~~~~[m[K
[3.259s] [100%] [32m[1mLinking CXX executable move_program[0m
[3.386s] [100%] Built target move_program
[3.393s] Invoked command in '/home/luis-a/mirobot_ws/build/move_program' returned '0': CMAKE_PREFIX_PATH=/opt/ros/humble:${CMAKE_PREFIX_PATH} /usr/bin/cmake --build /home/luis-a/mirobot_ws/build/move_program -- -j32 -l32
[3.409s] Invoking command in '/home/luis-a/mirobot_ws/build/move_program': CMAKE_PREFIX_PATH=/opt/ros/humble:${CMAKE_PREFIX_PATH} /usr/bin/cmake --install /home/luis-a/mirobot_ws/build/move_program
[3.413s] -- Install configuration: ""
[3.413s] -- Installing: /home/luis-a/mirobot_ws/install/move_program/lib/move_program/move_program
[3.414s] -- Set runtime path of "/home/luis-a/mirobot_ws/install/move_program/lib/move_program/move_program" to ""
[3.414s] -- Up-to-date: /home/luis-a/mirobot_ws/install/move_program/share/ament_index/resource_index/package_run_dependencies/move_program
[3.414s] -- Up-to-date: /home/luis-a/mirobot_ws/install/move_program/share/ament_index/resource_index/parent_prefix_path/move_program
[3.414s] -- Up-to-date: /home/luis-a/mirobot_ws/install/move_program/share/move_program/environment/ament_prefix_path.sh
[3.414s] -- Up-to-date: /home/luis-a/mirobot_ws/install/move_program/share/move_program/environment/ament_prefix_path.dsv
[3.414s] -- Up-to-date: /home/luis-a/mirobot_ws/install/move_program/share/move_program/environment/path.sh
[3.414s] -- Up-to-date: /home/luis-a/mirobot_ws/install/move_program/share/move_program/environment/path.dsv
[3.414s] -- Up-to-date: /home/luis-a/mirobot_ws/install/move_program/share/move_program/local_setup.bash
[3.414s] -- Up-to-date: /home/luis-a/mirobot_ws/install/move_program/share/move_program/local_setup.sh
[3.414s] -- Up-to-date: /home/luis-a/mirobot_ws/install/move_program/share/move_program/local_setup.zsh
[3.414s] -- Up-to-date: /home/luis-a/mirobot_ws/install/move_program/share/move_program/local_setup.dsv
[3.414s] -- Installing: /home/luis-a/mirobot_ws/install/move_program/share/move_program/package.dsv
[3.414s] -- Up-to-date: /home/luis-a/mirobot_ws/install/move_program/share/ament_index/resource_index/packages/move_program
[3.414s] -- Up-to-date: /home/luis-a/mirobot_ws/install/move_program/share/move_program/cmake/move_programConfig.cmake
[3.414s] -- Up-to-date: /home/luis-a/mirobot_ws/install/move_program/share/move_program/cmake/move_programConfig-version.cmake
[3.414s] -- Up-to-date: /home/luis-a/mirobot_ws/install/move_program/share/move_program/package.xml
[3.415s] Invoked command in '/home/luis-a/mirobot_ws/build/move_program' returned '0': CMAKE_PREFIX_PATH=/opt/ros/humble:${CMAKE_PREFIX_PATH} /usr/bin/cmake --install /home/luis-a/mirobot_ws/build/move_program
