[ 50%] [32mBuilding CXX object CMakeFiles/mirobot_node.dir/src/mirobot_node.cpp.o[0m
[100%] [32m[1mLinking CXX executable mirobot_node[0m
[100%] Built target mirobot_node
-- Install configuration: ""
-- Installing: /home/luis-a/mirobot_ws/install/mirobot_package/lib/mirobot_package/mirobot_node
-- Set runtime path of "/home/luis-a/mirobot_ws/install/mirobot_package/lib/mirobot_package/mirobot_node" to ""
-- Up-to-date: /home/luis-a/mirobot_ws/install/mirobot_package/share/ament_index/resource_index/package_run_dependencies/mirobot_package
-- Up-to-date: /home/luis-a/mirobot_ws/install/mirobot_package/share/ament_index/resource_index/parent_prefix_path/mirobot_package
-- Up-to-date: /home/luis-a/mirobot_ws/install/mirobot_package/share/mirobot_package/environment/ament_prefix_path.sh
-- Up-to-date: /home/luis-a/mirobot_ws/install/mirobot_package/share/mirobot_package/environment/ament_prefix_path.dsv
-- Up-to-date: /home/luis-a/mirobot_ws/install/mirobot_package/share/mirobot_package/environment/path.sh
-- Up-to-date: /home/luis-a/mirobot_ws/install/mirobot_package/share/mirobot_package/environment/path.dsv
-- Up-to-date: /home/luis-a/mirobot_ws/install/mirobot_package/share/mirobot_package/local_setup.bash
-- Up-to-date: /home/luis-a/mirobot_ws/install/mirobot_package/share/mirobot_package/local_setup.sh
-- Up-to-date: /home/luis-a/mirobot_ws/install/mirobot_package/share/mirobot_package/local_setup.zsh
-- Up-to-date: /home/luis-a/mirobot_ws/install/mirobot_package/share/mirobot_package/local_setup.dsv
-- Up-to-date: /home/luis-a/mirobot_ws/install/mirobot_package/share/mirobot_package/package.dsv
-- Up-to-date: /home/luis-a/mirobot_ws/install/mirobot_package/share/ament_index/resource_index/packages/mirobot_package
-- Up-to-date: /home/luis-a/mirobot_ws/install/mirobot_package/share/mirobot_package/cmake/mirobot_packageConfig.cmake
-- Up-to-date: /home/luis-a/mirobot_ws/install/mirobot_package/share/mirobot_package/cmake/mirobot_packageConfig-version.cmake
-- Up-to-date: /home/luis-a/mirobot_ws/install/mirobot_package/share/mirobot_package/package.xml
