[0.009s] Invoking command in '/home/luis-a/mirobot_ws/build/mirobot_urdf_2': CMAKE_PREFIX_PATH=${CMAKE_PREFIX_PATH}:/home/luis-a/ros2_ws/install/my_robot_controller:/opt/ros/humble /usr/bin/cmake --build /home/luis-a/mirobot_ws/build/mirobot_urdf_2 -- -j32 -l32
[0.022s] -- Found ament_cmake: 1.3.10 (/opt/ros/humble/share/ament_cmake/cmake)
[0.090s] -- Found xacro: 2.0.8 (/opt/ros/humble/share/xacro/cmake)
[0.090s] -- Found ament_lint_auto: 0.12.11 (/opt/ros/humble/share/ament_lint_auto/cmake)
[0.124s] -- Added test 'copyright' to check source files copyright and LICENSE
[0.125s] -- Added test 'flake8' to check Python code syntax and style conventions
[0.126s] -- Added test 'lint_cmake' to check CMake code style
[0.126s] -- Added test 'pep257' to check Python code against some of the docstring style conventions in PEP 257
[0.127s] -- Added test 'xmllint' to check XML markup files
[0.127s] -- Configuring done
[0.129s] -- Generating done
[0.129s] -- Build files have been written to: /home/luis-a/mirobot_ws/build/mirobot_urdf_2
[0.142s] Invoked command in '/home/luis-a/mirobot_ws/build/mirobot_urdf_2' returned '0': CMAKE_PREFIX_PATH=${CMAKE_PREFIX_PATH}:/home/luis-a/ros2_ws/install/my_robot_controller:/opt/ros/humble /usr/bin/cmake --build /home/luis-a/mirobot_ws/build/mirobot_urdf_2 -- -j32 -l32
[0.155s] Invoking command in '/home/luis-a/mirobot_ws/build/mirobot_urdf_2': CMAKE_PREFIX_PATH=${CMAKE_PREFIX_PATH}:/home/luis-a/ros2_ws/install/my_robot_controller:/opt/ros/humble /usr/bin/cmake --install /home/luis-a/mirobot_ws/build/mirobot_urdf_2
[0.159s] -- Install configuration: ""
[0.159s] -- Installing: /home/luis-a/mirobot_ws/install/mirobot_urdf_2/share/mirobot_urdf_2//launch
[0.160s] -- Installing: /home/luis-a/mirobot_ws/install/mirobot_urdf_2/share/mirobot_urdf_2//launch/view_mirobot.launch.py
[0.160s] -- Installing: /home/luis-a/mirobot_ws/install/mirobot_urdf_2/share/mirobot_urdf_2//launch/.vscode
[0.160s] -- Installing: /home/luis-a/mirobot_ws/install/mirobot_urdf_2/share/mirobot_urdf_2//launch/.vscode/c_cpp_properties.json
[0.160s] -- Installing: /home/luis-a/mirobot_ws/install/mirobot_urdf_2/share/mirobot_urdf_2//launch/.vscode/settings.json
[0.160s] -- Installing: /home/luis-a/mirobot_ws/install/mirobot_urdf_2/share/mirobot_urdf_2//urdf
[0.160s] -- Installing: /home/luis-a/mirobot_ws/install/mirobot_urdf_2/share/mirobot_urdf_2//urdf/mirobot_urdf_2.xacro
[0.160s] -- Installing: /home/luis-a/mirobot_ws/install/mirobot_urdf_2/share/mirobot_urdf_2//urdf/mirobot_urdf_2.urdf
[0.160s] -- Installing: /home/luis-a/mirobot_ws/install/mirobot_urdf_2/share/mirobot_urdf_2//urdf/mirobot_urdf_2.csv
[0.160s] -- Installing: /home/luis-a/mirobot_ws/install/mirobot_urdf_2/share/mirobot_urdf_2//config
[0.160s] -- Installing: /home/luis-a/mirobot_ws/install/mirobot_urdf_2/share/mirobot_urdf_2//config/mirobot_rviz.rviz
[0.160s] -- Up-to-date: /home/luis-a/mirobot_ws/install/mirobot_urdf_2/share/ament_index/resource_index/package_run_dependencies/mirobot_urdf_2
[0.160s] -- Installing: /home/luis-a/mirobot_ws/install/mirobot_urdf_2/share/ament_index/resource_index/parent_prefix_path/mirobot_urdf_2
[0.160s] -- Up-to-date: /home/luis-a/mirobot_ws/install/mirobot_urdf_2/share/mirobot_urdf_2/environment/ament_prefix_path.sh
[0.160s] -- Installing: /home/luis-a/mirobot_ws/install/mirobot_urdf_2/share/mirobot_urdf_2/environment/ament_prefix_path.dsv
[0.160s] -- Up-to-date: /home/luis-a/mirobot_ws/install/mirobot_urdf_2/share/mirobot_urdf_2/environment/path.sh
[0.160s] -- Installing: /home/luis-a/mirobot_ws/install/mirobot_urdf_2/share/mirobot_urdf_2/environment/path.dsv
[0.160s] -- Up-to-date: /home/luis-a/mirobot_ws/install/mirobot_urdf_2/share/mirobot_urdf_2/local_setup.bash
[0.161s] -- Up-to-date: /home/luis-a/mirobot_ws/install/mirobot_urdf_2/share/mirobot_urdf_2/local_setup.sh
[0.161s] -- Up-to-date: /home/luis-a/mirobot_ws/install/mirobot_urdf_2/share/mirobot_urdf_2/local_setup.zsh
[0.161s] -- Installing: /home/luis-a/mirobot_ws/install/mirobot_urdf_2/share/mirobot_urdf_2/local_setup.dsv
[0.161s] -- Installing: /home/luis-a/mirobot_ws/install/mirobot_urdf_2/share/mirobot_urdf_2/package.dsv
[0.161s] -- Up-to-date: /home/luis-a/mirobot_ws/install/mirobot_urdf_2/share/ament_index/resource_index/packages/mirobot_urdf_2
[0.161s] -- Up-to-date: /home/luis-a/mirobot_ws/install/mirobot_urdf_2/share/mirobot_urdf_2/cmake/mirobot_urdf_2Config.cmake
[0.161s] -- Up-to-date: /home/luis-a/mirobot_ws/install/mirobot_urdf_2/share/mirobot_urdf_2/cmake/mirobot_urdf_2Config-version.cmake
[0.161s] -- Up-to-date: /home/luis-a/mirobot_ws/install/mirobot_urdf_2/share/mirobot_urdf_2/package.xml
[0.162s] Invoked command in '/home/luis-a/mirobot_ws/build/mirobot_urdf_2' returned '0': CMAKE_PREFIX_PATH=${CMAKE_PREFIX_PATH}:/home/luis-a/ros2_ws/install/my_robot_controller:/opt/ros/humble /usr/bin/cmake --install /home/luis-a/mirobot_ws/build/mirobot_urdf_2
