[0.059s] DEBUG:colcon:Command line arguments: ['/usr/bin/colcon', 'build']
[0.059s] DEBUG:colcon:Parsed command line arguments: Namespace(log_base=None, log_level=None, verb_name='build', build_base='build', install_base='install', merge_install=False, symlink_install=False, test_result_base=None, continue_on_error=False, executor='parallel', parallel_workers=32, event_handlers=None, ignore_user_meta=False, metas=['./colcon.meta'], base_paths=['.'], packages_ignore=None, packages_ignore_regex=None, paths=None, packages_up_to=None, packages_up_to_regex=None, packages_above=None, packages_above_and_dependencies=None, packages_above_depth=None, packages_select_by_dep=None, packages_skip_by_dep=None, packages_skip_up_to=None, packages_select_build_failed=False, packages_skip_build_finished=False, packages_select_test_failures=False, packages_skip_test_passed=False, packages_select=None, packages_skip=None, packages_select_regex=None, packages_skip_regex=None, packages_start=None, packages_end=None, allow_overriding=[], cmake_args=None, cmake_target=None, cmake_target_skip_unavailable=False, cmake_clean_cache=False, cmake_clean_first=False, cmake_force_configure=False, ament_cmake_args=None, catkin_cmake_args=None, catkin_skip_building_tests=False, mixin_files=None, mixin=None, verb_parser=<colcon_mixin.mixin.mixin_argument.MixinArgumentDecorator object at 0x7005b7f33250>, verb_extension=<colcon_core.verb.build.BuildVerb object at 0x7005b7f32da0>, main=<bound method BuildVerb.main of <colcon_core.verb.build.BuildVerb object at 0x7005b7f32da0>>, mixin_verb=('build',))
[0.140s] Level 1:colcon.colcon_core.package_discovery:discover_packages(colcon_meta) check parameters
[0.140s] Level 1:colcon.colcon_core.package_discovery:discover_packages(recursive) check parameters
[0.140s] Level 1:colcon.colcon_core.package_discovery:discover_packages(ignore) check parameters
[0.140s] Level 1:colcon.colcon_core.package_discovery:discover_packages(path) check parameters
[0.140s] Level 1:colcon.colcon_core.package_discovery:discover_packages(colcon_meta) discover
[0.140s] Level 1:colcon.colcon_core.package_discovery:discover_packages(recursive) discover
[0.140s] INFO:colcon.colcon_core.package_discovery:Crawling recursively for packages in '/home/luis-a/mirobot_ws'
[0.140s] Level 1:colcon.colcon_core.package_identification:_identify(.) by extensions ['ignore', 'ignore_ament_install']
[0.140s] Level 1:colcon.colcon_core.package_identification:_identify(.) by extension 'ignore'
[0.140s] Level 1:colcon.colcon_core.package_identification:_identify(.) by extension 'ignore_ament_install'
[0.140s] Level 1:colcon.colcon_core.package_identification:_identify(.) by extensions ['colcon_pkg']
[0.140s] Level 1:colcon.colcon_core.package_identification:_identify(.) by extension 'colcon_pkg'
[0.140s] Level 1:colcon.colcon_core.package_identification:_identify(.) by extensions ['colcon_meta']
[0.140s] Level 1:colcon.colcon_core.package_identification:_identify(.) by extension 'colcon_meta'
[0.140s] Level 1:colcon.colcon_core.package_identification:_identify(.) by extensions ['ros']
[0.140s] Level 1:colcon.colcon_core.package_identification:_identify(.) by extension 'ros'
[0.146s] Level 1:colcon.colcon_core.package_identification:_identify(.) by extensions ['cmake', 'python']
[0.146s] Level 1:colcon.colcon_core.package_identification:_identify(.) by extension 'cmake'
[0.146s] Level 1:colcon.colcon_core.package_identification:_identify(.) by extension 'python'
[0.146s] Level 1:colcon.colcon_core.package_identification:_identify(.) by extensions ['python_setup_py']
[0.146s] Level 1:colcon.colcon_core.package_identification:_identify(.) by extension 'python_setup_py'
[0.146s] Level 1:colcon.colcon_core.package_identification:_identify(build) by extensions ['ignore', 'ignore_ament_install']
[0.146s] Level 1:colcon.colcon_core.package_identification:_identify(build) by extension 'ignore'
[0.146s] Level 1:colcon.colcon_core.package_identification:_identify(build) ignored
[0.146s] Level 1:colcon.colcon_core.package_identification:_identify(install) by extensions ['ignore', 'ignore_ament_install']
[0.146s] Level 1:colcon.colcon_core.package_identification:_identify(install) by extension 'ignore'
[0.146s] Level 1:colcon.colcon_core.package_identification:_identify(install) ignored
[0.147s] Level 1:colcon.colcon_core.package_identification:_identify(log) by extensions ['ignore', 'ignore_ament_install']
[0.147s] Level 1:colcon.colcon_core.package_identification:_identify(log) by extension 'ignore'
[0.147s] Level 1:colcon.colcon_core.package_identification:_identify(log) ignored
[0.147s] Level 1:colcon.colcon_core.package_identification:_identify(src) by extensions ['ignore', 'ignore_ament_install']
[0.147s] Level 1:colcon.colcon_core.package_identification:_identify(src) by extension 'ignore'
[0.147s] Level 1:colcon.colcon_core.package_identification:_identify(src) by extension 'ignore_ament_install'
[0.147s] Level 1:colcon.colcon_core.package_identification:_identify(src) by extensions ['colcon_pkg']
[0.147s] Level 1:colcon.colcon_core.package_identification:_identify(src) by extension 'colcon_pkg'
[0.147s] Level 1:colcon.colcon_core.package_identification:_identify(src) by extensions ['colcon_meta']
[0.147s] Level 1:colcon.colcon_core.package_identification:_identify(src) by extension 'colcon_meta'
[0.147s] Level 1:colcon.colcon_core.package_identification:_identify(src) by extensions ['ros']
[0.147s] Level 1:colcon.colcon_core.package_identification:_identify(src) by extension 'ros'
[0.147s] Level 1:colcon.colcon_core.package_identification:_identify(src) by extensions ['cmake', 'python']
[0.147s] Level 1:colcon.colcon_core.package_identification:_identify(src) by extension 'cmake'
[0.147s] Level 1:colcon.colcon_core.package_identification:_identify(src) by extension 'python'
[0.147s] Level 1:colcon.colcon_core.package_identification:_identify(src) by extensions ['python_setup_py']
[0.147s] Level 1:colcon.colcon_core.package_identification:_identify(src) by extension 'python_setup_py'
[0.147s] Level 1:colcon.colcon_core.package_identification:_identify(src/mirobot_moveit_config) by extensions ['ignore', 'ignore_ament_install']
[0.147s] Level 1:colcon.colcon_core.package_identification:_identify(src/mirobot_moveit_config) by extension 'ignore'
[0.147s] Level 1:colcon.colcon_core.package_identification:_identify(src/mirobot_moveit_config) by extension 'ignore_ament_install'
[0.147s] Level 1:colcon.colcon_core.package_identification:_identify(src/mirobot_moveit_config) by extensions ['colcon_pkg']
[0.147s] Level 1:colcon.colcon_core.package_identification:_identify(src/mirobot_moveit_config) by extension 'colcon_pkg'
[0.147s] Level 1:colcon.colcon_core.package_identification:_identify(src/mirobot_moveit_config) by extensions ['colcon_meta']
[0.147s] Level 1:colcon.colcon_core.package_identification:_identify(src/mirobot_moveit_config) by extension 'colcon_meta'
[0.147s] Level 1:colcon.colcon_core.package_identification:_identify(src/mirobot_moveit_config) by extensions ['ros']
[0.147s] Level 1:colcon.colcon_core.package_identification:_identify(src/mirobot_moveit_config) by extension 'ros'
[0.148s] DEBUG:colcon.colcon_core.package_identification:Package 'src/mirobot_moveit_config' with type 'ros.ament_cmake' and name 'mirobot_moveit_config'
[0.148s] Level 1:colcon.colcon_core.package_identification:_identify(src/mirobot_package) by extensions ['ignore', 'ignore_ament_install']
[0.149s] Level 1:colcon.colcon_core.package_identification:_identify(src/mirobot_package) by extension 'ignore'
[0.149s] Level 1:colcon.colcon_core.package_identification:_identify(src/mirobot_package) by extension 'ignore_ament_install'
[0.149s] Level 1:colcon.colcon_core.package_identification:_identify(src/mirobot_package) by extensions ['colcon_pkg']
[0.149s] Level 1:colcon.colcon_core.package_identification:_identify(src/mirobot_package) by extension 'colcon_pkg'
[0.149s] Level 1:colcon.colcon_core.package_identification:_identify(src/mirobot_package) by extensions ['colcon_meta']
[0.149s] Level 1:colcon.colcon_core.package_identification:_identify(src/mirobot_package) by extension 'colcon_meta'
[0.149s] Level 1:colcon.colcon_core.package_identification:_identify(src/mirobot_package) by extensions ['ros']
[0.149s] Level 1:colcon.colcon_core.package_identification:_identify(src/mirobot_package) by extension 'ros'
[0.149s] DEBUG:colcon.colcon_core.package_identification:Package 'src/mirobot_package' with type 'ros.ament_cmake' and name 'mirobot_package'
[0.149s] Level 1:colcon.colcon_core.package_identification:_identify(src/mirobot_urdf_2) by extensions ['ignore', 'ignore_ament_install']
[0.149s] Level 1:colcon.colcon_core.package_identification:_identify(src/mirobot_urdf_2) by extension 'ignore'
[0.149s] Level 1:colcon.colcon_core.package_identification:_identify(src/mirobot_urdf_2) by extension 'ignore_ament_install'
[0.149s] Level 1:colcon.colcon_core.package_identification:_identify(src/mirobot_urdf_2) by extensions ['colcon_pkg']
[0.149s] Level 1:colcon.colcon_core.package_identification:_identify(src/mirobot_urdf_2) by extension 'colcon_pkg'
[0.149s] Level 1:colcon.colcon_core.package_identification:_identify(src/mirobot_urdf_2) by extensions ['colcon_meta']
[0.149s] Level 1:colcon.colcon_core.package_identification:_identify(src/mirobot_urdf_2) by extension 'colcon_meta'
[0.149s] Level 1:colcon.colcon_core.package_identification:_identify(src/mirobot_urdf_2) by extensions ['ros']
[0.149s] Level 1:colcon.colcon_core.package_identification:_identify(src/mirobot_urdf_2) by extension 'ros'
[0.149s] DEBUG:colcon.colcon_core.package_identification:Package 'src/mirobot_urdf_2' with type 'ros.ament_cmake' and name 'mirobot_urdf_2'
[0.150s] Level 1:colcon.colcon_core.package_identification:_identify(src/move_program) by extensions ['ignore', 'ignore_ament_install']
[0.150s] Level 1:colcon.colcon_core.package_identification:_identify(src/move_program) by extension 'ignore'
[0.150s] Level 1:colcon.colcon_core.package_identification:_identify(src/move_program) by extension 'ignore_ament_install'
[0.150s] Level 1:colcon.colcon_core.package_identification:_identify(src/move_program) by extensions ['colcon_pkg']
[0.150s] Level 1:colcon.colcon_core.package_identification:_identify(src/move_program) by extension 'colcon_pkg'
[0.150s] Level 1:colcon.colcon_core.package_identification:_identify(src/move_program) by extensions ['colcon_meta']
[0.150s] Level 1:colcon.colcon_core.package_identification:_identify(src/move_program) by extension 'colcon_meta'
[0.150s] Level 1:colcon.colcon_core.package_identification:_identify(src/move_program) by extensions ['ros']
[0.150s] Level 1:colcon.colcon_core.package_identification:_identify(src/move_program) by extension 'ros'
[0.150s] DEBUG:colcon.colcon_core.package_identification:Package 'src/move_program' with type 'ros.ament_cmake' and name 'move_program'
[0.150s] Level 1:colcon.colcon_core.package_discovery:discover_packages(recursive) using defaults
[0.150s] Level 1:colcon.colcon_core.package_discovery:discover_packages(ignore) discover
[0.150s] Level 1:colcon.colcon_core.package_discovery:discover_packages(ignore) using defaults
[0.150s] Level 1:colcon.colcon_core.package_discovery:discover_packages(path) discover
[0.150s] Level 1:colcon.colcon_core.package_discovery:discover_packages(path) using defaults
[0.165s] Level 1:colcon.colcon_core.package_discovery:discover_packages(prefix_path) check parameters
[0.165s] Level 1:colcon.colcon_core.package_discovery:discover_packages(prefix_path) discover
[0.166s] DEBUG:colcon.colcon_installed_package_information.package_discovery:Found 4 installed packages in /home/luis-a/mirobot_ws/install
[0.166s] DEBUG:colcon.colcon_installed_package_information.package_discovery:Found 1 installed packages in /home/luis-a/ros2_ws/install
[0.167s] DEBUG:colcon.colcon_installed_package_information.package_discovery:Found 360 installed packages in /opt/ros/humble
[0.168s] Level 1:colcon.colcon_core.package_discovery:discover_packages(prefix_path) using defaults
[0.191s] Level 5:colcon.colcon_core.verb:set package 'mirobot_package' build argument 'cmake_args' from command line to 'None'
[0.191s] Level 5:colcon.colcon_core.verb:set package 'mirobot_package' build argument 'cmake_target' from command line to 'None'
[0.191s] Level 5:colcon.colcon_core.verb:set package 'mirobot_package' build argument 'cmake_target_skip_unavailable' from command line to 'False'
[0.191s] Level 5:colcon.colcon_core.verb:set package 'mirobot_package' build argument 'cmake_clean_cache' from command line to 'False'
[0.191s] Level 5:colcon.colcon_core.verb:set package 'mirobot_package' build argument 'cmake_clean_first' from command line to 'False'
[0.191s] Level 5:colcon.colcon_core.verb:set package 'mirobot_package' build argument 'cmake_force_configure' from command line to 'False'
[0.191s] Level 5:colcon.colcon_core.verb:set package 'mirobot_package' build argument 'ament_cmake_args' from command line to 'None'
[0.191s] Level 5:colcon.colcon_core.verb:set package 'mirobot_package' build argument 'catkin_cmake_args' from command line to 'None'
[0.191s] Level 5:colcon.colcon_core.verb:set package 'mirobot_package' build argument 'catkin_skip_building_tests' from command line to 'False'
[0.191s] DEBUG:colcon.colcon_core.verb:Building package 'mirobot_package' with the following arguments: {'ament_cmake_args': None, 'build_base': '/home/luis-a/mirobot_ws/build/mirobot_package', 'catkin_cmake_args': None, 'catkin_skip_building_tests': False, 'cmake_args': None, 'cmake_clean_cache': False, 'cmake_clean_first': False, 'cmake_force_configure': False, 'cmake_target': None, 'cmake_target_skip_unavailable': False, 'install_base': '/home/luis-a/mirobot_ws/install/mirobot_package', 'merge_install': False, 'path': '/home/luis-a/mirobot_ws/src/mirobot_package', 'symlink_install': False, 'test_result_base': None}
[0.192s] Level 5:colcon.colcon_core.verb:set package 'mirobot_urdf_2' build argument 'cmake_args' from command line to 'None'
[0.192s] Level 5:colcon.colcon_core.verb:set package 'mirobot_urdf_2' build argument 'cmake_target' from command line to 'None'
[0.192s] Level 5:colcon.colcon_core.verb:set package 'mirobot_urdf_2' build argument 'cmake_target_skip_unavailable' from command line to 'False'
[0.192s] Level 5:colcon.colcon_core.verb:set package 'mirobot_urdf_2' build argument 'cmake_clean_cache' from command line to 'False'
[0.192s] Level 5:colcon.colcon_core.verb:set package 'mirobot_urdf_2' build argument 'cmake_clean_first' from command line to 'False'
[0.192s] Level 5:colcon.colcon_core.verb:set package 'mirobot_urdf_2' build argument 'cmake_force_configure' from command line to 'False'
[0.192s] Level 5:colcon.colcon_core.verb:set package 'mirobot_urdf_2' build argument 'ament_cmake_args' from command line to 'None'
[0.192s] Level 5:colcon.colcon_core.verb:set package 'mirobot_urdf_2' build argument 'catkin_cmake_args' from command line to 'None'
[0.192s] Level 5:colcon.colcon_core.verb:set package 'mirobot_urdf_2' build argument 'catkin_skip_building_tests' from command line to 'False'
[0.192s] DEBUG:colcon.colcon_core.verb:Building package 'mirobot_urdf_2' with the following arguments: {'ament_cmake_args': None, 'build_base': '/home/luis-a/mirobot_ws/build/mirobot_urdf_2', 'catkin_cmake_args': None, 'catkin_skip_building_tests': False, 'cmake_args': None, 'cmake_clean_cache': False, 'cmake_clean_first': False, 'cmake_force_configure': False, 'cmake_target': None, 'cmake_target_skip_unavailable': False, 'install_base': '/home/luis-a/mirobot_ws/install/mirobot_urdf_2', 'merge_install': False, 'path': '/home/luis-a/mirobot_ws/src/mirobot_urdf_2', 'symlink_install': False, 'test_result_base': None}
[0.192s] Level 5:colcon.colcon_core.verb:set package 'move_program' build argument 'cmake_args' from command line to 'None'
[0.192s] Level 5:colcon.colcon_core.verb:set package 'move_program' build argument 'cmake_target' from command line to 'None'
[0.192s] Level 5:colcon.colcon_core.verb:set package 'move_program' build argument 'cmake_target_skip_unavailable' from command line to 'False'
[0.192s] Level 5:colcon.colcon_core.verb:set package 'move_program' build argument 'cmake_clean_cache' from command line to 'False'
[0.192s] Level 5:colcon.colcon_core.verb:set package 'move_program' build argument 'cmake_clean_first' from command line to 'False'
[0.192s] Level 5:colcon.colcon_core.verb:set package 'move_program' build argument 'cmake_force_configure' from command line to 'False'
[0.192s] Level 5:colcon.colcon_core.verb:set package 'move_program' build argument 'ament_cmake_args' from command line to 'None'
[0.192s] Level 5:colcon.colcon_core.verb:set package 'move_program' build argument 'catkin_cmake_args' from command line to 'None'
[0.192s] Level 5:colcon.colcon_core.verb:set package 'move_program' build argument 'catkin_skip_building_tests' from command line to 'False'
[0.192s] DEBUG:colcon.colcon_core.verb:Building package 'move_program' with the following arguments: {'ament_cmake_args': None, 'build_base': '/home/luis-a/mirobot_ws/build/move_program', 'catkin_cmake_args': None, 'catkin_skip_building_tests': False, 'cmake_args': None, 'cmake_clean_cache': False, 'cmake_clean_first': False, 'cmake_force_configure': False, 'cmake_target': None, 'cmake_target_skip_unavailable': False, 'install_base': '/home/luis-a/mirobot_ws/install/move_program', 'merge_install': False, 'path': '/home/luis-a/mirobot_ws/src/move_program', 'symlink_install': False, 'test_result_base': None}
[0.192s] Level 5:colcon.colcon_core.verb:set package 'mirobot_moveit_config' build argument 'cmake_args' from command line to 'None'
[0.192s] Level 5:colcon.colcon_core.verb:set package 'mirobot_moveit_config' build argument 'cmake_target' from command line to 'None'
[0.192s] Level 5:colcon.colcon_core.verb:set package 'mirobot_moveit_config' build argument 'cmake_target_skip_unavailable' from command line to 'False'
[0.192s] Level 5:colcon.colcon_core.verb:set package 'mirobot_moveit_config' build argument 'cmake_clean_cache' from command line to 'False'
[0.192s] Level 5:colcon.colcon_core.verb:set package 'mirobot_moveit_config' build argument 'cmake_clean_first' from command line to 'False'
[0.192s] Level 5:colcon.colcon_core.verb:set package 'mirobot_moveit_config' build argument 'cmake_force_configure' from command line to 'False'
[0.192s] Level 5:colcon.colcon_core.verb:set package 'mirobot_moveit_config' build argument 'ament_cmake_args' from command line to 'None'
[0.192s] Level 5:colcon.colcon_core.verb:set package 'mirobot_moveit_config' build argument 'catkin_cmake_args' from command line to 'None'
[0.192s] Level 5:colcon.colcon_core.verb:set package 'mirobot_moveit_config' build argument 'catkin_skip_building_tests' from command line to 'False'
[0.192s] DEBUG:colcon.colcon_core.verb:Building package 'mirobot_moveit_config' with the following arguments: {'ament_cmake_args': None, 'build_base': '/home/luis-a/mirobot_ws/build/mirobot_moveit_config', 'catkin_cmake_args': None, 'catkin_skip_building_tests': False, 'cmake_args': None, 'cmake_clean_cache': False, 'cmake_clean_first': False, 'cmake_force_configure': False, 'cmake_target': None, 'cmake_target_skip_unavailable': False, 'install_base': '/home/luis-a/mirobot_ws/install/mirobot_moveit_config', 'merge_install': False, 'path': '/home/luis-a/mirobot_ws/src/mirobot_moveit_config', 'symlink_install': False, 'test_result_base': None}
[0.192s] INFO:colcon.colcon_core.executor:Executing jobs using 'parallel' executor
[0.193s] DEBUG:colcon.colcon_parallel_executor.executor.parallel:run_until_complete
[0.193s] INFO:colcon.colcon_ros.task.ament_cmake.build:Building ROS package in '/home/luis-a/mirobot_ws/src/mirobot_urdf_2' with build type 'ament_cmake'
[0.193s] INFO:colcon.colcon_cmake.task.cmake.build:Building CMake package in '/home/luis-a/mirobot_ws/src/mirobot_urdf_2'
[0.194s] INFO:colcon.colcon_core.plugin_system:Skipping extension 'colcon_core.shell.bat': Not used on non-Windows systems
[0.194s] INFO:colcon.colcon_core.shell:Skip shell extension 'powershell' for command environment: Not usable outside of PowerShell
[0.194s] DEBUG:colcon.colcon_core.shell:Skip shell extension 'dsv' for command environment
[0.196s] INFO:colcon.colcon_ros.task.ament_cmake.build:Building ROS package in '/home/luis-a/mirobot_ws/src/mirobot_package' with build type 'ament_cmake'
[0.196s] INFO:colcon.colcon_cmake.task.cmake.build:Building CMake package in '/home/luis-a/mirobot_ws/src/mirobot_package'
[0.197s] INFO:colcon.colcon_core.shell:Skip shell extension 'powershell' for command environment: Not usable outside of PowerShell
[0.197s] DEBUG:colcon.colcon_core.shell:Skip shell extension 'dsv' for command environment
[0.199s] INFO:colcon.colcon_ros.task.ament_cmake.build:Building ROS package in '/home/luis-a/mirobot_ws/src/move_program' with build type 'ament_cmake'
[0.199s] INFO:colcon.colcon_cmake.task.cmake.build:Building CMake package in '/home/luis-a/mirobot_ws/src/move_program'
[0.199s] INFO:colcon.colcon_core.shell:Skip shell extension 'powershell' for command environment: Not usable outside of PowerShell
[0.199s] DEBUG:colcon.colcon_core.shell:Skip shell extension 'dsv' for command environment
[0.203s] DEBUG:colcon.colcon_core.event_handler.log_command:Invoking command in '/home/luis-a/mirobot_ws/build/mirobot_urdf_2': CMAKE_PREFIX_PATH=${CMAKE_PREFIX_PATH}:/home/luis-a/ros2_ws/install/my_robot_controller:/opt/ros/humble /usr/bin/cmake --build /home/luis-a/mirobot_ws/build/mirobot_urdf_2 -- -j32 -l32
[0.205s] DEBUG:colcon.colcon_core.event_handler.log_command:Invoking command in '/home/luis-a/mirobot_ws/build/mirobot_package': CMAKE_PREFIX_PATH=${CMAKE_PREFIX_PATH}:/home/luis-a/ros2_ws/install/my_robot_controller:/opt/ros/humble /usr/bin/cmake --build /home/luis-a/mirobot_ws/build/mirobot_package -- -j32 -l32
[0.207s] DEBUG:colcon.colcon_core.event_handler.log_command:Invoking command in '/home/luis-a/mirobot_ws/build/move_program': CMAKE_PREFIX_PATH=${CMAKE_PREFIX_PATH}:/home/luis-a/ros2_ws/install/my_robot_controller:/opt/ros/humble /usr/bin/cmake --build /home/luis-a/mirobot_ws/build/move_program -- -j32 -l32
[0.227s] DEBUG:colcon.colcon_core.event_handler.log_command:Invoked command in '/home/luis-a/mirobot_ws/build/mirobot_urdf_2' returned '0': CMAKE_PREFIX_PATH=${CMAKE_PREFIX_PATH}:/home/luis-a/ros2_ws/install/my_robot_controller:/opt/ros/humble /usr/bin/cmake --build /home/luis-a/mirobot_ws/build/mirobot_urdf_2 -- -j32 -l32
[0.248s] DEBUG:colcon.colcon_core.event_handler.log_command:Invoking command in '/home/luis-a/mirobot_ws/build/mirobot_urdf_2': CMAKE_PREFIX_PATH=${CMAKE_PREFIX_PATH}:/home/luis-a/ros2_ws/install/my_robot_controller:/opt/ros/humble /usr/bin/cmake --install /home/luis-a/mirobot_ws/build/mirobot_urdf_2
[0.249s] DEBUG:colcon.colcon_core.event_handler.log_command:Invoked command in '/home/luis-a/mirobot_ws/build/mirobot_package' returned '0': CMAKE_PREFIX_PATH=${CMAKE_PREFIX_PATH}:/home/luis-a/ros2_ws/install/my_robot_controller:/opt/ros/humble /usr/bin/cmake --build /home/luis-a/mirobot_ws/build/mirobot_package -- -j32 -l32
[0.254s] DEBUG:colcon.colcon_core.event_handler.log_command:Invoked command in '/home/luis-a/mirobot_ws/build/move_program' returned '0': CMAKE_PREFIX_PATH=${CMAKE_PREFIX_PATH}:/home/luis-a/ros2_ws/install/my_robot_controller:/opt/ros/humble /usr/bin/cmake --build /home/luis-a/mirobot_ws/build/move_program -- -j32 -l32
[0.254s] Level 1:colcon.colcon_core.environment:create_environment_scripts_only(mirobot_urdf_2)
[0.254s] DEBUG:colcon.colcon_core.event_handler.log_command:Invoked command in '/home/luis-a/mirobot_ws/build/mirobot_urdf_2' returned '0': CMAKE_PREFIX_PATH=${CMAKE_PREFIX_PATH}:/home/luis-a/ros2_ws/install/my_robot_controller:/opt/ros/humble /usr/bin/cmake --install /home/luis-a/mirobot_ws/build/mirobot_urdf_2
[0.255s] Level 1:colcon.colcon_core.environment:checking '/home/luis-a/mirobot_ws/install/mirobot_urdf_2' for CMake module files
[0.256s] Level 1:colcon.colcon_core.environment:checking '/home/luis-a/mirobot_ws/install/mirobot_urdf_2' for CMake config files
[0.256s] Level 1:colcon.colcon_core.shell:create_environment_hook('mirobot_urdf_2', 'cmake_prefix_path')
[0.256s] INFO:colcon.colcon_core.shell:Creating environment hook '/home/luis-a/mirobot_ws/install/mirobot_urdf_2/share/mirobot_urdf_2/hook/cmake_prefix_path.ps1'
[0.256s] INFO:colcon.colcon_core.shell:Creating environment descriptor '/home/luis-a/mirobot_ws/install/mirobot_urdf_2/share/mirobot_urdf_2/hook/cmake_prefix_path.dsv'
[0.257s] INFO:colcon.colcon_core.shell:Creating environment hook '/home/luis-a/mirobot_ws/install/mirobot_urdf_2/share/mirobot_urdf_2/hook/cmake_prefix_path.sh'
[0.257s] Level 1:colcon.colcon_core.environment:checking '/home/luis-a/mirobot_ws/install/mirobot_urdf_2/bin'
[0.257s] Level 1:colcon.colcon_core.environment:checking '/home/luis-a/mirobot_ws/install/mirobot_urdf_2/lib/pkgconfig/mirobot_urdf_2.pc'
[0.257s] Level 1:colcon.colcon_core.environment:checking '/home/luis-a/mirobot_ws/install/mirobot_urdf_2/lib/python3.10/site-packages'
[0.257s] Level 1:colcon.colcon_core.environment:checking '/home/luis-a/mirobot_ws/install/mirobot_urdf_2/bin'
[0.258s] INFO:colcon.colcon_core.shell:Creating package script '/home/luis-a/mirobot_ws/install/mirobot_urdf_2/share/mirobot_urdf_2/package.ps1'
[0.258s] INFO:colcon.colcon_core.shell:Creating package descriptor '/home/luis-a/mirobot_ws/install/mirobot_urdf_2/share/mirobot_urdf_2/package.dsv'
[0.258s] INFO:colcon.colcon_core.shell:Creating package script '/home/luis-a/mirobot_ws/install/mirobot_urdf_2/share/mirobot_urdf_2/package.sh'
[0.259s] INFO:colcon.colcon_core.shell:Creating package script '/home/luis-a/mirobot_ws/install/mirobot_urdf_2/share/mirobot_urdf_2/package.bash'
[0.259s] INFO:colcon.colcon_core.shell:Creating package script '/home/luis-a/mirobot_ws/install/mirobot_urdf_2/share/mirobot_urdf_2/package.zsh'
[0.259s] Level 1:colcon.colcon_core.environment:create_file_with_runtime_dependencies(/home/luis-a/mirobot_ws/install/mirobot_urdf_2/share/colcon-core/packages/mirobot_urdf_2)
[0.265s] DEBUG:colcon.colcon_core.event_handler.log_command:Invoking command in '/home/luis-a/mirobot_ws/build/mirobot_package': CMAKE_PREFIX_PATH=${CMAKE_PREFIX_PATH}:/home/luis-a/ros2_ws/install/my_robot_controller:/opt/ros/humble /usr/bin/cmake --install /home/luis-a/mirobot_ws/build/mirobot_package
[0.268s] DEBUG:colcon.colcon_core.event_handler.log_command:Invoking command in '/home/luis-a/mirobot_ws/build/move_program': CMAKE_PREFIX_PATH=${CMAKE_PREFIX_PATH}:/home/luis-a/ros2_ws/install/my_robot_controller:/opt/ros/humble /usr/bin/cmake --install /home/luis-a/mirobot_ws/build/move_program
[0.271s] Level 1:colcon.colcon_core.environment:create_environment_scripts_only(mirobot_package)
[0.271s] DEBUG:colcon.colcon_core.event_handler.log_command:Invoked command in '/home/luis-a/mirobot_ws/build/mirobot_package' returned '0': CMAKE_PREFIX_PATH=${CMAKE_PREFIX_PATH}:/home/luis-a/ros2_ws/install/my_robot_controller:/opt/ros/humble /usr/bin/cmake --install /home/luis-a/mirobot_ws/build/mirobot_package
[0.271s] Level 1:colcon.colcon_core.environment:checking '/home/luis-a/mirobot_ws/install/mirobot_package' for CMake module files
[0.272s] Level 1:colcon.colcon_core.environment:checking '/home/luis-a/mirobot_ws/install/mirobot_package' for CMake config files
[0.272s] Level 1:colcon.colcon_core.shell:create_environment_hook('mirobot_package', 'cmake_prefix_path')
[0.272s] INFO:colcon.colcon_core.shell:Creating environment hook '/home/luis-a/mirobot_ws/install/mirobot_package/share/mirobot_package/hook/cmake_prefix_path.ps1'
[0.272s] INFO:colcon.colcon_core.shell:Creating environment descriptor '/home/luis-a/mirobot_ws/install/mirobot_package/share/mirobot_package/hook/cmake_prefix_path.dsv'
[0.272s] INFO:colcon.colcon_core.shell:Creating environment hook '/home/luis-a/mirobot_ws/install/mirobot_package/share/mirobot_package/hook/cmake_prefix_path.sh'
[0.273s] Level 1:colcon.colcon_core.environment:checking '/home/luis-a/mirobot_ws/install/mirobot_package/lib'
[0.273s] Level 1:colcon.colcon_core.environment:checking '/home/luis-a/mirobot_ws/install/mirobot_package/bin'
[0.273s] Level 1:colcon.colcon_core.environment:checking '/home/luis-a/mirobot_ws/install/mirobot_package/lib/pkgconfig/mirobot_package.pc'
[0.274s] Level 1:colcon.colcon_core.environment:checking '/home/luis-a/mirobot_ws/install/mirobot_package/lib/python3.10/site-packages'
[0.274s] Level 1:colcon.colcon_core.environment:checking '/home/luis-a/mirobot_ws/install/mirobot_package/bin'
[0.274s] INFO:colcon.colcon_core.shell:Creating package script '/home/luis-a/mirobot_ws/install/mirobot_package/share/mirobot_package/package.ps1'
[0.274s] INFO:colcon.colcon_core.shell:Creating package descriptor '/home/luis-a/mirobot_ws/install/mirobot_package/share/mirobot_package/package.dsv'
[0.274s] INFO:colcon.colcon_core.shell:Creating package script '/home/luis-a/mirobot_ws/install/mirobot_package/share/mirobot_package/package.sh'
[0.274s] INFO:colcon.colcon_core.shell:Creating package script '/home/luis-a/mirobot_ws/install/mirobot_package/share/mirobot_package/package.bash'
[0.275s] INFO:colcon.colcon_core.shell:Creating package script '/home/luis-a/mirobot_ws/install/mirobot_package/share/mirobot_package/package.zsh'
[0.275s] Level 1:colcon.colcon_core.environment:create_file_with_runtime_dependencies(/home/luis-a/mirobot_ws/install/mirobot_package/share/colcon-core/packages/mirobot_package)
[0.275s] Level 1:colcon.colcon_core.environment:create_environment_scripts_only(mirobot_urdf_2)
[0.276s] Level 1:colcon.colcon_core.environment:checking '/home/luis-a/mirobot_ws/install/mirobot_urdf_2' for CMake module files
[0.276s] Level 1:colcon.colcon_core.environment:checking '/home/luis-a/mirobot_ws/install/mirobot_urdf_2' for CMake config files
[0.276s] Level 1:colcon.colcon_core.shell:create_environment_hook('mirobot_urdf_2', 'cmake_prefix_path')
[0.276s] INFO:colcon.colcon_core.shell:Creating environment hook '/home/luis-a/mirobot_ws/install/mirobot_urdf_2/share/mirobot_urdf_2/hook/cmake_prefix_path.ps1'
[0.276s] INFO:colcon.colcon_core.shell:Creating environment descriptor '/home/luis-a/mirobot_ws/install/mirobot_urdf_2/share/mirobot_urdf_2/hook/cmake_prefix_path.dsv'
[0.276s] INFO:colcon.colcon_core.shell:Creating environment hook '/home/luis-a/mirobot_ws/install/mirobot_urdf_2/share/mirobot_urdf_2/hook/cmake_prefix_path.sh'
[0.277s] Level 1:colcon.colcon_core.environment:checking '/home/luis-a/mirobot_ws/install/mirobot_urdf_2/bin'
[0.277s] Level 1:colcon.colcon_core.environment:checking '/home/luis-a/mirobot_ws/install/mirobot_urdf_2/lib/pkgconfig/mirobot_urdf_2.pc'
[0.277s] Level 1:colcon.colcon_core.environment:checking '/home/luis-a/mirobot_ws/install/mirobot_urdf_2/lib/python3.10/site-packages'
[0.277s] Level 1:colcon.colcon_core.environment:checking '/home/luis-a/mirobot_ws/install/mirobot_urdf_2/bin'
[0.277s] INFO:colcon.colcon_core.shell:Creating package script '/home/luis-a/mirobot_ws/install/mirobot_urdf_2/share/mirobot_urdf_2/package.ps1'
[0.277s] INFO:colcon.colcon_core.shell:Creating package descriptor '/home/luis-a/mirobot_ws/install/mirobot_urdf_2/share/mirobot_urdf_2/package.dsv'
[0.278s] INFO:colcon.colcon_core.shell:Creating package script '/home/luis-a/mirobot_ws/install/mirobot_urdf_2/share/mirobot_urdf_2/package.sh'
[0.278s] INFO:colcon.colcon_core.shell:Creating package script '/home/luis-a/mirobot_ws/install/mirobot_urdf_2/share/mirobot_urdf_2/package.bash'
[0.278s] INFO:colcon.colcon_core.shell:Creating package script '/home/luis-a/mirobot_ws/install/mirobot_urdf_2/share/mirobot_urdf_2/package.zsh'
[0.278s] Level 1:colcon.colcon_core.environment:create_file_with_runtime_dependencies(/home/luis-a/mirobot_ws/install/mirobot_urdf_2/share/colcon-core/packages/mirobot_urdf_2)
[0.278s] INFO:colcon.colcon_ros.task.ament_cmake.build:Building ROS package in '/home/luis-a/mirobot_ws/src/mirobot_moveit_config' with build type 'ament_cmake'
[0.278s] INFO:colcon.colcon_cmake.task.cmake.build:Building CMake package in '/home/luis-a/mirobot_ws/src/mirobot_moveit_config'
[0.278s] INFO:colcon.colcon_core.shell:Skip shell extension 'powershell' for command environment: Not usable outside of PowerShell
[0.278s] DEBUG:colcon.colcon_core.shell:Skip shell extension 'dsv' for command environment
[0.281s] Level 1:colcon.colcon_core.environment:create_environment_scripts_only(move_program)
[0.281s] Level 1:colcon.colcon_core.environment:checking '/home/luis-a/mirobot_ws/install/move_program' for CMake module files
[0.281s] DEBUG:colcon.colcon_core.event_handler.log_command:Invoked command in '/home/luis-a/mirobot_ws/build/move_program' returned '0': CMAKE_PREFIX_PATH=${CMAKE_PREFIX_PATH}:/home/luis-a/ros2_ws/install/my_robot_controller:/opt/ros/humble /usr/bin/cmake --install /home/luis-a/mirobot_ws/build/move_program
[0.281s] Level 1:colcon.colcon_core.environment:checking '/home/luis-a/mirobot_ws/install/move_program' for CMake config files
[0.281s] Level 1:colcon.colcon_core.shell:create_environment_hook('move_program', 'cmake_prefix_path')
[0.282s] INFO:colcon.colcon_core.shell:Creating environment hook '/home/luis-a/mirobot_ws/install/move_program/share/move_program/hook/cmake_prefix_path.ps1'
[0.282s] INFO:colcon.colcon_core.shell:Creating environment descriptor '/home/luis-a/mirobot_ws/install/move_program/share/move_program/hook/cmake_prefix_path.dsv'
[0.282s] INFO:colcon.colcon_core.shell:Creating environment hook '/home/luis-a/mirobot_ws/install/move_program/share/move_program/hook/cmake_prefix_path.sh'
[0.282s] Level 1:colcon.colcon_core.environment:checking '/home/luis-a/mirobot_ws/install/move_program/lib'
[0.282s] Level 1:colcon.colcon_core.environment:checking '/home/luis-a/mirobot_ws/install/move_program/bin'
[0.282s] Level 1:colcon.colcon_core.environment:checking '/home/luis-a/mirobot_ws/install/move_program/lib/pkgconfig/move_program.pc'
[0.282s] Level 1:colcon.colcon_core.environment:checking '/home/luis-a/mirobot_ws/install/move_program/lib/python3.10/site-packages'
[0.282s] Level 1:colcon.colcon_core.environment:checking '/home/luis-a/mirobot_ws/install/move_program/bin'
[0.283s] INFO:colcon.colcon_core.shell:Creating package script '/home/luis-a/mirobot_ws/install/move_program/share/move_program/package.ps1'
[0.283s] INFO:colcon.colcon_core.shell:Creating package descriptor '/home/luis-a/mirobot_ws/install/move_program/share/move_program/package.dsv'
[0.283s] INFO:colcon.colcon_core.shell:Creating package script '/home/luis-a/mirobot_ws/install/move_program/share/move_program/package.sh'
[0.283s] INFO:colcon.colcon_core.shell:Creating package script '/home/luis-a/mirobot_ws/install/move_program/share/move_program/package.bash'
[0.283s] INFO:colcon.colcon_core.shell:Creating package script '/home/luis-a/mirobot_ws/install/move_program/share/move_program/package.zsh'
[0.284s] Level 1:colcon.colcon_core.environment:create_file_with_runtime_dependencies(/home/luis-a/mirobot_ws/install/move_program/share/colcon-core/packages/move_program)
[0.286s] DEBUG:colcon.colcon_core.event_handler.log_command:Invoking command in '/home/luis-a/mirobot_ws/build/mirobot_moveit_config': CMAKE_PREFIX_PATH=/home/luis-a/mirobot_ws/install/mirobot_urdf_2:/home/luis-a/mirobot_ws/install/move_program:/home/luis-a/mirobot_ws/install/mirobot_moveit_config:/home/luis-a/mirobot_ws/install/mirobot_package:/home/luis-a/ros2_ws/install/my_robot_controller:/opt/ros/humble /usr/bin/cmake --build /home/luis-a/mirobot_ws/build/mirobot_moveit_config -- -j32 -l32
[0.289s] Level 1:colcon.colcon_core.environment:create_environment_scripts_only(mirobot_package)
[0.289s] Level 1:colcon.colcon_core.environment:checking '/home/luis-a/mirobot_ws/install/mirobot_package' for CMake module files
[0.290s] Level 1:colcon.colcon_core.environment:checking '/home/luis-a/mirobot_ws/install/mirobot_package' for CMake config files
[0.290s] Level 1:colcon.colcon_core.shell:create_environment_hook('mirobot_package', 'cmake_prefix_path')
[0.290s] INFO:colcon.colcon_core.shell:Creating environment hook '/home/luis-a/mirobot_ws/install/mirobot_package/share/mirobot_package/hook/cmake_prefix_path.ps1'
[0.290s] INFO:colcon.colcon_core.shell:Creating environment descriptor '/home/luis-a/mirobot_ws/install/mirobot_package/share/mirobot_package/hook/cmake_prefix_path.dsv'
[0.290s] INFO:colcon.colcon_core.shell:Creating environment hook '/home/luis-a/mirobot_ws/install/mirobot_package/share/mirobot_package/hook/cmake_prefix_path.sh'
[0.290s] Level 1:colcon.colcon_core.environment:checking '/home/luis-a/mirobot_ws/install/mirobot_package/lib'
[0.290s] Level 1:colcon.colcon_core.environment:checking '/home/luis-a/mirobot_ws/install/mirobot_package/bin'
[0.290s] Level 1:colcon.colcon_core.environment:checking '/home/luis-a/mirobot_ws/install/mirobot_package/lib/pkgconfig/mirobot_package.pc'
[0.291s] Level 1:colcon.colcon_core.environment:checking '/home/luis-a/mirobot_ws/install/mirobot_package/lib/python3.10/site-packages'
[0.291s] Level 1:colcon.colcon_core.environment:checking '/home/luis-a/mirobot_ws/install/mirobot_package/bin'
[0.291s] INFO:colcon.colcon_core.shell:Creating package script '/home/luis-a/mirobot_ws/install/mirobot_package/share/mirobot_package/package.ps1'
[0.291s] INFO:colcon.colcon_core.shell:Creating package descriptor '/home/luis-a/mirobot_ws/install/mirobot_package/share/mirobot_package/package.dsv'
[0.291s] INFO:colcon.colcon_core.shell:Creating package script '/home/luis-a/mirobot_ws/install/mirobot_package/share/mirobot_package/package.sh'
[0.291s] INFO:colcon.colcon_core.shell:Creating package script '/home/luis-a/mirobot_ws/install/mirobot_package/share/mirobot_package/package.bash'
[0.292s] INFO:colcon.colcon_core.shell:Creating package script '/home/luis-a/mirobot_ws/install/mirobot_package/share/mirobot_package/package.zsh'
[0.292s] Level 1:colcon.colcon_core.environment:create_file_with_runtime_dependencies(/home/luis-a/mirobot_ws/install/mirobot_package/share/colcon-core/packages/mirobot_package)
[0.298s] Level 1:colcon.colcon_core.environment:create_environment_scripts_only(move_program)
[0.298s] Level 1:colcon.colcon_core.environment:checking '/home/luis-a/mirobot_ws/install/move_program' for CMake module files
[0.298s] Level 1:colcon.colcon_core.environment:checking '/home/luis-a/mirobot_ws/install/move_program' for CMake config files
[0.299s] Level 1:colcon.colcon_core.shell:create_environment_hook('move_program', 'cmake_prefix_path')
[0.299s] INFO:colcon.colcon_core.shell:Creating environment hook '/home/luis-a/mirobot_ws/install/move_program/share/move_program/hook/cmake_prefix_path.ps1'
[0.299s] INFO:colcon.colcon_core.shell:Creating environment descriptor '/home/luis-a/mirobot_ws/install/move_program/share/move_program/hook/cmake_prefix_path.dsv'
[0.299s] INFO:colcon.colcon_core.shell:Creating environment hook '/home/luis-a/mirobot_ws/install/move_program/share/move_program/hook/cmake_prefix_path.sh'
[0.299s] Level 1:colcon.colcon_core.environment:checking '/home/luis-a/mirobot_ws/install/move_program/lib'
[0.299s] Level 1:colcon.colcon_core.environment:checking '/home/luis-a/mirobot_ws/install/move_program/bin'
[0.299s] Level 1:colcon.colcon_core.environment:checking '/home/luis-a/mirobot_ws/install/move_program/lib/pkgconfig/move_program.pc'
[0.299s] Level 1:colcon.colcon_core.environment:checking '/home/luis-a/mirobot_ws/install/move_program/lib/python3.10/site-packages'
[0.300s] Level 1:colcon.colcon_core.environment:checking '/home/luis-a/mirobot_ws/install/move_program/bin'
[0.300s] INFO:colcon.colcon_core.shell:Creating package script '/home/luis-a/mirobot_ws/install/move_program/share/move_program/package.ps1'
[0.300s] INFO:colcon.colcon_core.shell:Creating package descriptor '/home/luis-a/mirobot_ws/install/move_program/share/move_program/package.dsv'
[0.300s] INFO:colcon.colcon_core.shell:Creating package script '/home/luis-a/mirobot_ws/install/move_program/share/move_program/package.sh'
[0.300s] INFO:colcon.colcon_core.shell:Creating package script '/home/luis-a/mirobot_ws/install/move_program/share/move_program/package.bash'
[0.300s] INFO:colcon.colcon_core.shell:Creating package script '/home/luis-a/mirobot_ws/install/move_program/share/move_program/package.zsh'
[0.301s] Level 1:colcon.colcon_core.environment:create_file_with_runtime_dependencies(/home/luis-a/mirobot_ws/install/move_program/share/colcon-core/packages/move_program)
[0.309s] DEBUG:colcon.colcon_core.event_handler.log_command:Invoked command in '/home/luis-a/mirobot_ws/build/mirobot_moveit_config' returned '0': CMAKE_PREFIX_PATH=/home/luis-a/mirobot_ws/install/mirobot_urdf_2:/home/luis-a/mirobot_ws/install/move_program:/home/luis-a/mirobot_ws/install/mirobot_moveit_config:/home/luis-a/mirobot_ws/install/mirobot_package:/home/luis-a/ros2_ws/install/my_robot_controller:/opt/ros/humble /usr/bin/cmake --build /home/luis-a/mirobot_ws/build/mirobot_moveit_config -- -j32 -l32
[0.321s] DEBUG:colcon.colcon_core.event_handler.log_command:Invoking command in '/home/luis-a/mirobot_ws/build/mirobot_moveit_config': CMAKE_PREFIX_PATH=/home/luis-a/mirobot_ws/install/mirobot_urdf_2:/home/luis-a/mirobot_ws/install/move_program:/home/luis-a/mirobot_ws/install/mirobot_moveit_config:/home/luis-a/mirobot_ws/install/mirobot_package:/home/luis-a/ros2_ws/install/my_robot_controller:/opt/ros/humble /usr/bin/cmake --install /home/luis-a/mirobot_ws/build/mirobot_moveit_config
[0.327s] Level 1:colcon.colcon_core.environment:create_environment_scripts_only(mirobot_moveit_config)
[0.327s] DEBUG:colcon.colcon_core.event_handler.log_command:Invoked command in '/home/luis-a/mirobot_ws/build/mirobot_moveit_config' returned '0': CMAKE_PREFIX_PATH=/home/luis-a/mirobot_ws/install/mirobot_urdf_2:/home/luis-a/mirobot_ws/install/move_program:/home/luis-a/mirobot_ws/install/mirobot_moveit_config:/home/luis-a/mirobot_ws/install/mirobot_package:/home/luis-a/ros2_ws/install/my_robot_controller:/opt/ros/humble /usr/bin/cmake --install /home/luis-a/mirobot_ws/build/mirobot_moveit_config
[0.327s] Level 1:colcon.colcon_core.environment:checking '/home/luis-a/mirobot_ws/install/mirobot_moveit_config' for CMake module files
[0.328s] Level 1:colcon.colcon_core.environment:checking '/home/luis-a/mirobot_ws/install/mirobot_moveit_config' for CMake config files
[0.328s] Level 1:colcon.colcon_core.shell:create_environment_hook('mirobot_moveit_config', 'cmake_prefix_path')
[0.328s] INFO:colcon.colcon_core.shell:Creating environment hook '/home/luis-a/mirobot_ws/install/mirobot_moveit_config/share/mirobot_moveit_config/hook/cmake_prefix_path.ps1'
[0.328s] INFO:colcon.colcon_core.shell:Creating environment descriptor '/home/luis-a/mirobot_ws/install/mirobot_moveit_config/share/mirobot_moveit_config/hook/cmake_prefix_path.dsv'
[0.328s] INFO:colcon.colcon_core.shell:Creating environment hook '/home/luis-a/mirobot_ws/install/mirobot_moveit_config/share/mirobot_moveit_config/hook/cmake_prefix_path.sh'
[0.328s] Level 1:colcon.colcon_core.environment:checking '/home/luis-a/mirobot_ws/install/mirobot_moveit_config/bin'
[0.328s] Level 1:colcon.colcon_core.environment:checking '/home/luis-a/mirobot_ws/install/mirobot_moveit_config/lib/pkgconfig/mirobot_moveit_config.pc'
[0.329s] Level 1:colcon.colcon_core.environment:checking '/home/luis-a/mirobot_ws/install/mirobot_moveit_config/lib/python3.10/site-packages'
[0.329s] Level 1:colcon.colcon_core.environment:checking '/home/luis-a/mirobot_ws/install/mirobot_moveit_config/bin'
[0.329s] INFO:colcon.colcon_core.shell:Creating package script '/home/luis-a/mirobot_ws/install/mirobot_moveit_config/share/mirobot_moveit_config/package.ps1'
[0.329s] INFO:colcon.colcon_core.shell:Creating package descriptor '/home/luis-a/mirobot_ws/install/mirobot_moveit_config/share/mirobot_moveit_config/package.dsv'
[0.329s] INFO:colcon.colcon_core.shell:Creating package script '/home/luis-a/mirobot_ws/install/mirobot_moveit_config/share/mirobot_moveit_config/package.sh'
[0.329s] INFO:colcon.colcon_core.shell:Creating package script '/home/luis-a/mirobot_ws/install/mirobot_moveit_config/share/mirobot_moveit_config/package.bash'
[0.330s] INFO:colcon.colcon_core.shell:Creating package script '/home/luis-a/mirobot_ws/install/mirobot_moveit_config/share/mirobot_moveit_config/package.zsh'
[0.330s] Level 1:colcon.colcon_core.environment:create_file_with_runtime_dependencies(/home/luis-a/mirobot_ws/install/mirobot_moveit_config/share/colcon-core/packages/mirobot_moveit_config)
[0.342s] Level 1:colcon.colcon_core.environment:create_environment_scripts_only(mirobot_moveit_config)
[0.342s] Level 1:colcon.colcon_core.environment:checking '/home/luis-a/mirobot_ws/install/mirobot_moveit_config' for CMake module files
[0.343s] Level 1:colcon.colcon_core.environment:checking '/home/luis-a/mirobot_ws/install/mirobot_moveit_config' for CMake config files
[0.343s] Level 1:colcon.colcon_core.shell:create_environment_hook('mirobot_moveit_config', 'cmake_prefix_path')
[0.343s] INFO:colcon.colcon_core.shell:Creating environment hook '/home/luis-a/mirobot_ws/install/mirobot_moveit_config/share/mirobot_moveit_config/hook/cmake_prefix_path.ps1'
[0.343s] INFO:colcon.colcon_core.shell:Creating environment descriptor '/home/luis-a/mirobot_ws/install/mirobot_moveit_config/share/mirobot_moveit_config/hook/cmake_prefix_path.dsv'
[0.343s] INFO:colcon.colcon_core.shell:Creating environment hook '/home/luis-a/mirobot_ws/install/mirobot_moveit_config/share/mirobot_moveit_config/hook/cmake_prefix_path.sh'
[0.343s] Level 1:colcon.colcon_core.environment:checking '/home/luis-a/mirobot_ws/install/mirobot_moveit_config/bin'
[0.343s] Level 1:colcon.colcon_core.environment:checking '/home/luis-a/mirobot_ws/install/mirobot_moveit_config/lib/pkgconfig/mirobot_moveit_config.pc'
[0.344s] Level 1:colcon.colcon_core.environment:checking '/home/luis-a/mirobot_ws/install/mirobot_moveit_config/lib/python3.10/site-packages'
[0.344s] Level 1:colcon.colcon_core.environment:checking '/home/luis-a/mirobot_ws/install/mirobot_moveit_config/bin'
[0.344s] INFO:colcon.colcon_core.shell:Creating package script '/home/luis-a/mirobot_ws/install/mirobot_moveit_config/share/mirobot_moveit_config/package.ps1'
[0.344s] INFO:colcon.colcon_core.shell:Creating package descriptor '/home/luis-a/mirobot_ws/install/mirobot_moveit_config/share/mirobot_moveit_config/package.dsv'
[0.344s] INFO:colcon.colcon_core.shell:Creating package script '/home/luis-a/mirobot_ws/install/mirobot_moveit_config/share/mirobot_moveit_config/package.sh'
[0.344s] INFO:colcon.colcon_core.shell:Creating package script '/home/luis-a/mirobot_ws/install/mirobot_moveit_config/share/mirobot_moveit_config/package.bash'
[0.345s] INFO:colcon.colcon_core.shell:Creating package script '/home/luis-a/mirobot_ws/install/mirobot_moveit_config/share/mirobot_moveit_config/package.zsh'
[0.345s] Level 1:colcon.colcon_core.environment:create_file_with_runtime_dependencies(/home/luis-a/mirobot_ws/install/mirobot_moveit_config/share/colcon-core/packages/mirobot_moveit_config)
[0.345s] DEBUG:colcon.colcon_parallel_executor.executor.parallel:closing loop
[0.345s] DEBUG:colcon.colcon_parallel_executor.executor.parallel:loop closed
[0.345s] DEBUG:colcon.colcon_parallel_executor.executor.parallel:run_until_complete finished with '0'
[0.345s] DEBUG:colcon.colcon_core.event_reactor:joining thread
[0.348s] INFO:colcon.colcon_core.plugin_system:Skipping extension 'colcon_notification.desktop_notification.terminal_notifier': Not used on non-Darwin systems
[0.348s] INFO:colcon.colcon_core.plugin_system:Skipping extension 'colcon_notification.desktop_notification.win32': Not used on non-Windows systems
[0.348s] INFO:colcon.colcon_notification.desktop_notification:Sending desktop notification using 'notify2'
[0.354s] DEBUG:colcon.colcon_core.event_reactor:joined thread
[0.354s] INFO:colcon.colcon_core.shell:Creating prefix script '/home/luis-a/mirobot_ws/install/local_setup.ps1'
[0.355s] INFO:colcon.colcon_core.shell:Creating prefix util module '/home/luis-a/mirobot_ws/install/_local_setup_util_ps1.py'
[0.356s] INFO:colcon.colcon_core.shell:Creating prefix chain script '/home/luis-a/mirobot_ws/install/setup.ps1'
[0.356s] INFO:colcon.colcon_core.shell:Creating prefix script '/home/luis-a/mirobot_ws/install/local_setup.sh'
[0.356s] INFO:colcon.colcon_core.shell:Creating prefix util module '/home/luis-a/mirobot_ws/install/_local_setup_util_sh.py'
[0.357s] INFO:colcon.colcon_core.shell:Creating prefix chain script '/home/luis-a/mirobot_ws/install/setup.sh'
[0.357s] INFO:colcon.colcon_core.shell:Creating prefix script '/home/luis-a/mirobot_ws/install/local_setup.bash'
[0.358s] INFO:colcon.colcon_core.shell:Creating prefix chain script '/home/luis-a/mirobot_ws/install/setup.bash'
[0.358s] INFO:colcon.colcon_core.shell:Creating prefix script '/home/luis-a/mirobot_ws/install/local_setup.zsh'
[0.358s] INFO:colcon.colcon_core.shell:Creating prefix chain script '/home/luis-a/mirobot_ws/install/setup.zsh'
