[0.010s] Invoking command in '/home/luis-a/mirobot_ws/build/move_program': CMAKE_PREFIX_PATH=${CMAKE_PREFIX_PATH}:/home/luis-a/ros2_ws/install/my_robot_controller:/opt/ros/humble /usr/bin/cmake --build /home/luis-a/mirobot_ws/build/move_program -- -j32 -l32
[0.036s] [35m[1mConsolidate compiler generated dependencies of target move_program[0m
[0.051s] [ 50%] [32mBuilding CXX object CMakeFiles/move_program.dir/src/move_program.cpp.o[0m
[2.730s] [01m[K/home/luis-a/mirobot_ws/src/move_program/src/move_program.cpp:[m[K In function ‘[01m[Kint main(int, char**)[m[K’:
[2.730s] [01m[K/home/luis-a/mirobot_ws/src/move_program/src/move_program.cpp:50:18:[m[K [01;31m[Kerror: [m[K‘[01m[KPoseStamped[m[K’ is not a member of ‘[01m[Kgeometry_msgs[m[K’; did you mean ‘[01m[Kgeometry_msgs::msg::PoseStamped[m[K’?
[2.730s]    50 |   geometry_msgs::[01;31m[KPoseStamped[m[K randomPose = move_group_interface.getRandomPose();
[2.730s]       |                  [01;31m[K^~~~~~~~~~~[m[K
[2.730s] In file included from [01m[K/opt/ros/humble/include/moveit_msgs/moveit_msgs/msg/detail/visibility_constraint__struct.hpp:21[m[K,
[2.731s]                  from [01m[K/opt/ros/humble/include/moveit_msgs/moveit_msgs/msg/detail/constraints__struct.hpp:26[m[K,
[2.731s]                  from [01m[K/opt/ros/humble/include/moveit_msgs/moveit_msgs/msg/constraints.hpp:7[m[K,
[2.731s]                  from [01m[K/opt/ros/humble/include/moveit/move_group_interface/move_group_interface.h:46[m[K,
[2.731s]                  from [01m[K/home/luis-a/mirobot_ws/src/move_program/src/move_program.cpp:3[m[K:
[2.731s] [01m[K/opt/ros/humble/include/geometry_msgs/geometry_msgs/msg/detail/pose_stamped__struct.hpp:135:7:[m[K [01;36m[Knote: [m[K‘[01m[Kgeometry_msgs::msg::PoseStamped[m[K’ declared here
[2.731s]   135 | using [01;36m[KPoseStamped[m[K =
[2.731s]       |       [01;36m[K^~~~~~~~~~~[m[K
[2.734s] In file included from [01m[K/opt/ros/humble/include/rclcpp/rclcpp/logging.hpp:24[m[K,
[2.734s]                  from [01m[K/opt/ros/humble/include/rclcpp/rclcpp/client.hpp:40[m[K,
[2.734s]                  from [01m[K/opt/ros/humble/include/rclcpp/rclcpp/callback_group.hpp:24[m[K,
[2.734s]                  from [01m[K/opt/ros/humble/include/rclcpp/rclcpp/any_executable.hpp:20[m[K,
[2.734s]                  from [01m[K/opt/ros/humble/include/rclcpp/rclcpp/memory_strategy.hpp:25[m[K,
[2.735s]                  from [01m[K/opt/ros/humble/include/rclcpp/rclcpp/memory_strategies.hpp:18[m[K,
[2.735s]                  from [01m[K/opt/ros/humble/include/rclcpp/rclcpp/executor_options.hpp:20[m[K,
[2.735s]                  from [01m[K/opt/ros/humble/include/rclcpp/rclcpp/executor.hpp:37[m[K,
[2.735s]                  from [01m[K/opt/ros/humble/include/rclcpp/rclcpp/executors/multi_threaded_executor.hpp:25[m[K,
[2.735s]                  from [01m[K/opt/ros/humble/include/rclcpp/rclcpp/executors.hpp:21[m[K,
[2.735s]                  from [01m[K/opt/ros/humble/include/rclcpp/rclcpp/rclcpp.hpp:155[m[K,
[2.735s]                  from [01m[K/home/luis-a/mirobot_ws/src/move_program/src/move_program.cpp:2[m[K:
[2.735s] [01m[K/home/luis-a/mirobot_ws/src/move_program/src/move_program.cpp:51:29:[m[K [01;31m[Kerror: [m[K‘[01m[KrandomPose[m[K’ was not declared in this scope; did you mean ‘[01m[Krandom_r[m[K’?
[2.735s]    51 |   RCLCPP_INFO(logger, "%s", [01;31m[KrandomPose[m[K);
[2.735s]       |                             [01;31m[K^~~~~~~~~~[m[K
[4.240s] gmake[2]: *** [CMakeFiles/move_program.dir/build.make:76: CMakeFiles/move_program.dir/src/move_program.cpp.o] Error 1
[4.240s] gmake[1]: *** [CMakeFiles/Makefile2:137: CMakeFiles/move_program.dir/all] Error 2
[4.241s] gmake: *** [Makefile:146: all] Error 2
[4.243s] Invoked command in '/home/luis-a/mirobot_ws/build/move_program' returned '2': CMAKE_PREFIX_PATH=${CMAKE_PREFIX_PATH}:/home/luis-a/ros2_ws/install/my_robot_controller:/opt/ros/humble /usr/bin/cmake --build /home/luis-a/mirobot_ws/build/move_program -- -j32 -l32
