[0.008s] Invoking command in '/home/luis-a/mirobot_ws/build/move_program': CMAKE_PREFIX_PATH=/opt/ros/humble:${CMAKE_PREFIX_PATH} /usr/bin/cmake --build /home/luis-a/mirobot_ws/build/move_program -- -j32 -l32
[0.043s] [100%] Built target move_program
[0.051s] Invoked command in '/home/luis-a/mirobot_ws/build/move_program' returned '0': CMAKE_PREFIX_PATH=/opt/ros/humble:${CMAKE_PREFIX_PATH} /usr/bin/cmake --build /home/luis-a/mirobot_ws/build/move_program -- -j32 -l32
[0.066s] Invoking command in '/home/luis-a/mirobot_ws/build/move_program': CMAKE_PREFIX_PATH=/opt/ros/humble:${CMAKE_PREFIX_PATH} /usr/bin/cmake --install /home/luis-a/mirobot_ws/build/move_program
[0.070s] -- Install configuration: ""
[0.070s] -- Up-to-date: /home/luis-a/mirobot_ws/install/move_program/lib/move_program/move_program
[0.070s] -- Up-to-date: /home/luis-a/mirobot_ws/install/move_program/share/ament_index/resource_index/package_run_dependencies/move_program
[0.070s] -- Up-to-date: /home/luis-a/mirobot_ws/install/move_program/share/ament_index/resource_index/parent_prefix_path/move_program
[0.070s] -- Up-to-date: /home/luis-a/mirobot_ws/install/move_program/share/move_program/environment/ament_prefix_path.sh
[0.070s] -- Up-to-date: /home/luis-a/mirobot_ws/install/move_program/share/move_program/environment/ament_prefix_path.dsv
[0.071s] -- Up-to-date: /home/luis-a/mirobot_ws/install/move_program/share/move_program/environment/path.sh
[0.071s] -- Up-to-date: /home/luis-a/mirobot_ws/install/move_program/share/move_program/environment/path.dsv
[0.071s] -- Up-to-date: /home/luis-a/mirobot_ws/install/move_program/share/move_program/local_setup.bash
[0.071s] -- Up-to-date: /home/luis-a/mirobot_ws/install/move_program/share/move_program/local_setup.sh
[0.071s] -- Up-to-date: /home/luis-a/mirobot_ws/install/move_program/share/move_program/local_setup.zsh
[0.071s] -- Up-to-date: /home/luis-a/mirobot_ws/install/move_program/share/move_program/local_setup.dsv
[0.071s] -- Installing: /home/luis-a/mirobot_ws/install/move_program/share/move_program/package.dsv
[0.071s] -- Up-to-date: /home/luis-a/mirobot_ws/install/move_program/share/ament_index/resource_index/packages/move_program
[0.071s] -- Up-to-date: /home/luis-a/mirobot_ws/install/move_program/share/move_program/cmake/move_programConfig.cmake
[0.071s] -- Up-to-date: /home/luis-a/mirobot_ws/install/move_program/share/move_program/cmake/move_programConfig-version.cmake
[0.071s] -- Up-to-date: /home/luis-a/mirobot_ws/install/move_program/share/move_program/package.xml
[0.077s] Invoked command in '/home/luis-a/mirobot_ws/build/move_program' returned '0': CMAKE_PREFIX_PATH=/opt/ros/humble:${CMAKE_PREFIX_PATH} /usr/bin/cmake --install /home/luis-a/mirobot_ws/build/move_program
