[0.008s] Invoking command in '/home/luis-a/mirobot_ws/build/mirobot_urdf_2': CMAKE_PREFIX_PATH=/home/luis-a/ros2_ws/install/my_robot_controller:/opt/ros/humble /usr/bin/cmake /home/luis-a/mirobot_ws/src/mirobot_urdf_2 -DCMAKE_INSTALL_PREFIX=/home/luis-a/mirobot_ws/install/mirobot_urdf_2
[0.038s] -- The C compiler identification is GNU 11.4.0
[0.069s] -- The CXX compiler identification is GNU 11.4.0
[0.073s] -- Detecting C compiler ABI info
[0.112s] -- Detecting C compiler ABI info - done
[0.115s] -- Check for working C compiler: /usr/bin/cc - skipped
[0.115s] -- Detecting C compile features
[0.116s] -- Detecting C compile features - done
[0.117s] -- Detecting CXX compiler ABI info
[0.161s] -- Detecting CXX compiler ABI info - done
[0.165s] -- Check for working CXX compiler: /usr/bin/c++ - skipped
[0.165s] -- Detecting CXX compile features
[0.165s] -- Detecting CXX compile features - done
[0.167s] -- Found ament_cmake: 1.3.10 (/opt/ros/humble/share/ament_cmake/cmake)
[0.246s] -- Found Python3: /usr/bin/python3 (found version "3.10.12") found components: Interpreter 
[0.291s] -- Found ament_lint_auto: 0.12.11 (/opt/ros/humble/share/ament_lint_auto/cmake)
[0.334s] -- Added test 'flake8' to check Python code syntax and style conventions
[0.335s] -- Added test 'lint_cmake' to check CMake code style
[0.335s] -- Added test 'pep257' to check Python code against some of the docstring style conventions in PEP 257
[0.336s] -- Added test 'xmllint' to check XML markup files
[0.337s] -- Configuring done
[0.339s] -- Generating done
[0.340s] -- Build files have been written to: /home/luis-a/mirobot_ws/build/mirobot_urdf_2
[0.343s] Invoked command in '/home/luis-a/mirobot_ws/build/mirobot_urdf_2' returned '0': CMAKE_PREFIX_PATH=/home/luis-a/ros2_ws/install/my_robot_controller:/opt/ros/humble /usr/bin/cmake /home/luis-a/mirobot_ws/src/mirobot_urdf_2 -DCMAKE_INSTALL_PREFIX=/home/luis-a/mirobot_ws/install/mirobot_urdf_2
[0.343s] Invoking command in '/home/luis-a/mirobot_ws/build/mirobot_urdf_2': CMAKE_PREFIX_PATH=/home/luis-a/ros2_ws/install/my_robot_controller:/opt/ros/humble /usr/bin/cmake --build /home/luis-a/mirobot_ws/build/mirobot_urdf_2 -- -j32 -l32
[0.367s] Invoked command in '/home/luis-a/mirobot_ws/build/mirobot_urdf_2' returned '0': CMAKE_PREFIX_PATH=/home/luis-a/ros2_ws/install/my_robot_controller:/opt/ros/humble /usr/bin/cmake --build /home/luis-a/mirobot_ws/build/mirobot_urdf_2 -- -j32 -l32
[0.382s] Invoking command in '/home/luis-a/mirobot_ws/build/mirobot_urdf_2': CMAKE_PREFIX_PATH=/home/luis-a/ros2_ws/install/my_robot_controller:/opt/ros/humble /usr/bin/cmake --install /home/luis-a/mirobot_ws/build/mirobot_urdf_2
[0.385s] -- Install configuration: ""
[0.385s] -- Installing: /home/luis-a/mirobot_ws/install/mirobot_urdf_2/share/ament_index/resource_index/package_run_dependencies/mirobot_urdf_2
[0.385s] -- Installing: /home/luis-a/mirobot_ws/install/mirobot_urdf_2/share/ament_index/resource_index/parent_prefix_path/mirobot_urdf_2
[0.386s] -- Installing: /home/luis-a/mirobot_ws/install/mirobot_urdf_2/share/mirobot_urdf_2/environment/ament_prefix_path.sh
[0.386s] -- Installing: /home/luis-a/mirobot_ws/install/mirobot_urdf_2/share/mirobot_urdf_2/environment/ament_prefix_path.dsv
[0.386s] -- Installing: /home/luis-a/mirobot_ws/install/mirobot_urdf_2/share/mirobot_urdf_2/environment/path.sh
[0.386s] -- Installing: /home/luis-a/mirobot_ws/install/mirobot_urdf_2/share/mirobot_urdf_2/environment/path.dsv
[0.386s] -- Installing: /home/luis-a/mirobot_ws/install/mirobot_urdf_2/share/mirobot_urdf_2/local_setup.bash
[0.386s] -- Installing: /home/luis-a/mirobot_ws/install/mirobot_urdf_2/share/mirobot_urdf_2/local_setup.sh
[0.386s] -- Installing: /home/luis-a/mirobot_ws/install/mirobot_urdf_2/share/mirobot_urdf_2/local_setup.zsh
[0.386s] -- Installing: /home/luis-a/mirobot_ws/install/mirobot_urdf_2/share/mirobot_urdf_2/local_setup.dsv
[0.386s] -- Installing: /home/luis-a/mirobot_ws/install/mirobot_urdf_2/share/mirobot_urdf_2/package.dsv
[0.386s] -- Installing: /home/luis-a/mirobot_ws/install/mirobot_urdf_2/share/ament_index/resource_index/packages/mirobot_urdf_2
[0.386s] -- Installing: /home/luis-a/mirobot_ws/install/mirobot_urdf_2/share/mirobot_urdf_2/cmake/mirobot_urdf_2Config.cmake
[0.386s] -- Installing: /home/luis-a/mirobot_ws/install/mirobot_urdf_2/share/mirobot_urdf_2/cmake/mirobot_urdf_2Config-version.cmake
[0.387s] -- Installing: /home/luis-a/mirobot_ws/install/mirobot_urdf_2/share/mirobot_urdf_2/package.xml
[0.391s] Invoked command in '/home/luis-a/mirobot_ws/build/mirobot_urdf_2' returned '0': CMAKE_PREFIX_PATH=/home/luis-a/ros2_ws/install/my_robot_controller:/opt/ros/humble /usr/bin/cmake --install /home/luis-a/mirobot_ws/build/mirobot_urdf_2
