[0.004s] Invoking command in '/home/luis-a/mirobot_ws/build/mirobot_moveit_config': AMENT_PREFIX_PATH=/home/luis-a/mirobot_ws/install/mirobot_urdf_2:${AMENT_PREFIX_PATH} CMAKE_PREFIX_PATH=/home/luis-a/mirobot_ws/install/mirobot_urdf_2:/home/luis-a/ros2_ws/install/my_robot_controller:/opt/ros/humble /usr/bin/cmake /home/luis-a/mirobot_ws/src/mirobot_moveit_config -DCMAKE_INSTALL_PREFIX=/home/luis-a/mirobot_ws/install/mirobot_moveit_config
[0.036s] -- The C compiler identification is GNU 11.4.0
[0.069s] -- The CXX compiler identification is GNU 11.4.0
[0.073s] -- Detecting C compiler ABI info
[0.117s] -- Detecting C compiler ABI info - done
[0.121s] -- Check for working C compiler: /usr/bin/cc - skipped
[0.121s] -- Detecting C compile features
[0.121s] -- Detecting C compile features - done
[0.123s] -- Detecting CXX compiler ABI info
[0.171s] -- Detecting CXX compiler ABI info - done
[0.174s] -- Check for working CXX compiler: /usr/bin/c++ - skipped
[0.174s] -- Detecting CXX compile features
[0.175s] -- Detecting CXX compile features - done
[0.177s] -- Found ament_cmake: 1.3.10 (/opt/ros/humble/share/ament_cmake/cmake)
[0.263s] -- Found Python3: /usr/bin/python3 (found version "3.10.12") found components: Interpreter 
[0.349s] -- Configuring done
[0.350s] -- Generating done
[0.351s] -- Build files have been written to: /home/luis-a/mirobot_ws/build/mirobot_moveit_config
[0.354s] Invoked command in '/home/luis-a/mirobot_ws/build/mirobot_moveit_config' returned '0': AMENT_PREFIX_PATH=/home/luis-a/mirobot_ws/install/mirobot_urdf_2:${AMENT_PREFIX_PATH} CMAKE_PREFIX_PATH=/home/luis-a/mirobot_ws/install/mirobot_urdf_2:/home/luis-a/ros2_ws/install/my_robot_controller:/opt/ros/humble /usr/bin/cmake /home/luis-a/mirobot_ws/src/mirobot_moveit_config -DCMAKE_INSTALL_PREFIX=/home/luis-a/mirobot_ws/install/mirobot_moveit_config
[0.355s] Invoking command in '/home/luis-a/mirobot_ws/build/mirobot_moveit_config': AMENT_PREFIX_PATH=/home/luis-a/mirobot_ws/install/mirobot_urdf_2:${AMENT_PREFIX_PATH} CMAKE_PREFIX_PATH=/home/luis-a/mirobot_ws/install/mirobot_urdf_2:/home/luis-a/ros2_ws/install/my_robot_controller:/opt/ros/humble /usr/bin/cmake --build /home/luis-a/mirobot_ws/build/mirobot_moveit_config -- -j32 -l32
[0.377s] Invoked command in '/home/luis-a/mirobot_ws/build/mirobot_moveit_config' returned '0': AMENT_PREFIX_PATH=/home/luis-a/mirobot_ws/install/mirobot_urdf_2:${AMENT_PREFIX_PATH} CMAKE_PREFIX_PATH=/home/luis-a/mirobot_ws/install/mirobot_urdf_2:/home/luis-a/ros2_ws/install/my_robot_controller:/opt/ros/humble /usr/bin/cmake --build /home/luis-a/mirobot_ws/build/mirobot_moveit_config -- -j32 -l32
[0.390s] Invoking command in '/home/luis-a/mirobot_ws/build/mirobot_moveit_config': AMENT_PREFIX_PATH=/home/luis-a/mirobot_ws/install/mirobot_urdf_2:${AMENT_PREFIX_PATH} CMAKE_PREFIX_PATH=/home/luis-a/mirobot_ws/install/mirobot_urdf_2:/home/luis-a/ros2_ws/install/my_robot_controller:/opt/ros/humble /usr/bin/cmake --install /home/luis-a/mirobot_ws/build/mirobot_moveit_config
[0.393s] -- Install configuration: ""
[0.394s] -- Installing: /home/luis-a/mirobot_ws/install/mirobot_moveit_config/share/ament_index/resource_index/package_run_dependencies/mirobot_moveit_config
[0.394s] -- Installing: /home/luis-a/mirobot_ws/install/mirobot_moveit_config/share/ament_index/resource_index/parent_prefix_path/mirobot_moveit_config
[0.394s] -- Installing: /home/luis-a/mirobot_ws/install/mirobot_moveit_config/share/mirobot_moveit_config/environment/ament_prefix_path.sh
[0.394s] -- Installing: /home/luis-a/mirobot_ws/install/mirobot_moveit_config/share/mirobot_moveit_config/environment/ament_prefix_path.dsv
[0.394s] -- Installing: /home/luis-a/mirobot_ws/install/mirobot_moveit_config/share/mirobot_moveit_config/environment/path.sh
[0.394s] -- Installing: /home/luis-a/mirobot_ws/install/mirobot_moveit_config/share/mirobot_moveit_config/environment/path.dsv
[0.394s] -- Installing: /home/luis-a/mirobot_ws/install/mirobot_moveit_config/share/mirobot_moveit_config/local_setup.bash
[0.394s] -- Installing: /home/luis-a/mirobot_ws/install/mirobot_moveit_config/share/mirobot_moveit_config/local_setup.sh
[0.394s] -- Installing: /home/luis-a/mirobot_ws/install/mirobot_moveit_config/share/mirobot_moveit_config/local_setup.zsh
[0.394s] -- Installing: /home/luis-a/mirobot_ws/install/mirobot_moveit_config/share/mirobot_moveit_config/local_setup.dsv
[0.395s] -- Installing: /home/luis-a/mirobot_ws/install/mirobot_moveit_config/share/mirobot_moveit_config/package.dsv
[0.395s] -- Installing: /home/luis-a/mirobot_ws/install/mirobot_moveit_config/share/ament_index/resource_index/packages/mirobot_moveit_config
[0.395s] -- Installing: /home/luis-a/mirobot_ws/install/mirobot_moveit_config/share/mirobot_moveit_config/cmake/mirobot_moveit_configConfig.cmake
[0.395s] -- Installing: /home/luis-a/mirobot_ws/install/mirobot_moveit_config/share/mirobot_moveit_config/cmake/mirobot_moveit_configConfig-version.cmake
[0.395s] -- Installing: /home/luis-a/mirobot_ws/install/mirobot_moveit_config/share/mirobot_moveit_config/package.xml
[0.395s] -- Installing: /home/luis-a/mirobot_ws/install/mirobot_moveit_config/share/mirobot_moveit_config/launch
[0.395s] -- Installing: /home/luis-a/mirobot_ws/install/mirobot_moveit_config/share/mirobot_moveit_config/launch/rsp.launch.py
[0.395s] -- Installing: /home/luis-a/mirobot_ws/install/mirobot_moveit_config/share/mirobot_moveit_config/launch/move_group.launch.py
[0.395s] -- Installing: /home/luis-a/mirobot_ws/install/mirobot_moveit_config/share/mirobot_moveit_config/launch/warehouse_db.launch.py
[0.395s] -- Installing: /home/luis-a/mirobot_ws/install/mirobot_moveit_config/share/mirobot_moveit_config/launch/moveit_rviz.launch.py
[0.395s] -- Installing: /home/luis-a/mirobot_ws/install/mirobot_moveit_config/share/mirobot_moveit_config/launch/setup_assistant.launch.py
[0.395s] -- Installing: /home/luis-a/mirobot_ws/install/mirobot_moveit_config/share/mirobot_moveit_config/launch/demo.launch.py
[0.395s] -- Installing: /home/luis-a/mirobot_ws/install/mirobot_moveit_config/share/mirobot_moveit_config/launch/spawn_controllers.launch.py
[0.396s] -- Installing: /home/luis-a/mirobot_ws/install/mirobot_moveit_config/share/mirobot_moveit_config/launch/static_virtual_joint_tfs.launch.py
[0.396s] -- Installing: /home/luis-a/mirobot_ws/install/mirobot_moveit_config/share/mirobot_moveit_config/config
[0.396s] -- Installing: /home/luis-a/mirobot_ws/install/mirobot_moveit_config/share/mirobot_moveit_config/config/moveit_controllers.yaml
[0.396s] -- Installing: /home/luis-a/mirobot_ws/install/mirobot_moveit_config/share/mirobot_moveit_config/config/mirobot_urdf_2.ros2_control.xacro
[0.396s] -- Installing: /home/luis-a/mirobot_ws/install/mirobot_moveit_config/share/mirobot_moveit_config/config/mirobot_urdf_2.urdf.xacro
[0.396s] -- Installing: /home/luis-a/mirobot_ws/install/mirobot_moveit_config/share/mirobot_moveit_config/config/ros2_controllers.yaml
[0.396s] -- Installing: /home/luis-a/mirobot_ws/install/mirobot_moveit_config/share/mirobot_moveit_config/config/kinematics.yaml
[0.396s] -- Installing: /home/luis-a/mirobot_ws/install/mirobot_moveit_config/share/mirobot_moveit_config/config/moveit.rviz
[0.396s] -- Installing: /home/luis-a/mirobot_ws/install/mirobot_moveit_config/share/mirobot_moveit_config/config/pilz_cartesian_limits.yaml
[0.396s] -- Installing: /home/luis-a/mirobot_ws/install/mirobot_moveit_config/share/mirobot_moveit_config/config/joint_limits.yaml
[0.396s] -- Installing: /home/luis-a/mirobot_ws/install/mirobot_moveit_config/share/mirobot_moveit_config/config/initial_positions.yaml
[0.396s] -- Installing: /home/luis-a/mirobot_ws/install/mirobot_moveit_config/share/mirobot_moveit_config/config/mirobot_urdf_2.srdf
[0.396s] -- Installing: /home/luis-a/mirobot_ws/install/mirobot_moveit_config/share/mirobot_moveit_config/.setup_assistant
[0.397s] Invoked command in '/home/luis-a/mirobot_ws/build/mirobot_moveit_config' returned '0': AMENT_PREFIX_PATH=/home/luis-a/mirobot_ws/install/mirobot_urdf_2:${AMENT_PREFIX_PATH} CMAKE_PREFIX_PATH=/home/luis-a/mirobot_ws/install/mirobot_urdf_2:/home/luis-a/ros2_ws/install/my_robot_controller:/opt/ros/humble /usr/bin/cmake --install /home/luis-a/mirobot_ws/build/mirobot_moveit_config
