[0.007s] Invoking command in '/home/luis-a/mirobot_ws/build/mirobot_package': CMAKE_PREFIX_PATH=${CMAKE_PREFIX_PATH}:/home/luis-a/ros2_ws/install/my_robot_controller:/opt/ros/humble /usr/bin/cmake --build /home/luis-a/mirobot_ws/build/mirobot_package -- -j32 -l32
[0.044s] [ 50%] [32mBuilding CXX object CMakeFiles/mirobot_node.dir/src/mirobot_node.cpp.o[0m
[2.836s] [01m[K/home/luis-a/mirobot_ws/src/mirobot_package/src/mirobot_node.cpp:[m[K In member function ‘[01m[Kvoid Mirobot::initMoveGroupInterface()[m[K’:
[2.836s] [01m[K/home/luis-a/mirobot_ws/src/mirobot_package/src/mirobot_node.cpp:42:97:[m[K [01;31m[Kerror: [m[Kreference to ‘[01m[Kshared_from_this[m[K’ is ambiguous
[2.836s]    42 |         move_group_interface = std::make_shared<moveit::planning_interface::MoveGroupInterface>([01;31m[Kshared_from_this[m[K(), "panda_arm");
[2.836s]       |                                                                                                 [01;31m[K^~~~~~~~~~~~~~~~[m[K
[2.837s] In file included from [01m[K/usr/include/c++/11/memory:77[m[K,
[2.837s]                  from [01m[K/opt/ros/humble/include/rclcpp/rclcpp/rclcpp.hpp:153[m[K,
[2.837s]                  from [01m[K/home/luis-a/mirobot_ws/src/mirobot_package/src/mirobot_node.cpp:1[m[K:
[2.837s] [01m[K/usr/include/c++/11/bits/shared_ptr.h:811:7:[m[K [01;36m[Knote: [m[Kcandidates are: ‘[01m[Kstd::shared_ptr<const _Tp> std::enable_shared_from_this<_Tp>::shared_from_this() const [with _Tp = Mirobot][m[K’
[2.837s]   811 |       [01;36m[Kshared_from_this[m[K() const
[2.837s]       |       [01;36m[K^~~~~~~~~~~~~~~~[m[K
[2.837s] [01m[K/usr/include/c++/11/bits/shared_ptr.h:807:7:[m[K [01;36m[Knote: [m[K                ‘[01m[Kstd::shared_ptr<_Tp> std::enable_shared_from_this<_Tp>::shared_from_this() [with _Tp = Mirobot][m[K’
[2.837s]   807 |       [01;36m[Kshared_from_this[m[K()
[2.837s]       |       [01;36m[K^~~~~~~~~~~~~~~~[m[K
[2.837s] [01m[K/usr/include/c++/11/bits/shared_ptr.h:811:7:[m[K [01;36m[Knote: [m[K                ‘[01m[Kstd::shared_ptr<const _Tp> std::enable_shared_from_this<_Tp>::shared_from_this() const [with _Tp = rclcpp::Node][m[K’
[2.837s]   811 |       [01;36m[Kshared_from_this[m[K() const
[2.837s]       |       [01;36m[K^~~~~~~~~~~~~~~~[m[K
[2.837s] [01m[K/usr/include/c++/11/bits/shared_ptr.h:807:7:[m[K [01;36m[Knote: [m[K                ‘[01m[Kstd::shared_ptr<_Tp> std::enable_shared_from_this<_Tp>::shared_from_this() [with _Tp = rclcpp::Node][m[K’
[2.837s]   807 |       [01;36m[Kshared_from_this[m[K()
[2.837s]       |       [01;36m[K^~~~~~~~~~~~~~~~[m[K
[5.473s] gmake[2]: *** [CMakeFiles/mirobot_node.dir/build.make:76: CMakeFiles/mirobot_node.dir/src/mirobot_node.cpp.o] Error 1
[5.473s] gmake[1]: *** [CMakeFiles/Makefile2:137: CMakeFiles/mirobot_node.dir/all] Error 2
[5.473s] gmake: *** [Makefile:146: all] Error 2
[5.475s] Invoked command in '/home/luis-a/mirobot_ws/build/mirobot_package' returned '2': CMAKE_PREFIX_PATH=${CMAKE_PREFIX_PATH}:/home/luis-a/ros2_ws/install/my_robot_controller:/opt/ros/humble /usr/bin/cmake --build /home/luis-a/mirobot_ws/build/mirobot_package -- -j32 -l32
