[0.057s] DEBUG:colcon:Command line arguments: ['/usr/bin/colcon', 'build']
[0.057s] DEBUG:colcon:Parsed command line arguments: Namespace(log_base=None, log_level=None, verb_name='build', build_base='build', install_base='install', merge_install=False, symlink_install=False, test_result_base=None, continue_on_error=False, executor='parallel', parallel_workers=32, event_handlers=None, ignore_user_meta=False, metas=['./colcon.meta'], base_paths=['.'], packages_ignore=None, packages_ignore_regex=None, paths=None, packages_up_to=None, packages_up_to_regex=None, packages_above=None, packages_above_and_dependencies=None, packages_above_depth=None, packages_select_by_dep=None, packages_skip_by_dep=None, packages_skip_up_to=None, packages_select_build_failed=False, packages_skip_build_finished=False, packages_select_test_failures=False, packages_skip_test_passed=False, packages_select=None, packages_skip=None, packages_select_regex=None, packages_skip_regex=None, packages_start=None, packages_end=None, allow_overriding=[], cmake_args=None, cmake_target=None, cmake_target_skip_unavailable=False, cmake_clean_cache=False, cmake_clean_first=False, cmake_force_configure=False, ament_cmake_args=None, catkin_cmake_args=None, catkin_skip_building_tests=False, mixin_files=None, mixin=None, verb_parser=<colcon_mixin.mixin.mixin_argument.MixinArgumentDecorator object at 0x7b4497943250>, verb_extension=<colcon_core.verb.build.BuildVerb object at 0x7b4497942da0>, main=<bound method BuildVerb.main of <colcon_core.verb.build.BuildVerb object at 0x7b4497942da0>>, mixin_verb=('build',))
[0.133s] Level 1:colcon.colcon_core.package_discovery:discover_packages(colcon_meta) check parameters
[0.133s] Level 1:colcon.colcon_core.package_discovery:discover_packages(recursive) check parameters
[0.133s] Level 1:colcon.colcon_core.package_discovery:discover_packages(ignore) check parameters
[0.133s] Level 1:colcon.colcon_core.package_discovery:discover_packages(path) check parameters
[0.133s] Level 1:colcon.colcon_core.package_discovery:discover_packages(colcon_meta) discover
[0.133s] Level 1:colcon.colcon_core.package_discovery:discover_packages(recursive) discover
[0.133s] INFO:colcon.colcon_core.package_discovery:Crawling recursively for packages in '/home/luis-a/mirobot_ws'
[0.133s] Level 1:colcon.colcon_core.package_identification:_identify(.) by extensions ['ignore', 'ignore_ament_install']
[0.133s] Level 1:colcon.colcon_core.package_identification:_identify(.) by extension 'ignore'
[0.133s] Level 1:colcon.colcon_core.package_identification:_identify(.) by extension 'ignore_ament_install'
[0.133s] Level 1:colcon.colcon_core.package_identification:_identify(.) by extensions ['colcon_pkg']
[0.133s] Level 1:colcon.colcon_core.package_identification:_identify(.) by extension 'colcon_pkg'
[0.133s] Level 1:colcon.colcon_core.package_identification:_identify(.) by extensions ['colcon_meta']
[0.133s] Level 1:colcon.colcon_core.package_identification:_identify(.) by extension 'colcon_meta'
[0.133s] Level 1:colcon.colcon_core.package_identification:_identify(.) by extensions ['ros']
[0.133s] Level 1:colcon.colcon_core.package_identification:_identify(.) by extension 'ros'
[0.138s] Level 1:colcon.colcon_core.package_identification:_identify(.) by extensions ['cmake', 'python']
[0.138s] Level 1:colcon.colcon_core.package_identification:_identify(.) by extension 'cmake'
[0.138s] Level 1:colcon.colcon_core.package_identification:_identify(.) by extension 'python'
[0.138s] Level 1:colcon.colcon_core.package_identification:_identify(.) by extensions ['python_setup_py']
[0.138s] Level 1:colcon.colcon_core.package_identification:_identify(.) by extension 'python_setup_py'
[0.139s] Level 1:colcon.colcon_core.package_identification:_identify(build) by extensions ['ignore', 'ignore_ament_install']
[0.139s] Level 1:colcon.colcon_core.package_identification:_identify(build) by extension 'ignore'
[0.139s] Level 1:colcon.colcon_core.package_identification:_identify(build) ignored
[0.139s] Level 1:colcon.colcon_core.package_identification:_identify(install) by extensions ['ignore', 'ignore_ament_install']
[0.139s] Level 1:colcon.colcon_core.package_identification:_identify(install) by extension 'ignore'
[0.139s] Level 1:colcon.colcon_core.package_identification:_identify(install) ignored
[0.139s] Level 1:colcon.colcon_core.package_identification:_identify(log) by extensions ['ignore', 'ignore_ament_install']
[0.139s] Level 1:colcon.colcon_core.package_identification:_identify(log) by extension 'ignore'
[0.139s] Level 1:colcon.colcon_core.package_identification:_identify(log) ignored
[0.139s] Level 1:colcon.colcon_core.package_identification:_identify(src) by extensions ['ignore', 'ignore_ament_install']
[0.139s] Level 1:colcon.colcon_core.package_identification:_identify(src) by extension 'ignore'
[0.139s] Level 1:colcon.colcon_core.package_identification:_identify(src) by extension 'ignore_ament_install'
[0.139s] Level 1:colcon.colcon_core.package_identification:_identify(src) by extensions ['colcon_pkg']
[0.139s] Level 1:colcon.colcon_core.package_identification:_identify(src) by extension 'colcon_pkg'
[0.139s] Level 1:colcon.colcon_core.package_identification:_identify(src) by extensions ['colcon_meta']
[0.139s] Level 1:colcon.colcon_core.package_identification:_identify(src) by extension 'colcon_meta'
[0.139s] Level 1:colcon.colcon_core.package_identification:_identify(src) by extensions ['ros']
[0.139s] Level 1:colcon.colcon_core.package_identification:_identify(src) by extension 'ros'
[0.139s] Level 1:colcon.colcon_core.package_identification:_identify(src) by extensions ['cmake', 'python']
[0.139s] Level 1:colcon.colcon_core.package_identification:_identify(src) by extension 'cmake'
[0.139s] Level 1:colcon.colcon_core.package_identification:_identify(src) by extension 'python'
[0.139s] Level 1:colcon.colcon_core.package_identification:_identify(src) by extensions ['python_setup_py']
[0.139s] Level 1:colcon.colcon_core.package_identification:_identify(src) by extension 'python_setup_py'
[0.139s] Level 1:colcon.colcon_core.package_identification:_identify(src/hello_moveit) by extensions ['ignore', 'ignore_ament_install']
[0.139s] Level 1:colcon.colcon_core.package_identification:_identify(src/hello_moveit) by extension 'ignore'
[0.139s] Level 1:colcon.colcon_core.package_identification:_identify(src/hello_moveit) by extension 'ignore_ament_install'
[0.139s] Level 1:colcon.colcon_core.package_identification:_identify(src/hello_moveit) by extensions ['colcon_pkg']
[0.139s] Level 1:colcon.colcon_core.package_identification:_identify(src/hello_moveit) by extension 'colcon_pkg'
[0.139s] Level 1:colcon.colcon_core.package_identification:_identify(src/hello_moveit) by extensions ['colcon_meta']
[0.139s] Level 1:colcon.colcon_core.package_identification:_identify(src/hello_moveit) by extension 'colcon_meta'
[0.139s] Level 1:colcon.colcon_core.package_identification:_identify(src/hello_moveit) by extensions ['ros']
[0.139s] Level 1:colcon.colcon_core.package_identification:_identify(src/hello_moveit) by extension 'ros'
[0.140s] DEBUG:colcon.colcon_core.package_identification:Package 'src/hello_moveit' with type 'ros.ament_cmake' and name 'hello_moveit'
[0.140s] Level 1:colcon.colcon_core.package_identification:_identify(src/mirobot_description) by extensions ['ignore', 'ignore_ament_install']
[0.141s] Level 1:colcon.colcon_core.package_identification:_identify(src/mirobot_description) by extension 'ignore'
[0.141s] Level 1:colcon.colcon_core.package_identification:_identify(src/mirobot_description) by extension 'ignore_ament_install'
[0.141s] Level 1:colcon.colcon_core.package_identification:_identify(src/mirobot_description) by extensions ['colcon_pkg']
[0.141s] Level 1:colcon.colcon_core.package_identification:_identify(src/mirobot_description) by extension 'colcon_pkg'
[0.141s] Level 1:colcon.colcon_core.package_identification:_identify(src/mirobot_description) by extensions ['colcon_meta']
[0.141s] Level 1:colcon.colcon_core.package_identification:_identify(src/mirobot_description) by extension 'colcon_meta'
[0.141s] Level 1:colcon.colcon_core.package_identification:_identify(src/mirobot_description) by extensions ['ros']
[0.141s] Level 1:colcon.colcon_core.package_identification:_identify(src/mirobot_description) by extension 'ros'
[0.141s] DEBUG:colcon.colcon_core.package_identification:Package 'src/mirobot_description' with type 'ros.ament_cmake' and name 'mirobot_description'
[0.141s] Level 1:colcon.colcon_core.package_identification:_identify(src/mirobot_package) by extensions ['ignore', 'ignore_ament_install']
[0.141s] Level 1:colcon.colcon_core.package_identification:_identify(src/mirobot_package) by extension 'ignore'
[0.141s] Level 1:colcon.colcon_core.package_identification:_identify(src/mirobot_package) by extension 'ignore_ament_install'
[0.141s] Level 1:colcon.colcon_core.package_identification:_identify(src/mirobot_package) by extensions ['colcon_pkg']
[0.141s] Level 1:colcon.colcon_core.package_identification:_identify(src/mirobot_package) by extension 'colcon_pkg'
[0.141s] Level 1:colcon.colcon_core.package_identification:_identify(src/mirobot_package) by extensions ['colcon_meta']
[0.141s] Level 1:colcon.colcon_core.package_identification:_identify(src/mirobot_package) by extension 'colcon_meta'
[0.141s] Level 1:colcon.colcon_core.package_identification:_identify(src/mirobot_package) by extensions ['ros']
[0.141s] Level 1:colcon.colcon_core.package_identification:_identify(src/mirobot_package) by extension 'ros'
[0.141s] DEBUG:colcon.colcon_core.package_identification:Package 'src/mirobot_package' with type 'ros.ament_cmake' and name 'mirobot_package'
[0.141s] Level 1:colcon.colcon_core.package_identification:_identify(src/mirobot_urdf_2) by extensions ['ignore', 'ignore_ament_install']
[0.142s] Level 1:colcon.colcon_core.package_identification:_identify(src/mirobot_urdf_2) by extension 'ignore'
[0.142s] Level 1:colcon.colcon_core.package_identification:_identify(src/mirobot_urdf_2) by extension 'ignore_ament_install'
[0.142s] Level 1:colcon.colcon_core.package_identification:_identify(src/mirobot_urdf_2) by extensions ['colcon_pkg']
[0.142s] Level 1:colcon.colcon_core.package_identification:_identify(src/mirobot_urdf_2) by extension 'colcon_pkg'
[0.142s] Level 1:colcon.colcon_core.package_identification:_identify(src/mirobot_urdf_2) by extensions ['colcon_meta']
[0.142s] Level 1:colcon.colcon_core.package_identification:_identify(src/mirobot_urdf_2) by extension 'colcon_meta'
[0.142s] Level 1:colcon.colcon_core.package_identification:_identify(src/mirobot_urdf_2) by extensions ['ros']
[0.142s] Level 1:colcon.colcon_core.package_identification:_identify(src/mirobot_urdf_2) by extension 'ros'
[0.142s] DEBUG:colcon.colcon_core.package_identification:Package 'src/mirobot_urdf_2' with type 'ros.ament_cmake' and name 'mirobot_urdf_2'
[0.142s] Level 1:colcon.colcon_core.package_discovery:discover_packages(recursive) using defaults
[0.142s] Level 1:colcon.colcon_core.package_discovery:discover_packages(ignore) discover
[0.142s] Level 1:colcon.colcon_core.package_discovery:discover_packages(ignore) using defaults
[0.142s] Level 1:colcon.colcon_core.package_discovery:discover_packages(path) discover
[0.142s] Level 1:colcon.colcon_core.package_discovery:discover_packages(path) using defaults
[0.156s] Level 1:colcon.colcon_core.package_discovery:discover_packages(prefix_path) check parameters
[0.156s] Level 1:colcon.colcon_core.package_discovery:discover_packages(prefix_path) discover
[0.157s] DEBUG:colcon.colcon_installed_package_information.package_discovery:Found 4 installed packages in /home/luis-a/mirobot_ws/install
[0.157s] DEBUG:colcon.colcon_installed_package_information.package_discovery:Found 1 installed packages in /home/luis-a/ros2_ws/install
[0.158s] DEBUG:colcon.colcon_installed_package_information.package_discovery:Found 341 installed packages in /opt/ros/humble
[0.159s] Level 1:colcon.colcon_core.package_discovery:discover_packages(prefix_path) using defaults
[0.180s] Level 5:colcon.colcon_core.verb:set package 'hello_moveit' build argument 'cmake_args' from command line to 'None'
[0.180s] Level 5:colcon.colcon_core.verb:set package 'hello_moveit' build argument 'cmake_target' from command line to 'None'
[0.180s] Level 5:colcon.colcon_core.verb:set package 'hello_moveit' build argument 'cmake_target_skip_unavailable' from command line to 'False'
[0.180s] Level 5:colcon.colcon_core.verb:set package 'hello_moveit' build argument 'cmake_clean_cache' from command line to 'False'
[0.180s] Level 5:colcon.colcon_core.verb:set package 'hello_moveit' build argument 'cmake_clean_first' from command line to 'False'
[0.180s] Level 5:colcon.colcon_core.verb:set package 'hello_moveit' build argument 'cmake_force_configure' from command line to 'False'
[0.180s] Level 5:colcon.colcon_core.verb:set package 'hello_moveit' build argument 'ament_cmake_args' from command line to 'None'
[0.180s] Level 5:colcon.colcon_core.verb:set package 'hello_moveit' build argument 'catkin_cmake_args' from command line to 'None'
[0.180s] Level 5:colcon.colcon_core.verb:set package 'hello_moveit' build argument 'catkin_skip_building_tests' from command line to 'False'
[0.180s] DEBUG:colcon.colcon_core.verb:Building package 'hello_moveit' with the following arguments: {'ament_cmake_args': None, 'build_base': '/home/luis-a/mirobot_ws/build/hello_moveit', 'catkin_cmake_args': None, 'catkin_skip_building_tests': False, 'cmake_args': None, 'cmake_clean_cache': False, 'cmake_clean_first': False, 'cmake_force_configure': False, 'cmake_target': None, 'cmake_target_skip_unavailable': False, 'install_base': '/home/luis-a/mirobot_ws/install/hello_moveit', 'merge_install': False, 'path': '/home/luis-a/mirobot_ws/src/hello_moveit', 'symlink_install': False, 'test_result_base': None}
[0.180s] Level 5:colcon.colcon_core.verb:set package 'mirobot_description' build argument 'cmake_args' from command line to 'None'
[0.180s] Level 5:colcon.colcon_core.verb:set package 'mirobot_description' build argument 'cmake_target' from command line to 'None'
[0.180s] Level 5:colcon.colcon_core.verb:set package 'mirobot_description' build argument 'cmake_target_skip_unavailable' from command line to 'False'
[0.180s] Level 5:colcon.colcon_core.verb:set package 'mirobot_description' build argument 'cmake_clean_cache' from command line to 'False'
[0.180s] Level 5:colcon.colcon_core.verb:set package 'mirobot_description' build argument 'cmake_clean_first' from command line to 'False'
[0.180s] Level 5:colcon.colcon_core.verb:set package 'mirobot_description' build argument 'cmake_force_configure' from command line to 'False'
[0.180s] Level 5:colcon.colcon_core.verb:set package 'mirobot_description' build argument 'ament_cmake_args' from command line to 'None'
[0.180s] Level 5:colcon.colcon_core.verb:set package 'mirobot_description' build argument 'catkin_cmake_args' from command line to 'None'
[0.180s] Level 5:colcon.colcon_core.verb:set package 'mirobot_description' build argument 'catkin_skip_building_tests' from command line to 'False'
[0.180s] DEBUG:colcon.colcon_core.verb:Building package 'mirobot_description' with the following arguments: {'ament_cmake_args': None, 'build_base': '/home/luis-a/mirobot_ws/build/mirobot_description', 'catkin_cmake_args': None, 'catkin_skip_building_tests': False, 'cmake_args': None, 'cmake_clean_cache': False, 'cmake_clean_first': False, 'cmake_force_configure': False, 'cmake_target': None, 'cmake_target_skip_unavailable': False, 'install_base': '/home/luis-a/mirobot_ws/install/mirobot_description', 'merge_install': False, 'path': '/home/luis-a/mirobot_ws/src/mirobot_description', 'symlink_install': False, 'test_result_base': None}
[0.180s] Level 5:colcon.colcon_core.verb:set package 'mirobot_package' build argument 'cmake_args' from command line to 'None'
[0.180s] Level 5:colcon.colcon_core.verb:set package 'mirobot_package' build argument 'cmake_target' from command line to 'None'
[0.180s] Level 5:colcon.colcon_core.verb:set package 'mirobot_package' build argument 'cmake_target_skip_unavailable' from command line to 'False'
[0.180s] Level 5:colcon.colcon_core.verb:set package 'mirobot_package' build argument 'cmake_clean_cache' from command line to 'False'
[0.180s] Level 5:colcon.colcon_core.verb:set package 'mirobot_package' build argument 'cmake_clean_first' from command line to 'False'
[0.180s] Level 5:colcon.colcon_core.verb:set package 'mirobot_package' build argument 'cmake_force_configure' from command line to 'False'
[0.180s] Level 5:colcon.colcon_core.verb:set package 'mirobot_package' build argument 'ament_cmake_args' from command line to 'None'
[0.180s] Level 5:colcon.colcon_core.verb:set package 'mirobot_package' build argument 'catkin_cmake_args' from command line to 'None'
[0.180s] Level 5:colcon.colcon_core.verb:set package 'mirobot_package' build argument 'catkin_skip_building_tests' from command line to 'False'
[0.180s] DEBUG:colcon.colcon_core.verb:Building package 'mirobot_package' with the following arguments: {'ament_cmake_args': None, 'build_base': '/home/luis-a/mirobot_ws/build/mirobot_package', 'catkin_cmake_args': None, 'catkin_skip_building_tests': False, 'cmake_args': None, 'cmake_clean_cache': False, 'cmake_clean_first': False, 'cmake_force_configure': False, 'cmake_target': None, 'cmake_target_skip_unavailable': False, 'install_base': '/home/luis-a/mirobot_ws/install/mirobot_package', 'merge_install': False, 'path': '/home/luis-a/mirobot_ws/src/mirobot_package', 'symlink_install': False, 'test_result_base': None}
[0.181s] Level 5:colcon.colcon_core.verb:set package 'mirobot_urdf_2' build argument 'cmake_args' from command line to 'None'
[0.181s] Level 5:colcon.colcon_core.verb:set package 'mirobot_urdf_2' build argument 'cmake_target' from command line to 'None'
[0.181s] Level 5:colcon.colcon_core.verb:set package 'mirobot_urdf_2' build argument 'cmake_target_skip_unavailable' from command line to 'False'
[0.181s] Level 5:colcon.colcon_core.verb:set package 'mirobot_urdf_2' build argument 'cmake_clean_cache' from command line to 'False'
[0.181s] Level 5:colcon.colcon_core.verb:set package 'mirobot_urdf_2' build argument 'cmake_clean_first' from command line to 'False'
[0.181s] Level 5:colcon.colcon_core.verb:set package 'mirobot_urdf_2' build argument 'cmake_force_configure' from command line to 'False'
[0.181s] Level 5:colcon.colcon_core.verb:set package 'mirobot_urdf_2' build argument 'ament_cmake_args' from command line to 'None'
[0.181s] Level 5:colcon.colcon_core.verb:set package 'mirobot_urdf_2' build argument 'catkin_cmake_args' from command line to 'None'
[0.181s] Level 5:colcon.colcon_core.verb:set package 'mirobot_urdf_2' build argument 'catkin_skip_building_tests' from command line to 'False'
[0.181s] DEBUG:colcon.colcon_core.verb:Building package 'mirobot_urdf_2' with the following arguments: {'ament_cmake_args': None, 'build_base': '/home/luis-a/mirobot_ws/build/mirobot_urdf_2', 'catkin_cmake_args': None, 'catkin_skip_building_tests': False, 'cmake_args': None, 'cmake_clean_cache': False, 'cmake_clean_first': False, 'cmake_force_configure': False, 'cmake_target': None, 'cmake_target_skip_unavailable': False, 'install_base': '/home/luis-a/mirobot_ws/install/mirobot_urdf_2', 'merge_install': False, 'path': '/home/luis-a/mirobot_ws/src/mirobot_urdf_2', 'symlink_install': False, 'test_result_base': None}
[0.181s] INFO:colcon.colcon_core.executor:Executing jobs using 'parallel' executor
[0.181s] DEBUG:colcon.colcon_parallel_executor.executor.parallel:run_until_complete
[0.181s] INFO:colcon.colcon_ros.task.ament_cmake.build:Building ROS package in '/home/luis-a/mirobot_ws/src/hello_moveit' with build type 'ament_cmake'
[0.181s] INFO:colcon.colcon_cmake.task.cmake.build:Building CMake package in '/home/luis-a/mirobot_ws/src/hello_moveit'
[0.182s] INFO:colcon.colcon_core.plugin_system:Skipping extension 'colcon_core.shell.bat': Not used on non-Windows systems
[0.182s] INFO:colcon.colcon_core.shell:Skip shell extension 'powershell' for command environment: Not usable outside of PowerShell
[0.182s] DEBUG:colcon.colcon_core.shell:Skip shell extension 'dsv' for command environment
[0.184s] INFO:colcon.colcon_ros.task.ament_cmake.build:Building ROS package in '/home/luis-a/mirobot_ws/src/mirobot_description' with build type 'ament_cmake'
[0.185s] INFO:colcon.colcon_cmake.task.cmake.build:Building CMake package in '/home/luis-a/mirobot_ws/src/mirobot_description'
[0.185s] INFO:colcon.colcon_core.shell:Skip shell extension 'powershell' for command environment: Not usable outside of PowerShell
[0.185s] DEBUG:colcon.colcon_core.shell:Skip shell extension 'dsv' for command environment
[0.187s] INFO:colcon.colcon_ros.task.ament_cmake.build:Building ROS package in '/home/luis-a/mirobot_ws/src/mirobot_package' with build type 'ament_cmake'
[0.187s] INFO:colcon.colcon_cmake.task.cmake.build:Building CMake package in '/home/luis-a/mirobot_ws/src/mirobot_package'
[0.187s] INFO:colcon.colcon_core.shell:Skip shell extension 'powershell' for command environment: Not usable outside of PowerShell
[0.187s] DEBUG:colcon.colcon_core.shell:Skip shell extension 'dsv' for command environment
[0.189s] INFO:colcon.colcon_ros.task.ament_cmake.build:Building ROS package in '/home/luis-a/mirobot_ws/src/mirobot_urdf_2' with build type 'ament_cmake'
[0.189s] INFO:colcon.colcon_cmake.task.cmake.build:Building CMake package in '/home/luis-a/mirobot_ws/src/mirobot_urdf_2'
[0.189s] INFO:colcon.colcon_core.shell:Skip shell extension 'powershell' for command environment: Not usable outside of PowerShell
[0.189s] DEBUG:colcon.colcon_core.shell:Skip shell extension 'dsv' for command environment
[0.193s] DEBUG:colcon.colcon_core.event_handler.log_command:Invoking command in '/home/luis-a/mirobot_ws/build/hello_moveit': CMAKE_PREFIX_PATH=${CMAKE_PREFIX_PATH}:/home/luis-a/ros2_ws/install/my_robot_controller:/opt/ros/humble /usr/bin/cmake --build /home/luis-a/mirobot_ws/build/hello_moveit -- -j32 -l32
[0.194s] DEBUG:colcon.colcon_core.event_handler.log_command:Invoking command in '/home/luis-a/mirobot_ws/build/mirobot_description': CMAKE_PREFIX_PATH=${CMAKE_PREFIX_PATH}:/home/luis-a/ros2_ws/install/my_robot_controller:/opt/ros/humble /usr/bin/cmake --build /home/luis-a/mirobot_ws/build/mirobot_description -- -j32 -l32
[0.196s] DEBUG:colcon.colcon_core.event_handler.log_command:Invoking command in '/home/luis-a/mirobot_ws/build/mirobot_package': CMAKE_PREFIX_PATH=${CMAKE_PREFIX_PATH}:/home/luis-a/ros2_ws/install/my_robot_controller:/opt/ros/humble /usr/bin/cmake --build /home/luis-a/mirobot_ws/build/mirobot_package -- -j32 -l32
[0.198s] DEBUG:colcon.colcon_core.event_handler.log_command:Invoking command in '/home/luis-a/mirobot_ws/build/mirobot_urdf_2': CMAKE_PREFIX_PATH=${CMAKE_PREFIX_PATH}:/home/luis-a/ros2_ws/install/my_robot_controller:/opt/ros/humble /usr/bin/cmake --build /home/luis-a/mirobot_ws/build/mirobot_urdf_2 -- -j32 -l32
[0.218s] DEBUG:colcon.colcon_core.event_handler.log_command:Invoked command in '/home/luis-a/mirobot_ws/build/mirobot_description' returned '0': CMAKE_PREFIX_PATH=${CMAKE_PREFIX_PATH}:/home/luis-a/ros2_ws/install/my_robot_controller:/opt/ros/humble /usr/bin/cmake --build /home/luis-a/mirobot_ws/build/mirobot_description -- -j32 -l32
[0.219s] DEBUG:colcon.colcon_core.event_handler.log_command:Invoked command in '/home/luis-a/mirobot_ws/build/mirobot_urdf_2' returned '0': CMAKE_PREFIX_PATH=${CMAKE_PREFIX_PATH}:/home/luis-a/ros2_ws/install/my_robot_controller:/opt/ros/humble /usr/bin/cmake --build /home/luis-a/mirobot_ws/build/mirobot_urdf_2 -- -j32 -l32
[0.237s] DEBUG:colcon.colcon_core.event_handler.log_command:Invoking command in '/home/luis-a/mirobot_ws/build/mirobot_description': CMAKE_PREFIX_PATH=${CMAKE_PREFIX_PATH}:/home/luis-a/ros2_ws/install/my_robot_controller:/opt/ros/humble /usr/bin/cmake --install /home/luis-a/mirobot_ws/build/mirobot_description
[0.238s] DEBUG:colcon.colcon_core.event_handler.log_command:Invoking command in '/home/luis-a/mirobot_ws/build/mirobot_urdf_2': CMAKE_PREFIX_PATH=${CMAKE_PREFIX_PATH}:/home/luis-a/ros2_ws/install/my_robot_controller:/opt/ros/humble /usr/bin/cmake --install /home/luis-a/mirobot_ws/build/mirobot_urdf_2
[0.238s] DEBUG:colcon.colcon_core.event_handler.log_command:Invoked command in '/home/luis-a/mirobot_ws/build/hello_moveit' returned '0': CMAKE_PREFIX_PATH=${CMAKE_PREFIX_PATH}:/home/luis-a/ros2_ws/install/my_robot_controller:/opt/ros/humble /usr/bin/cmake --build /home/luis-a/mirobot_ws/build/hello_moveit -- -j32 -l32
[0.239s] DEBUG:colcon.colcon_core.event_handler.log_command:Invoked command in '/home/luis-a/mirobot_ws/build/mirobot_package' returned '0': CMAKE_PREFIX_PATH=${CMAKE_PREFIX_PATH}:/home/luis-a/ros2_ws/install/my_robot_controller:/opt/ros/humble /usr/bin/cmake --build /home/luis-a/mirobot_ws/build/mirobot_package -- -j32 -l32
[0.243s] Level 1:colcon.colcon_core.environment:create_environment_scripts_only(mirobot_description)
[0.244s] DEBUG:colcon.colcon_core.event_handler.log_command:Invoked command in '/home/luis-a/mirobot_ws/build/mirobot_description' returned '0': CMAKE_PREFIX_PATH=${CMAKE_PREFIX_PATH}:/home/luis-a/ros2_ws/install/my_robot_controller:/opt/ros/humble /usr/bin/cmake --install /home/luis-a/mirobot_ws/build/mirobot_description
[0.245s] Level 1:colcon.colcon_core.environment:checking '/home/luis-a/mirobot_ws/install/mirobot_description' for CMake module files
[0.245s] Level 1:colcon.colcon_core.environment:checking '/home/luis-a/mirobot_ws/install/mirobot_description' for CMake config files
[0.245s] Level 1:colcon.colcon_core.shell:create_environment_hook('mirobot_description', 'cmake_prefix_path')
[0.245s] INFO:colcon.colcon_core.shell:Creating environment hook '/home/luis-a/mirobot_ws/install/mirobot_description/share/mirobot_description/hook/cmake_prefix_path.ps1'
[0.246s] INFO:colcon.colcon_core.shell:Creating environment descriptor '/home/luis-a/mirobot_ws/install/mirobot_description/share/mirobot_description/hook/cmake_prefix_path.dsv'
[0.246s] INFO:colcon.colcon_core.shell:Creating environment hook '/home/luis-a/mirobot_ws/install/mirobot_description/share/mirobot_description/hook/cmake_prefix_path.sh'
[0.246s] Level 1:colcon.colcon_core.environment:checking '/home/luis-a/mirobot_ws/install/mirobot_description/bin'
[0.246s] Level 1:colcon.colcon_core.environment:checking '/home/luis-a/mirobot_ws/install/mirobot_description/lib/pkgconfig/mirobot_description.pc'
[0.246s] Level 1:colcon.colcon_core.environment:checking '/home/luis-a/mirobot_ws/install/mirobot_description/lib/python3.10/site-packages'
[0.246s] Level 1:colcon.colcon_core.environment:checking '/home/luis-a/mirobot_ws/install/mirobot_description/bin'
[0.247s] INFO:colcon.colcon_core.shell:Creating package script '/home/luis-a/mirobot_ws/install/mirobot_description/share/mirobot_description/package.ps1'
[0.247s] INFO:colcon.colcon_core.shell:Creating package descriptor '/home/luis-a/mirobot_ws/install/mirobot_description/share/mirobot_description/package.dsv'
[0.247s] INFO:colcon.colcon_core.shell:Creating package script '/home/luis-a/mirobot_ws/install/mirobot_description/share/mirobot_description/package.sh'
[0.247s] INFO:colcon.colcon_core.shell:Creating package script '/home/luis-a/mirobot_ws/install/mirobot_description/share/mirobot_description/package.bash'
[0.248s] INFO:colcon.colcon_core.shell:Creating package script '/home/luis-a/mirobot_ws/install/mirobot_description/share/mirobot_description/package.zsh'
[0.248s] Level 1:colcon.colcon_core.environment:create_file_with_runtime_dependencies(/home/luis-a/mirobot_ws/install/mirobot_description/share/colcon-core/packages/mirobot_description)
[0.249s] Level 1:colcon.colcon_core.environment:create_environment_scripts_only(mirobot_urdf_2)
[0.249s] Level 1:colcon.colcon_core.environment:checking '/home/luis-a/mirobot_ws/install/mirobot_urdf_2' for CMake module files
[0.249s] DEBUG:colcon.colcon_core.event_handler.log_command:Invoked command in '/home/luis-a/mirobot_ws/build/mirobot_urdf_2' returned '0': CMAKE_PREFIX_PATH=${CMAKE_PREFIX_PATH}:/home/luis-a/ros2_ws/install/my_robot_controller:/opt/ros/humble /usr/bin/cmake --install /home/luis-a/mirobot_ws/build/mirobot_urdf_2
[0.250s] Level 1:colcon.colcon_core.environment:checking '/home/luis-a/mirobot_ws/install/mirobot_urdf_2' for CMake config files
[0.250s] Level 1:colcon.colcon_core.shell:create_environment_hook('mirobot_urdf_2', 'cmake_prefix_path')
[0.250s] INFO:colcon.colcon_core.shell:Creating environment hook '/home/luis-a/mirobot_ws/install/mirobot_urdf_2/share/mirobot_urdf_2/hook/cmake_prefix_path.ps1'
[0.250s] INFO:colcon.colcon_core.shell:Creating environment descriptor '/home/luis-a/mirobot_ws/install/mirobot_urdf_2/share/mirobot_urdf_2/hook/cmake_prefix_path.dsv'
[0.250s] INFO:colcon.colcon_core.shell:Creating environment hook '/home/luis-a/mirobot_ws/install/mirobot_urdf_2/share/mirobot_urdf_2/hook/cmake_prefix_path.sh'
[0.250s] Level 1:colcon.colcon_core.environment:checking '/home/luis-a/mirobot_ws/install/mirobot_urdf_2/bin'
[0.250s] Level 1:colcon.colcon_core.environment:checking '/home/luis-a/mirobot_ws/install/mirobot_urdf_2/lib/pkgconfig/mirobot_urdf_2.pc'
[0.251s] Level 1:colcon.colcon_core.environment:checking '/home/luis-a/mirobot_ws/install/mirobot_urdf_2/lib/python3.10/site-packages'
[0.251s] Level 1:colcon.colcon_core.environment:checking '/home/luis-a/mirobot_ws/install/mirobot_urdf_2/bin'
[0.251s] INFO:colcon.colcon_core.shell:Creating package script '/home/luis-a/mirobot_ws/install/mirobot_urdf_2/share/mirobot_urdf_2/package.ps1'
[0.251s] INFO:colcon.colcon_core.shell:Creating package descriptor '/home/luis-a/mirobot_ws/install/mirobot_urdf_2/share/mirobot_urdf_2/package.dsv'
[0.251s] INFO:colcon.colcon_core.shell:Creating package script '/home/luis-a/mirobot_ws/install/mirobot_urdf_2/share/mirobot_urdf_2/package.sh'
[0.251s] INFO:colcon.colcon_core.shell:Creating package script '/home/luis-a/mirobot_ws/install/mirobot_urdf_2/share/mirobot_urdf_2/package.bash'
[0.252s] INFO:colcon.colcon_core.shell:Creating package script '/home/luis-a/mirobot_ws/install/mirobot_urdf_2/share/mirobot_urdf_2/package.zsh'
[0.252s] Level 1:colcon.colcon_core.environment:create_file_with_runtime_dependencies(/home/luis-a/mirobot_ws/install/mirobot_urdf_2/share/colcon-core/packages/mirobot_urdf_2)
[0.253s] DEBUG:colcon.colcon_core.event_handler.log_command:Invoking command in '/home/luis-a/mirobot_ws/build/hello_moveit': CMAKE_PREFIX_PATH=${CMAKE_PREFIX_PATH}:/home/luis-a/ros2_ws/install/my_robot_controller:/opt/ros/humble /usr/bin/cmake --install /home/luis-a/mirobot_ws/build/hello_moveit
[0.254s] DEBUG:colcon.colcon_core.event_handler.log_command:Invoking command in '/home/luis-a/mirobot_ws/build/mirobot_package': CMAKE_PREFIX_PATH=${CMAKE_PREFIX_PATH}:/home/luis-a/ros2_ws/install/my_robot_controller:/opt/ros/humble /usr/bin/cmake --install /home/luis-a/mirobot_ws/build/mirobot_package
[0.258s] Level 1:colcon.colcon_core.environment:create_environment_scripts_only(hello_moveit)
[0.259s] Level 1:colcon.colcon_core.environment:checking '/home/luis-a/mirobot_ws/install/hello_moveit' for CMake module files
[0.259s] DEBUG:colcon.colcon_core.event_handler.log_command:Invoked command in '/home/luis-a/mirobot_ws/build/hello_moveit' returned '0': CMAKE_PREFIX_PATH=${CMAKE_PREFIX_PATH}:/home/luis-a/ros2_ws/install/my_robot_controller:/opt/ros/humble /usr/bin/cmake --install /home/luis-a/mirobot_ws/build/hello_moveit
[0.259s] Level 1:colcon.colcon_core.environment:checking '/home/luis-a/mirobot_ws/install/hello_moveit' for CMake config files
[0.259s] Level 1:colcon.colcon_core.shell:create_environment_hook('hello_moveit', 'cmake_prefix_path')
[0.259s] INFO:colcon.colcon_core.shell:Creating environment hook '/home/luis-a/mirobot_ws/install/hello_moveit/share/hello_moveit/hook/cmake_prefix_path.ps1'
[0.259s] INFO:colcon.colcon_core.shell:Creating environment descriptor '/home/luis-a/mirobot_ws/install/hello_moveit/share/hello_moveit/hook/cmake_prefix_path.dsv'
[0.260s] INFO:colcon.colcon_core.shell:Creating environment hook '/home/luis-a/mirobot_ws/install/hello_moveit/share/hello_moveit/hook/cmake_prefix_path.sh'
[0.260s] Level 1:colcon.colcon_core.environment:checking '/home/luis-a/mirobot_ws/install/hello_moveit/lib'
[0.260s] Level 1:colcon.colcon_core.environment:checking '/home/luis-a/mirobot_ws/install/hello_moveit/bin'
[0.260s] Level 1:colcon.colcon_core.environment:checking '/home/luis-a/mirobot_ws/install/hello_moveit/lib/pkgconfig/hello_moveit.pc'
[0.260s] Level 1:colcon.colcon_core.environment:checking '/home/luis-a/mirobot_ws/install/hello_moveit/lib/python3.10/site-packages'
[0.260s] Level 1:colcon.colcon_core.environment:checking '/home/luis-a/mirobot_ws/install/hello_moveit/bin'
[0.260s] INFO:colcon.colcon_core.shell:Creating package script '/home/luis-a/mirobot_ws/install/hello_moveit/share/hello_moveit/package.ps1'
[0.261s] INFO:colcon.colcon_core.shell:Creating package descriptor '/home/luis-a/mirobot_ws/install/hello_moveit/share/hello_moveit/package.dsv'
[0.261s] INFO:colcon.colcon_core.shell:Creating package script '/home/luis-a/mirobot_ws/install/hello_moveit/share/hello_moveit/package.sh'
[0.261s] INFO:colcon.colcon_core.shell:Creating package script '/home/luis-a/mirobot_ws/install/hello_moveit/share/hello_moveit/package.bash'
[0.261s] INFO:colcon.colcon_core.shell:Creating package script '/home/luis-a/mirobot_ws/install/hello_moveit/share/hello_moveit/package.zsh'
[0.261s] Level 1:colcon.colcon_core.environment:create_file_with_runtime_dependencies(/home/luis-a/mirobot_ws/install/hello_moveit/share/colcon-core/packages/hello_moveit)
[0.262s] Level 1:colcon.colcon_core.environment:create_environment_scripts_only(mirobot_description)
[0.262s] Level 1:colcon.colcon_core.environment:checking '/home/luis-a/mirobot_ws/install/mirobot_description' for CMake module files
[0.262s] Level 1:colcon.colcon_core.environment:checking '/home/luis-a/mirobot_ws/install/mirobot_description' for CMake config files
[0.262s] Level 1:colcon.colcon_core.shell:create_environment_hook('mirobot_description', 'cmake_prefix_path')
[0.262s] INFO:colcon.colcon_core.shell:Creating environment hook '/home/luis-a/mirobot_ws/install/mirobot_description/share/mirobot_description/hook/cmake_prefix_path.ps1'
[0.263s] INFO:colcon.colcon_core.shell:Creating environment descriptor '/home/luis-a/mirobot_ws/install/mirobot_description/share/mirobot_description/hook/cmake_prefix_path.dsv'
[0.263s] INFO:colcon.colcon_core.shell:Creating environment hook '/home/luis-a/mirobot_ws/install/mirobot_description/share/mirobot_description/hook/cmake_prefix_path.sh'
[0.263s] Level 1:colcon.colcon_core.environment:checking '/home/luis-a/mirobot_ws/install/mirobot_description/bin'
[0.263s] Level 1:colcon.colcon_core.environment:checking '/home/luis-a/mirobot_ws/install/mirobot_description/lib/pkgconfig/mirobot_description.pc'
[0.263s] Level 1:colcon.colcon_core.environment:checking '/home/luis-a/mirobot_ws/install/mirobot_description/lib/python3.10/site-packages'
[0.263s] Level 1:colcon.colcon_core.environment:checking '/home/luis-a/mirobot_ws/install/mirobot_description/bin'
[0.263s] INFO:colcon.colcon_core.shell:Creating package script '/home/luis-a/mirobot_ws/install/mirobot_description/share/mirobot_description/package.ps1'
[0.264s] INFO:colcon.colcon_core.shell:Creating package descriptor '/home/luis-a/mirobot_ws/install/mirobot_description/share/mirobot_description/package.dsv'
[0.264s] INFO:colcon.colcon_core.shell:Creating package script '/home/luis-a/mirobot_ws/install/mirobot_description/share/mirobot_description/package.sh'
[0.264s] INFO:colcon.colcon_core.shell:Creating package script '/home/luis-a/mirobot_ws/install/mirobot_description/share/mirobot_description/package.bash'
[0.264s] INFO:colcon.colcon_core.shell:Creating package script '/home/luis-a/mirobot_ws/install/mirobot_description/share/mirobot_description/package.zsh'
[0.264s] Level 1:colcon.colcon_core.environment:create_file_with_runtime_dependencies(/home/luis-a/mirobot_ws/install/mirobot_description/share/colcon-core/packages/mirobot_description)
[0.265s] Level 1:colcon.colcon_core.environment:create_environment_scripts_only(mirobot_package)
[0.265s] Level 1:colcon.colcon_core.environment:checking '/home/luis-a/mirobot_ws/install/mirobot_package' for CMake module files
[0.265s] DEBUG:colcon.colcon_core.event_handler.log_command:Invoked command in '/home/luis-a/mirobot_ws/build/mirobot_package' returned '0': CMAKE_PREFIX_PATH=${CMAKE_PREFIX_PATH}:/home/luis-a/ros2_ws/install/my_robot_controller:/opt/ros/humble /usr/bin/cmake --install /home/luis-a/mirobot_ws/build/mirobot_package
[0.265s] Level 1:colcon.colcon_core.environment:checking '/home/luis-a/mirobot_ws/install/mirobot_package' for CMake config files
[0.265s] Level 1:colcon.colcon_core.shell:create_environment_hook('mirobot_package', 'cmake_prefix_path')
[0.265s] INFO:colcon.colcon_core.shell:Creating environment hook '/home/luis-a/mirobot_ws/install/mirobot_package/share/mirobot_package/hook/cmake_prefix_path.ps1'
[0.265s] INFO:colcon.colcon_core.shell:Creating environment descriptor '/home/luis-a/mirobot_ws/install/mirobot_package/share/mirobot_package/hook/cmake_prefix_path.dsv'
[0.266s] INFO:colcon.colcon_core.shell:Creating environment hook '/home/luis-a/mirobot_ws/install/mirobot_package/share/mirobot_package/hook/cmake_prefix_path.sh'
[0.266s] Level 1:colcon.colcon_core.environment:checking '/home/luis-a/mirobot_ws/install/mirobot_package/lib'
[0.266s] Level 1:colcon.colcon_core.environment:checking '/home/luis-a/mirobot_ws/install/mirobot_package/bin'
[0.266s] Level 1:colcon.colcon_core.environment:checking '/home/luis-a/mirobot_ws/install/mirobot_package/lib/pkgconfig/mirobot_package.pc'
[0.266s] Level 1:colcon.colcon_core.environment:checking '/home/luis-a/mirobot_ws/install/mirobot_package/lib/python3.10/site-packages'
[0.266s] Level 1:colcon.colcon_core.environment:checking '/home/luis-a/mirobot_ws/install/mirobot_package/bin'
[0.266s] INFO:colcon.colcon_core.shell:Creating package script '/home/luis-a/mirobot_ws/install/mirobot_package/share/mirobot_package/package.ps1'
[0.266s] INFO:colcon.colcon_core.shell:Creating package descriptor '/home/luis-a/mirobot_ws/install/mirobot_package/share/mirobot_package/package.dsv'
[0.267s] INFO:colcon.colcon_core.shell:Creating package script '/home/luis-a/mirobot_ws/install/mirobot_package/share/mirobot_package/package.sh'
[0.267s] INFO:colcon.colcon_core.shell:Creating package script '/home/luis-a/mirobot_ws/install/mirobot_package/share/mirobot_package/package.bash'
[0.267s] INFO:colcon.colcon_core.shell:Creating package script '/home/luis-a/mirobot_ws/install/mirobot_package/share/mirobot_package/package.zsh'
[0.267s] Level 1:colcon.colcon_core.environment:create_file_with_runtime_dependencies(/home/luis-a/mirobot_ws/install/mirobot_package/share/colcon-core/packages/mirobot_package)
[0.268s] Level 1:colcon.colcon_core.environment:create_environment_scripts_only(mirobot_urdf_2)
[0.268s] Level 1:colcon.colcon_core.environment:checking '/home/luis-a/mirobot_ws/install/mirobot_urdf_2' for CMake module files
[0.268s] Level 1:colcon.colcon_core.environment:checking '/home/luis-a/mirobot_ws/install/mirobot_urdf_2' for CMake config files
[0.268s] Level 1:colcon.colcon_core.shell:create_environment_hook('mirobot_urdf_2', 'cmake_prefix_path')
[0.268s] INFO:colcon.colcon_core.shell:Creating environment hook '/home/luis-a/mirobot_ws/install/mirobot_urdf_2/share/mirobot_urdf_2/hook/cmake_prefix_path.ps1'
[0.269s] INFO:colcon.colcon_core.shell:Creating environment descriptor '/home/luis-a/mirobot_ws/install/mirobot_urdf_2/share/mirobot_urdf_2/hook/cmake_prefix_path.dsv'
[0.269s] INFO:colcon.colcon_core.shell:Creating environment hook '/home/luis-a/mirobot_ws/install/mirobot_urdf_2/share/mirobot_urdf_2/hook/cmake_prefix_path.sh'
[0.269s] Level 1:colcon.colcon_core.environment:checking '/home/luis-a/mirobot_ws/install/mirobot_urdf_2/bin'
[0.269s] Level 1:colcon.colcon_core.environment:checking '/home/luis-a/mirobot_ws/install/mirobot_urdf_2/lib/pkgconfig/mirobot_urdf_2.pc'
[0.269s] Level 1:colcon.colcon_core.environment:checking '/home/luis-a/mirobot_ws/install/mirobot_urdf_2/lib/python3.10/site-packages'
[0.269s] Level 1:colcon.colcon_core.environment:checking '/home/luis-a/mirobot_ws/install/mirobot_urdf_2/bin'
[0.269s] INFO:colcon.colcon_core.shell:Creating package script '/home/luis-a/mirobot_ws/install/mirobot_urdf_2/share/mirobot_urdf_2/package.ps1'
[0.269s] INFO:colcon.colcon_core.shell:Creating package descriptor '/home/luis-a/mirobot_ws/install/mirobot_urdf_2/share/mirobot_urdf_2/package.dsv'
[0.270s] INFO:colcon.colcon_core.shell:Creating package script '/home/luis-a/mirobot_ws/install/mirobot_urdf_2/share/mirobot_urdf_2/package.sh'
[0.270s] INFO:colcon.colcon_core.shell:Creating package script '/home/luis-a/mirobot_ws/install/mirobot_urdf_2/share/mirobot_urdf_2/package.bash'
[0.270s] INFO:colcon.colcon_core.shell:Creating package script '/home/luis-a/mirobot_ws/install/mirobot_urdf_2/share/mirobot_urdf_2/package.zsh'
[0.270s] Level 1:colcon.colcon_core.environment:create_file_with_runtime_dependencies(/home/luis-a/mirobot_ws/install/mirobot_urdf_2/share/colcon-core/packages/mirobot_urdf_2)
[0.275s] Level 1:colcon.colcon_core.environment:create_environment_scripts_only(hello_moveit)
[0.275s] Level 1:colcon.colcon_core.environment:checking '/home/luis-a/mirobot_ws/install/hello_moveit' for CMake module files
[0.275s] Level 1:colcon.colcon_core.environment:checking '/home/luis-a/mirobot_ws/install/hello_moveit' for CMake config files
[0.275s] Level 1:colcon.colcon_core.shell:create_environment_hook('hello_moveit', 'cmake_prefix_path')
[0.275s] INFO:colcon.colcon_core.shell:Creating environment hook '/home/luis-a/mirobot_ws/install/hello_moveit/share/hello_moveit/hook/cmake_prefix_path.ps1'
[0.276s] INFO:colcon.colcon_core.shell:Creating environment descriptor '/home/luis-a/mirobot_ws/install/hello_moveit/share/hello_moveit/hook/cmake_prefix_path.dsv'
[0.276s] INFO:colcon.colcon_core.shell:Creating environment hook '/home/luis-a/mirobot_ws/install/hello_moveit/share/hello_moveit/hook/cmake_prefix_path.sh'
[0.276s] Level 1:colcon.colcon_core.environment:checking '/home/luis-a/mirobot_ws/install/hello_moveit/lib'
[0.276s] Level 1:colcon.colcon_core.environment:checking '/home/luis-a/mirobot_ws/install/hello_moveit/bin'
[0.276s] Level 1:colcon.colcon_core.environment:checking '/home/luis-a/mirobot_ws/install/hello_moveit/lib/pkgconfig/hello_moveit.pc'
[0.276s] Level 1:colcon.colcon_core.environment:checking '/home/luis-a/mirobot_ws/install/hello_moveit/lib/python3.10/site-packages'
[0.276s] Level 1:colcon.colcon_core.environment:checking '/home/luis-a/mirobot_ws/install/hello_moveit/bin'
[0.276s] INFO:colcon.colcon_core.shell:Creating package script '/home/luis-a/mirobot_ws/install/hello_moveit/share/hello_moveit/package.ps1'
[0.277s] INFO:colcon.colcon_core.shell:Creating package descriptor '/home/luis-a/mirobot_ws/install/hello_moveit/share/hello_moveit/package.dsv'
[0.277s] INFO:colcon.colcon_core.shell:Creating package script '/home/luis-a/mirobot_ws/install/hello_moveit/share/hello_moveit/package.sh'
[0.277s] INFO:colcon.colcon_core.shell:Creating package script '/home/luis-a/mirobot_ws/install/hello_moveit/share/hello_moveit/package.bash'
[0.277s] INFO:colcon.colcon_core.shell:Creating package script '/home/luis-a/mirobot_ws/install/hello_moveit/share/hello_moveit/package.zsh'
[0.277s] Level 1:colcon.colcon_core.environment:create_file_with_runtime_dependencies(/home/luis-a/mirobot_ws/install/hello_moveit/share/colcon-core/packages/hello_moveit)
[0.281s] Level 1:colcon.colcon_core.environment:create_environment_scripts_only(mirobot_package)
[0.281s] Level 1:colcon.colcon_core.environment:checking '/home/luis-a/mirobot_ws/install/mirobot_package' for CMake module files
[0.281s] Level 1:colcon.colcon_core.environment:checking '/home/luis-a/mirobot_ws/install/mirobot_package' for CMake config files
[0.281s] Level 1:colcon.colcon_core.shell:create_environment_hook('mirobot_package', 'cmake_prefix_path')
[0.281s] INFO:colcon.colcon_core.shell:Creating environment hook '/home/luis-a/mirobot_ws/install/mirobot_package/share/mirobot_package/hook/cmake_prefix_path.ps1'
[0.282s] INFO:colcon.colcon_core.shell:Creating environment descriptor '/home/luis-a/mirobot_ws/install/mirobot_package/share/mirobot_package/hook/cmake_prefix_path.dsv'
[0.282s] INFO:colcon.colcon_core.shell:Creating environment hook '/home/luis-a/mirobot_ws/install/mirobot_package/share/mirobot_package/hook/cmake_prefix_path.sh'
[0.282s] Level 1:colcon.colcon_core.environment:checking '/home/luis-a/mirobot_ws/install/mirobot_package/lib'
[0.282s] Level 1:colcon.colcon_core.environment:checking '/home/luis-a/mirobot_ws/install/mirobot_package/bin'
[0.282s] Level 1:colcon.colcon_core.environment:checking '/home/luis-a/mirobot_ws/install/mirobot_package/lib/pkgconfig/mirobot_package.pc'
[0.282s] Level 1:colcon.colcon_core.environment:checking '/home/luis-a/mirobot_ws/install/mirobot_package/lib/python3.10/site-packages'
[0.282s] Level 1:colcon.colcon_core.environment:checking '/home/luis-a/mirobot_ws/install/mirobot_package/bin'
[0.282s] INFO:colcon.colcon_core.shell:Creating package script '/home/luis-a/mirobot_ws/install/mirobot_package/share/mirobot_package/package.ps1'
[0.283s] INFO:colcon.colcon_core.shell:Creating package descriptor '/home/luis-a/mirobot_ws/install/mirobot_package/share/mirobot_package/package.dsv'
[0.283s] INFO:colcon.colcon_core.shell:Creating package script '/home/luis-a/mirobot_ws/install/mirobot_package/share/mirobot_package/package.sh'
[0.283s] INFO:colcon.colcon_core.shell:Creating package script '/home/luis-a/mirobot_ws/install/mirobot_package/share/mirobot_package/package.bash'
[0.283s] INFO:colcon.colcon_core.shell:Creating package script '/home/luis-a/mirobot_ws/install/mirobot_package/share/mirobot_package/package.zsh'
[0.283s] Level 1:colcon.colcon_core.environment:create_file_with_runtime_dependencies(/home/luis-a/mirobot_ws/install/mirobot_package/share/colcon-core/packages/mirobot_package)
[0.283s] DEBUG:colcon.colcon_parallel_executor.executor.parallel:closing loop
[0.284s] DEBUG:colcon.colcon_parallel_executor.executor.parallel:loop closed
[0.284s] DEBUG:colcon.colcon_parallel_executor.executor.parallel:run_until_complete finished with '0'
[0.284s] DEBUG:colcon.colcon_core.event_reactor:joining thread
[0.286s] INFO:colcon.colcon_core.plugin_system:Skipping extension 'colcon_notification.desktop_notification.terminal_notifier': Not used on non-Darwin systems
[0.286s] INFO:colcon.colcon_core.plugin_system:Skipping extension 'colcon_notification.desktop_notification.win32': Not used on non-Windows systems
[0.286s] INFO:colcon.colcon_notification.desktop_notification:Sending desktop notification using 'notify2'
[0.292s] DEBUG:colcon.colcon_core.event_reactor:joined thread
[0.292s] INFO:colcon.colcon_core.shell:Creating prefix script '/home/luis-a/mirobot_ws/install/local_setup.ps1'
[0.293s] INFO:colcon.colcon_core.shell:Creating prefix util module '/home/luis-a/mirobot_ws/install/_local_setup_util_ps1.py'
[0.293s] INFO:colcon.colcon_core.shell:Creating prefix chain script '/home/luis-a/mirobot_ws/install/setup.ps1'
[0.294s] INFO:colcon.colcon_core.shell:Creating prefix script '/home/luis-a/mirobot_ws/install/local_setup.sh'
[0.294s] INFO:colcon.colcon_core.shell:Creating prefix util module '/home/luis-a/mirobot_ws/install/_local_setup_util_sh.py'
[0.294s] INFO:colcon.colcon_core.shell:Creating prefix chain script '/home/luis-a/mirobot_ws/install/setup.sh'
[0.295s] INFO:colcon.colcon_core.shell:Creating prefix script '/home/luis-a/mirobot_ws/install/local_setup.bash'
[0.295s] INFO:colcon.colcon_core.shell:Creating prefix chain script '/home/luis-a/mirobot_ws/install/setup.bash'
[0.295s] INFO:colcon.colcon_core.shell:Creating prefix script '/home/luis-a/mirobot_ws/install/local_setup.zsh'
[0.296s] INFO:colcon.colcon_core.shell:Creating prefix chain script '/home/luis-a/mirobot_ws/install/setup.zsh'
