[0.054s] DEBUG:colcon:Command line arguments: ['/usr/bin/colcon', 'build']
[0.054s] DEBUG:colcon:Parsed command line arguments: Namespace(log_base=None, log_level=None, verb_name='build', build_base='build', install_base='install', merge_install=False, symlink_install=False, test_result_base=None, continue_on_error=False, executor='parallel', parallel_workers=32, event_handlers=None, ignore_user_meta=False, metas=['./colcon.meta'], base_paths=['.'], packages_ignore=None, packages_ignore_regex=None, paths=None, packages_up_to=None, packages_up_to_regex=None, packages_above=None, packages_above_and_dependencies=None, packages_above_depth=None, packages_select_by_dep=None, packages_skip_by_dep=None, packages_skip_up_to=None, packages_select_build_failed=False, packages_skip_build_finished=False, packages_select_test_failures=False, packages_skip_test_passed=False, packages_select=None, packages_skip=None, packages_select_regex=None, packages_skip_regex=None, packages_start=None, packages_end=None, allow_overriding=[], cmake_args=None, cmake_target=None, cmake_target_skip_unavailable=False, cmake_clean_cache=False, cmake_clean_first=False, cmake_force_configure=False, ament_cmake_args=None, catkin_cmake_args=None, catkin_skip_building_tests=False, mixin_files=None, mixin=None, verb_parser=<colcon_mixin.mixin.mixin_argument.MixinArgumentDecorator object at 0x780725537250>, verb_extension=<colcon_core.verb.build.BuildVerb object at 0x780725536da0>, main=<bound method BuildVerb.main of <colcon_core.verb.build.BuildVerb object at 0x780725536da0>>, mixin_verb=('build',))
[0.127s] Level 1:colcon.colcon_core.package_discovery:discover_packages(colcon_meta) check parameters
[0.127s] Level 1:colcon.colcon_core.package_discovery:discover_packages(recursive) check parameters
[0.127s] Level 1:colcon.colcon_core.package_discovery:discover_packages(ignore) check parameters
[0.127s] Level 1:colcon.colcon_core.package_discovery:discover_packages(path) check parameters
[0.127s] Level 1:colcon.colcon_core.package_discovery:discover_packages(colcon_meta) discover
[0.127s] Level 1:colcon.colcon_core.package_discovery:discover_packages(recursive) discover
[0.127s] INFO:colcon.colcon_core.package_discovery:Crawling recursively for packages in '/home/luis-a/mirobot_ws'
[0.127s] Level 1:colcon.colcon_core.package_identification:_identify(.) by extensions ['ignore', 'ignore_ament_install']
[0.127s] Level 1:colcon.colcon_core.package_identification:_identify(.) by extension 'ignore'
[0.127s] Level 1:colcon.colcon_core.package_identification:_identify(.) by extension 'ignore_ament_install'
[0.127s] Level 1:colcon.colcon_core.package_identification:_identify(.) by extensions ['colcon_pkg']
[0.127s] Level 1:colcon.colcon_core.package_identification:_identify(.) by extension 'colcon_pkg'
[0.127s] Level 1:colcon.colcon_core.package_identification:_identify(.) by extensions ['colcon_meta']
[0.127s] Level 1:colcon.colcon_core.package_identification:_identify(.) by extension 'colcon_meta'
[0.127s] Level 1:colcon.colcon_core.package_identification:_identify(.) by extensions ['ros']
[0.127s] Level 1:colcon.colcon_core.package_identification:_identify(.) by extension 'ros'
[0.133s] Level 1:colcon.colcon_core.package_identification:_identify(.) by extensions ['cmake', 'python']
[0.133s] Level 1:colcon.colcon_core.package_identification:_identify(.) by extension 'cmake'
[0.133s] Level 1:colcon.colcon_core.package_identification:_identify(.) by extension 'python'
[0.133s] Level 1:colcon.colcon_core.package_identification:_identify(.) by extensions ['python_setup_py']
[0.133s] Level 1:colcon.colcon_core.package_identification:_identify(.) by extension 'python_setup_py'
[0.133s] Level 1:colcon.colcon_core.package_identification:_identify(build) by extensions ['ignore', 'ignore_ament_install']
[0.133s] Level 1:colcon.colcon_core.package_identification:_identify(build) by extension 'ignore'
[0.133s] Level 1:colcon.colcon_core.package_identification:_identify(build) ignored
[0.133s] Level 1:colcon.colcon_core.package_identification:_identify(install) by extensions ['ignore', 'ignore_ament_install']
[0.133s] Level 1:colcon.colcon_core.package_identification:_identify(install) by extension 'ignore'
[0.133s] Level 1:colcon.colcon_core.package_identification:_identify(install) ignored
[0.133s] Level 1:colcon.colcon_core.package_identification:_identify(log) by extensions ['ignore', 'ignore_ament_install']
[0.133s] Level 1:colcon.colcon_core.package_identification:_identify(log) by extension 'ignore'
[0.133s] Level 1:colcon.colcon_core.package_identification:_identify(log) ignored
[0.133s] Level 1:colcon.colcon_core.package_identification:_identify(src) by extensions ['ignore', 'ignore_ament_install']
[0.133s] Level 1:colcon.colcon_core.package_identification:_identify(src) by extension 'ignore'
[0.133s] Level 1:colcon.colcon_core.package_identification:_identify(src) by extension 'ignore_ament_install'
[0.133s] Level 1:colcon.colcon_core.package_identification:_identify(src) by extensions ['colcon_pkg']
[0.133s] Level 1:colcon.colcon_core.package_identification:_identify(src) by extension 'colcon_pkg'
[0.133s] Level 1:colcon.colcon_core.package_identification:_identify(src) by extensions ['colcon_meta']
[0.133s] Level 1:colcon.colcon_core.package_identification:_identify(src) by extension 'colcon_meta'
[0.133s] Level 1:colcon.colcon_core.package_identification:_identify(src) by extensions ['ros']
[0.133s] Level 1:colcon.colcon_core.package_identification:_identify(src) by extension 'ros'
[0.133s] Level 1:colcon.colcon_core.package_identification:_identify(src) by extensions ['cmake', 'python']
[0.133s] Level 1:colcon.colcon_core.package_identification:_identify(src) by extension 'cmake'
[0.133s] Level 1:colcon.colcon_core.package_identification:_identify(src) by extension 'python'
[0.133s] Level 1:colcon.colcon_core.package_identification:_identify(src) by extensions ['python_setup_py']
[0.133s] Level 1:colcon.colcon_core.package_identification:_identify(src) by extension 'python_setup_py'
[0.133s] Level 1:colcon.colcon_core.package_identification:_identify(src/hello_moveit) by extensions ['ignore', 'ignore_ament_install']
[0.133s] Level 1:colcon.colcon_core.package_identification:_identify(src/hello_moveit) by extension 'ignore'
[0.133s] Level 1:colcon.colcon_core.package_identification:_identify(src/hello_moveit) by extension 'ignore_ament_install'
[0.133s] Level 1:colcon.colcon_core.package_identification:_identify(src/hello_moveit) by extensions ['colcon_pkg']
[0.133s] Level 1:colcon.colcon_core.package_identification:_identify(src/hello_moveit) by extension 'colcon_pkg'
[0.133s] Level 1:colcon.colcon_core.package_identification:_identify(src/hello_moveit) by extensions ['colcon_meta']
[0.133s] Level 1:colcon.colcon_core.package_identification:_identify(src/hello_moveit) by extension 'colcon_meta'
[0.133s] Level 1:colcon.colcon_core.package_identification:_identify(src/hello_moveit) by extensions ['ros']
[0.133s] Level 1:colcon.colcon_core.package_identification:_identify(src/hello_moveit) by extension 'ros'
[0.134s] DEBUG:colcon.colcon_core.package_identification:Package 'src/hello_moveit' with type 'ros.ament_cmake' and name 'hello_moveit'
[0.134s] Level 1:colcon.colcon_core.package_identification:_identify(src/mirobot_description) by extensions ['ignore', 'ignore_ament_install']
[0.135s] Level 1:colcon.colcon_core.package_identification:_identify(src/mirobot_description) by extension 'ignore'
[0.135s] Level 1:colcon.colcon_core.package_identification:_identify(src/mirobot_description) by extension 'ignore_ament_install'
[0.135s] Level 1:colcon.colcon_core.package_identification:_identify(src/mirobot_description) by extensions ['colcon_pkg']
[0.135s] Level 1:colcon.colcon_core.package_identification:_identify(src/mirobot_description) by extension 'colcon_pkg'
[0.135s] Level 1:colcon.colcon_core.package_identification:_identify(src/mirobot_description) by extensions ['colcon_meta']
[0.135s] Level 1:colcon.colcon_core.package_identification:_identify(src/mirobot_description) by extension 'colcon_meta'
[0.135s] Level 1:colcon.colcon_core.package_identification:_identify(src/mirobot_description) by extensions ['ros']
[0.135s] Level 1:colcon.colcon_core.package_identification:_identify(src/mirobot_description) by extension 'ros'
[0.135s] DEBUG:colcon.colcon_core.package_identification:Package 'src/mirobot_description' with type 'ros.ament_cmake' and name 'mirobot_description'
[0.135s] Level 1:colcon.colcon_core.package_identification:_identify(src/mirobot_package) by extensions ['ignore', 'ignore_ament_install']
[0.135s] Level 1:colcon.colcon_core.package_identification:_identify(src/mirobot_package) by extension 'ignore'
[0.135s] Level 1:colcon.colcon_core.package_identification:_identify(src/mirobot_package) by extension 'ignore_ament_install'
[0.135s] Level 1:colcon.colcon_core.package_identification:_identify(src/mirobot_package) by extensions ['colcon_pkg']
[0.135s] Level 1:colcon.colcon_core.package_identification:_identify(src/mirobot_package) by extension 'colcon_pkg'
[0.135s] Level 1:colcon.colcon_core.package_identification:_identify(src/mirobot_package) by extensions ['colcon_meta']
[0.135s] Level 1:colcon.colcon_core.package_identification:_identify(src/mirobot_package) by extension 'colcon_meta'
[0.135s] Level 1:colcon.colcon_core.package_identification:_identify(src/mirobot_package) by extensions ['ros']
[0.135s] Level 1:colcon.colcon_core.package_identification:_identify(src/mirobot_package) by extension 'ros'
[0.135s] DEBUG:colcon.colcon_core.package_identification:Package 'src/mirobot_package' with type 'ros.ament_cmake' and name 'mirobot_package'
[0.135s] Level 1:colcon.colcon_core.package_identification:_identify(src/mirobot_urdf_2) by extensions ['ignore', 'ignore_ament_install']
[0.135s] Level 1:colcon.colcon_core.package_identification:_identify(src/mirobot_urdf_2) by extension 'ignore'
[0.135s] Level 1:colcon.colcon_core.package_identification:_identify(src/mirobot_urdf_2) by extension 'ignore_ament_install'
[0.135s] Level 1:colcon.colcon_core.package_identification:_identify(src/mirobot_urdf_2) by extensions ['colcon_pkg']
[0.135s] Level 1:colcon.colcon_core.package_identification:_identify(src/mirobot_urdf_2) by extension 'colcon_pkg'
[0.135s] Level 1:colcon.colcon_core.package_identification:_identify(src/mirobot_urdf_2) by extensions ['colcon_meta']
[0.135s] Level 1:colcon.colcon_core.package_identification:_identify(src/mirobot_urdf_2) by extension 'colcon_meta'
[0.135s] Level 1:colcon.colcon_core.package_identification:_identify(src/mirobot_urdf_2) by extensions ['ros']
[0.136s] Level 1:colcon.colcon_core.package_identification:_identify(src/mirobot_urdf_2) by extension 'ros'
[0.136s] DEBUG:colcon.colcon_core.package_identification:Package 'src/mirobot_urdf_2' with type 'ros.ament_cmake' and name 'mirobot_urdf_2'
[0.136s] Level 1:colcon.colcon_core.package_discovery:discover_packages(recursive) using defaults
[0.136s] Level 1:colcon.colcon_core.package_discovery:discover_packages(ignore) discover
[0.136s] Level 1:colcon.colcon_core.package_discovery:discover_packages(ignore) using defaults
[0.136s] Level 1:colcon.colcon_core.package_discovery:discover_packages(path) discover
[0.136s] Level 1:colcon.colcon_core.package_discovery:discover_packages(path) using defaults
[0.150s] Level 1:colcon.colcon_core.package_discovery:discover_packages(prefix_path) check parameters
[0.150s] Level 1:colcon.colcon_core.package_discovery:discover_packages(prefix_path) discover
[0.151s] DEBUG:colcon.colcon_installed_package_information.package_discovery:Found 4 installed packages in /home/luis-a/mirobot_ws/install
[0.151s] DEBUG:colcon.colcon_installed_package_information.package_discovery:Found 1 installed packages in /home/luis-a/ros2_ws/install
[0.152s] DEBUG:colcon.colcon_installed_package_information.package_discovery:Found 341 installed packages in /opt/ros/humble
[0.153s] Level 1:colcon.colcon_core.package_discovery:discover_packages(prefix_path) using defaults
[0.174s] Level 5:colcon.colcon_core.verb:set package 'hello_moveit' build argument 'cmake_args' from command line to 'None'
[0.174s] Level 5:colcon.colcon_core.verb:set package 'hello_moveit' build argument 'cmake_target' from command line to 'None'
[0.174s] Level 5:colcon.colcon_core.verb:set package 'hello_moveit' build argument 'cmake_target_skip_unavailable' from command line to 'False'
[0.174s] Level 5:colcon.colcon_core.verb:set package 'hello_moveit' build argument 'cmake_clean_cache' from command line to 'False'
[0.174s] Level 5:colcon.colcon_core.verb:set package 'hello_moveit' build argument 'cmake_clean_first' from command line to 'False'
[0.174s] Level 5:colcon.colcon_core.verb:set package 'hello_moveit' build argument 'cmake_force_configure' from command line to 'False'
[0.174s] Level 5:colcon.colcon_core.verb:set package 'hello_moveit' build argument 'ament_cmake_args' from command line to 'None'
[0.174s] Level 5:colcon.colcon_core.verb:set package 'hello_moveit' build argument 'catkin_cmake_args' from command line to 'None'
[0.174s] Level 5:colcon.colcon_core.verb:set package 'hello_moveit' build argument 'catkin_skip_building_tests' from command line to 'False'
[0.174s] DEBUG:colcon.colcon_core.verb:Building package 'hello_moveit' with the following arguments: {'ament_cmake_args': None, 'build_base': '/home/luis-a/mirobot_ws/build/hello_moveit', 'catkin_cmake_args': None, 'catkin_skip_building_tests': False, 'cmake_args': None, 'cmake_clean_cache': False, 'cmake_clean_first': False, 'cmake_force_configure': False, 'cmake_target': None, 'cmake_target_skip_unavailable': False, 'install_base': '/home/luis-a/mirobot_ws/install/hello_moveit', 'merge_install': False, 'path': '/home/luis-a/mirobot_ws/src/hello_moveit', 'symlink_install': False, 'test_result_base': None}
[0.174s] Level 5:colcon.colcon_core.verb:set package 'mirobot_description' build argument 'cmake_args' from command line to 'None'
[0.174s] Level 5:colcon.colcon_core.verb:set package 'mirobot_description' build argument 'cmake_target' from command line to 'None'
[0.174s] Level 5:colcon.colcon_core.verb:set package 'mirobot_description' build argument 'cmake_target_skip_unavailable' from command line to 'False'
[0.174s] Level 5:colcon.colcon_core.verb:set package 'mirobot_description' build argument 'cmake_clean_cache' from command line to 'False'
[0.174s] Level 5:colcon.colcon_core.verb:set package 'mirobot_description' build argument 'cmake_clean_first' from command line to 'False'
[0.174s] Level 5:colcon.colcon_core.verb:set package 'mirobot_description' build argument 'cmake_force_configure' from command line to 'False'
[0.174s] Level 5:colcon.colcon_core.verb:set package 'mirobot_description' build argument 'ament_cmake_args' from command line to 'None'
[0.174s] Level 5:colcon.colcon_core.verb:set package 'mirobot_description' build argument 'catkin_cmake_args' from command line to 'None'
[0.174s] Level 5:colcon.colcon_core.verb:set package 'mirobot_description' build argument 'catkin_skip_building_tests' from command line to 'False'
[0.174s] DEBUG:colcon.colcon_core.verb:Building package 'mirobot_description' with the following arguments: {'ament_cmake_args': None, 'build_base': '/home/luis-a/mirobot_ws/build/mirobot_description', 'catkin_cmake_args': None, 'catkin_skip_building_tests': False, 'cmake_args': None, 'cmake_clean_cache': False, 'cmake_clean_first': False, 'cmake_force_configure': False, 'cmake_target': None, 'cmake_target_skip_unavailable': False, 'install_base': '/home/luis-a/mirobot_ws/install/mirobot_description', 'merge_install': False, 'path': '/home/luis-a/mirobot_ws/src/mirobot_description', 'symlink_install': False, 'test_result_base': None}
[0.174s] Level 5:colcon.colcon_core.verb:set package 'mirobot_package' build argument 'cmake_args' from command line to 'None'
[0.174s] Level 5:colcon.colcon_core.verb:set package 'mirobot_package' build argument 'cmake_target' from command line to 'None'
[0.174s] Level 5:colcon.colcon_core.verb:set package 'mirobot_package' build argument 'cmake_target_skip_unavailable' from command line to 'False'
[0.174s] Level 5:colcon.colcon_core.verb:set package 'mirobot_package' build argument 'cmake_clean_cache' from command line to 'False'
[0.174s] Level 5:colcon.colcon_core.verb:set package 'mirobot_package' build argument 'cmake_clean_first' from command line to 'False'
[0.174s] Level 5:colcon.colcon_core.verb:set package 'mirobot_package' build argument 'cmake_force_configure' from command line to 'False'
[0.174s] Level 5:colcon.colcon_core.verb:set package 'mirobot_package' build argument 'ament_cmake_args' from command line to 'None'
[0.174s] Level 5:colcon.colcon_core.verb:set package 'mirobot_package' build argument 'catkin_cmake_args' from command line to 'None'
[0.174s] Level 5:colcon.colcon_core.verb:set package 'mirobot_package' build argument 'catkin_skip_building_tests' from command line to 'False'
[0.174s] DEBUG:colcon.colcon_core.verb:Building package 'mirobot_package' with the following arguments: {'ament_cmake_args': None, 'build_base': '/home/luis-a/mirobot_ws/build/mirobot_package', 'catkin_cmake_args': None, 'catkin_skip_building_tests': False, 'cmake_args': None, 'cmake_clean_cache': False, 'cmake_clean_first': False, 'cmake_force_configure': False, 'cmake_target': None, 'cmake_target_skip_unavailable': False, 'install_base': '/home/luis-a/mirobot_ws/install/mirobot_package', 'merge_install': False, 'path': '/home/luis-a/mirobot_ws/src/mirobot_package', 'symlink_install': False, 'test_result_base': None}
[0.174s] Level 5:colcon.colcon_core.verb:set package 'mirobot_urdf_2' build argument 'cmake_args' from command line to 'None'
[0.174s] Level 5:colcon.colcon_core.verb:set package 'mirobot_urdf_2' build argument 'cmake_target' from command line to 'None'
[0.174s] Level 5:colcon.colcon_core.verb:set package 'mirobot_urdf_2' build argument 'cmake_target_skip_unavailable' from command line to 'False'
[0.174s] Level 5:colcon.colcon_core.verb:set package 'mirobot_urdf_2' build argument 'cmake_clean_cache' from command line to 'False'
[0.174s] Level 5:colcon.colcon_core.verb:set package 'mirobot_urdf_2' build argument 'cmake_clean_first' from command line to 'False'
[0.174s] Level 5:colcon.colcon_core.verb:set package 'mirobot_urdf_2' build argument 'cmake_force_configure' from command line to 'False'
[0.174s] Level 5:colcon.colcon_core.verb:set package 'mirobot_urdf_2' build argument 'ament_cmake_args' from command line to 'None'
[0.174s] Level 5:colcon.colcon_core.verb:set package 'mirobot_urdf_2' build argument 'catkin_cmake_args' from command line to 'None'
[0.174s] Level 5:colcon.colcon_core.verb:set package 'mirobot_urdf_2' build argument 'catkin_skip_building_tests' from command line to 'False'
[0.174s] DEBUG:colcon.colcon_core.verb:Building package 'mirobot_urdf_2' with the following arguments: {'ament_cmake_args': None, 'build_base': '/home/luis-a/mirobot_ws/build/mirobot_urdf_2', 'catkin_cmake_args': None, 'catkin_skip_building_tests': False, 'cmake_args': None, 'cmake_clean_cache': False, 'cmake_clean_first': False, 'cmake_force_configure': False, 'cmake_target': None, 'cmake_target_skip_unavailable': False, 'install_base': '/home/luis-a/mirobot_ws/install/mirobot_urdf_2', 'merge_install': False, 'path': '/home/luis-a/mirobot_ws/src/mirobot_urdf_2', 'symlink_install': False, 'test_result_base': None}
[0.175s] INFO:colcon.colcon_core.executor:Executing jobs using 'parallel' executor
[0.175s] DEBUG:colcon.colcon_parallel_executor.executor.parallel:run_until_complete
[0.175s] INFO:colcon.colcon_ros.task.ament_cmake.build:Building ROS package in '/home/luis-a/mirobot_ws/src/hello_moveit' with build type 'ament_cmake'
[0.175s] INFO:colcon.colcon_cmake.task.cmake.build:Building CMake package in '/home/luis-a/mirobot_ws/src/hello_moveit'
[0.176s] INFO:colcon.colcon_core.plugin_system:Skipping extension 'colcon_core.shell.bat': Not used on non-Windows systems
[0.177s] INFO:colcon.colcon_core.shell:Skip shell extension 'powershell' for command environment: Not usable outside of PowerShell
[0.177s] DEBUG:colcon.colcon_core.shell:Skip shell extension 'dsv' for command environment
[0.179s] INFO:colcon.colcon_ros.task.ament_cmake.build:Building ROS package in '/home/luis-a/mirobot_ws/src/mirobot_description' with build type 'ament_cmake'
[0.179s] INFO:colcon.colcon_cmake.task.cmake.build:Building CMake package in '/home/luis-a/mirobot_ws/src/mirobot_description'
[0.179s] INFO:colcon.colcon_core.shell:Skip shell extension 'powershell' for command environment: Not usable outside of PowerShell
[0.179s] DEBUG:colcon.colcon_core.shell:Skip shell extension 'dsv' for command environment
[0.181s] INFO:colcon.colcon_ros.task.ament_cmake.build:Building ROS package in '/home/luis-a/mirobot_ws/src/mirobot_package' with build type 'ament_cmake'
[0.181s] INFO:colcon.colcon_cmake.task.cmake.build:Building CMake package in '/home/luis-a/mirobot_ws/src/mirobot_package'
[0.181s] INFO:colcon.colcon_core.shell:Skip shell extension 'powershell' for command environment: Not usable outside of PowerShell
[0.181s] DEBUG:colcon.colcon_core.shell:Skip shell extension 'dsv' for command environment
[0.183s] INFO:colcon.colcon_ros.task.ament_cmake.build:Building ROS package in '/home/luis-a/mirobot_ws/src/mirobot_urdf_2' with build type 'ament_cmake'
[0.183s] INFO:colcon.colcon_cmake.task.cmake.build:Building CMake package in '/home/luis-a/mirobot_ws/src/mirobot_urdf_2'
[0.183s] INFO:colcon.colcon_core.shell:Skip shell extension 'powershell' for command environment: Not usable outside of PowerShell
[0.183s] DEBUG:colcon.colcon_core.shell:Skip shell extension 'dsv' for command environment
[0.188s] DEBUG:colcon.colcon_core.event_handler.log_command:Invoking command in '/home/luis-a/mirobot_ws/build/hello_moveit': CMAKE_PREFIX_PATH=${CMAKE_PREFIX_PATH}:/home/luis-a/ros2_ws/install/my_robot_controller:/opt/ros/humble /usr/bin/cmake --build /home/luis-a/mirobot_ws/build/hello_moveit -- -j32 -l32
[0.189s] DEBUG:colcon.colcon_core.event_handler.log_command:Invoking command in '/home/luis-a/mirobot_ws/build/mirobot_description': CMAKE_PREFIX_PATH=${CMAKE_PREFIX_PATH}:/home/luis-a/ros2_ws/install/my_robot_controller:/opt/ros/humble /usr/bin/cmake --build /home/luis-a/mirobot_ws/build/mirobot_description -- -j32 -l32
[0.191s] DEBUG:colcon.colcon_core.event_handler.log_command:Invoking command in '/home/luis-a/mirobot_ws/build/mirobot_package': CMAKE_PREFIX_PATH=${CMAKE_PREFIX_PATH}:/home/luis-a/ros2_ws/install/my_robot_controller:/opt/ros/humble /usr/bin/cmake --build /home/luis-a/mirobot_ws/build/mirobot_package -- -j32 -l32
[0.193s] DEBUG:colcon.colcon_core.event_handler.log_command:Invoking command in '/home/luis-a/mirobot_ws/build/mirobot_urdf_2': CMAKE_PREFIX_PATH=${CMAKE_PREFIX_PATH}:/home/luis-a/ros2_ws/install/my_robot_controller:/opt/ros/humble /usr/bin/cmake --build /home/luis-a/mirobot_ws/build/mirobot_urdf_2 -- -j32 -l32
[0.210s] DEBUG:colcon.colcon_core.event_handler.log_command:Invoked command in '/home/luis-a/mirobot_ws/build/mirobot_description' returned '0': CMAKE_PREFIX_PATH=${CMAKE_PREFIX_PATH}:/home/luis-a/ros2_ws/install/my_robot_controller:/opt/ros/humble /usr/bin/cmake --build /home/luis-a/mirobot_ws/build/mirobot_description -- -j32 -l32
[0.214s] DEBUG:colcon.colcon_core.event_handler.log_command:Invoked command in '/home/luis-a/mirobot_ws/build/mirobot_urdf_2' returned '0': CMAKE_PREFIX_PATH=${CMAKE_PREFIX_PATH}:/home/luis-a/ros2_ws/install/my_robot_controller:/opt/ros/humble /usr/bin/cmake --build /home/luis-a/mirobot_ws/build/mirobot_urdf_2 -- -j32 -l32
[0.229s] DEBUG:colcon.colcon_core.event_handler.log_command:Invoking command in '/home/luis-a/mirobot_ws/build/mirobot_description': CMAKE_PREFIX_PATH=${CMAKE_PREFIX_PATH}:/home/luis-a/ros2_ws/install/my_robot_controller:/opt/ros/humble /usr/bin/cmake --install /home/luis-a/mirobot_ws/build/mirobot_description
[0.230s] DEBUG:colcon.colcon_core.event_handler.log_command:Invoking command in '/home/luis-a/mirobot_ws/build/mirobot_urdf_2': CMAKE_PREFIX_PATH=${CMAKE_PREFIX_PATH}:/home/luis-a/ros2_ws/install/my_robot_controller:/opt/ros/humble /usr/bin/cmake --install /home/luis-a/mirobot_ws/build/mirobot_urdf_2
[0.232s] DEBUG:colcon.colcon_core.event_handler.log_command:Invoked command in '/home/luis-a/mirobot_ws/build/hello_moveit' returned '0': CMAKE_PREFIX_PATH=${CMAKE_PREFIX_PATH}:/home/luis-a/ros2_ws/install/my_robot_controller:/opt/ros/humble /usr/bin/cmake --build /home/luis-a/mirobot_ws/build/hello_moveit -- -j32 -l32
[0.235s] Level 1:colcon.colcon_core.environment:create_environment_scripts_only(mirobot_description)
[0.235s] DEBUG:colcon.colcon_core.event_handler.log_command:Invoked command in '/home/luis-a/mirobot_ws/build/mirobot_description' returned '0': CMAKE_PREFIX_PATH=${CMAKE_PREFIX_PATH}:/home/luis-a/ros2_ws/install/my_robot_controller:/opt/ros/humble /usr/bin/cmake --install /home/luis-a/mirobot_ws/build/mirobot_description
[0.236s] Level 1:colcon.colcon_core.environment:checking '/home/luis-a/mirobot_ws/install/mirobot_description' for CMake module files
[0.237s] Level 1:colcon.colcon_core.environment:checking '/home/luis-a/mirobot_ws/install/mirobot_description' for CMake config files
[0.237s] Level 1:colcon.colcon_core.shell:create_environment_hook('mirobot_description', 'cmake_prefix_path')
[0.237s] INFO:colcon.colcon_core.shell:Creating environment hook '/home/luis-a/mirobot_ws/install/mirobot_description/share/mirobot_description/hook/cmake_prefix_path.ps1'
[0.237s] INFO:colcon.colcon_core.shell:Creating environment descriptor '/home/luis-a/mirobot_ws/install/mirobot_description/share/mirobot_description/hook/cmake_prefix_path.dsv'
[0.237s] INFO:colcon.colcon_core.shell:Creating environment hook '/home/luis-a/mirobot_ws/install/mirobot_description/share/mirobot_description/hook/cmake_prefix_path.sh'
[0.238s] Level 1:colcon.colcon_core.environment:checking '/home/luis-a/mirobot_ws/install/mirobot_description/bin'
[0.238s] Level 1:colcon.colcon_core.environment:checking '/home/luis-a/mirobot_ws/install/mirobot_description/lib/pkgconfig/mirobot_description.pc'
[0.238s] Level 1:colcon.colcon_core.environment:checking '/home/luis-a/mirobot_ws/install/mirobot_description/lib/python3.10/site-packages'
[0.238s] Level 1:colcon.colcon_core.environment:checking '/home/luis-a/mirobot_ws/install/mirobot_description/bin'
[0.238s] INFO:colcon.colcon_core.shell:Creating package script '/home/luis-a/mirobot_ws/install/mirobot_description/share/mirobot_description/package.ps1'
[0.239s] INFO:colcon.colcon_core.shell:Creating package descriptor '/home/luis-a/mirobot_ws/install/mirobot_description/share/mirobot_description/package.dsv'
[0.239s] INFO:colcon.colcon_core.shell:Creating package script '/home/luis-a/mirobot_ws/install/mirobot_description/share/mirobot_description/package.sh'
[0.239s] INFO:colcon.colcon_core.shell:Creating package script '/home/luis-a/mirobot_ws/install/mirobot_description/share/mirobot_description/package.bash'
[0.239s] INFO:colcon.colcon_core.shell:Creating package script '/home/luis-a/mirobot_ws/install/mirobot_description/share/mirobot_description/package.zsh'
[0.240s] Level 1:colcon.colcon_core.environment:create_file_with_runtime_dependencies(/home/luis-a/mirobot_ws/install/mirobot_description/share/colcon-core/packages/mirobot_description)
[0.241s] DEBUG:colcon.colcon_core.event_handler.log_command:Invoked command in '/home/luis-a/mirobot_ws/build/mirobot_package' returned '0': CMAKE_PREFIX_PATH=${CMAKE_PREFIX_PATH}:/home/luis-a/ros2_ws/install/my_robot_controller:/opt/ros/humble /usr/bin/cmake --build /home/luis-a/mirobot_ws/build/mirobot_package -- -j32 -l32
[0.241s] Level 1:colcon.colcon_core.environment:create_environment_scripts_only(mirobot_urdf_2)
[0.241s] Level 1:colcon.colcon_core.environment:checking '/home/luis-a/mirobot_ws/install/mirobot_urdf_2' for CMake module files
[0.242s] DEBUG:colcon.colcon_core.event_handler.log_command:Invoked command in '/home/luis-a/mirobot_ws/build/mirobot_urdf_2' returned '0': CMAKE_PREFIX_PATH=${CMAKE_PREFIX_PATH}:/home/luis-a/ros2_ws/install/my_robot_controller:/opt/ros/humble /usr/bin/cmake --install /home/luis-a/mirobot_ws/build/mirobot_urdf_2
[0.242s] Level 1:colcon.colcon_core.environment:checking '/home/luis-a/mirobot_ws/install/mirobot_urdf_2' for CMake config files
[0.242s] Level 1:colcon.colcon_core.shell:create_environment_hook('mirobot_urdf_2', 'cmake_prefix_path')
[0.242s] INFO:colcon.colcon_core.shell:Creating environment hook '/home/luis-a/mirobot_ws/install/mirobot_urdf_2/share/mirobot_urdf_2/hook/cmake_prefix_path.ps1'
[0.242s] INFO:colcon.colcon_core.shell:Creating environment descriptor '/home/luis-a/mirobot_ws/install/mirobot_urdf_2/share/mirobot_urdf_2/hook/cmake_prefix_path.dsv'
[0.242s] INFO:colcon.colcon_core.shell:Creating environment hook '/home/luis-a/mirobot_ws/install/mirobot_urdf_2/share/mirobot_urdf_2/hook/cmake_prefix_path.sh'
[0.243s] Level 1:colcon.colcon_core.environment:checking '/home/luis-a/mirobot_ws/install/mirobot_urdf_2/bin'
[0.243s] Level 1:colcon.colcon_core.environment:checking '/home/luis-a/mirobot_ws/install/mirobot_urdf_2/lib/pkgconfig/mirobot_urdf_2.pc'
[0.243s] Level 1:colcon.colcon_core.environment:checking '/home/luis-a/mirobot_ws/install/mirobot_urdf_2/lib/python3.10/site-packages'
[0.243s] Level 1:colcon.colcon_core.environment:checking '/home/luis-a/mirobot_ws/install/mirobot_urdf_2/bin'
[0.243s] INFO:colcon.colcon_core.shell:Creating package script '/home/luis-a/mirobot_ws/install/mirobot_urdf_2/share/mirobot_urdf_2/package.ps1'
[0.243s] INFO:colcon.colcon_core.shell:Creating package descriptor '/home/luis-a/mirobot_ws/install/mirobot_urdf_2/share/mirobot_urdf_2/package.dsv'
[0.243s] INFO:colcon.colcon_core.shell:Creating package script '/home/luis-a/mirobot_ws/install/mirobot_urdf_2/share/mirobot_urdf_2/package.sh'
[0.244s] INFO:colcon.colcon_core.shell:Creating package script '/home/luis-a/mirobot_ws/install/mirobot_urdf_2/share/mirobot_urdf_2/package.bash'
[0.244s] INFO:colcon.colcon_core.shell:Creating package script '/home/luis-a/mirobot_ws/install/mirobot_urdf_2/share/mirobot_urdf_2/package.zsh'
[0.244s] Level 1:colcon.colcon_core.environment:create_file_with_runtime_dependencies(/home/luis-a/mirobot_ws/install/mirobot_urdf_2/share/colcon-core/packages/mirobot_urdf_2)
[0.247s] DEBUG:colcon.colcon_core.event_handler.log_command:Invoking command in '/home/luis-a/mirobot_ws/build/hello_moveit': CMAKE_PREFIX_PATH=${CMAKE_PREFIX_PATH}:/home/luis-a/ros2_ws/install/my_robot_controller:/opt/ros/humble /usr/bin/cmake --install /home/luis-a/mirobot_ws/build/hello_moveit
[0.252s] Level 1:colcon.colcon_core.environment:create_environment_scripts_only(hello_moveit)
[0.252s] Level 1:colcon.colcon_core.environment:checking '/home/luis-a/mirobot_ws/install/hello_moveit' for CMake module files
[0.253s] DEBUG:colcon.colcon_core.event_handler.log_command:Invoked command in '/home/luis-a/mirobot_ws/build/hello_moveit' returned '0': CMAKE_PREFIX_PATH=${CMAKE_PREFIX_PATH}:/home/luis-a/ros2_ws/install/my_robot_controller:/opt/ros/humble /usr/bin/cmake --install /home/luis-a/mirobot_ws/build/hello_moveit
[0.253s] Level 1:colcon.colcon_core.environment:checking '/home/luis-a/mirobot_ws/install/hello_moveit' for CMake config files
[0.253s] Level 1:colcon.colcon_core.shell:create_environment_hook('hello_moveit', 'cmake_prefix_path')
[0.253s] INFO:colcon.colcon_core.shell:Creating environment hook '/home/luis-a/mirobot_ws/install/hello_moveit/share/hello_moveit/hook/cmake_prefix_path.ps1'
[0.254s] INFO:colcon.colcon_core.shell:Creating environment descriptor '/home/luis-a/mirobot_ws/install/hello_moveit/share/hello_moveit/hook/cmake_prefix_path.dsv'
[0.254s] INFO:colcon.colcon_core.shell:Creating environment hook '/home/luis-a/mirobot_ws/install/hello_moveit/share/hello_moveit/hook/cmake_prefix_path.sh'
[0.254s] Level 1:colcon.colcon_core.environment:checking '/home/luis-a/mirobot_ws/install/hello_moveit/lib'
[0.254s] Level 1:colcon.colcon_core.environment:checking '/home/luis-a/mirobot_ws/install/hello_moveit/bin'
[0.254s] Level 1:colcon.colcon_core.environment:checking '/home/luis-a/mirobot_ws/install/hello_moveit/lib/pkgconfig/hello_moveit.pc'
[0.254s] Level 1:colcon.colcon_core.environment:checking '/home/luis-a/mirobot_ws/install/hello_moveit/lib/python3.10/site-packages'
[0.254s] Level 1:colcon.colcon_core.environment:checking '/home/luis-a/mirobot_ws/install/hello_moveit/bin'
[0.255s] INFO:colcon.colcon_core.shell:Creating package script '/home/luis-a/mirobot_ws/install/hello_moveit/share/hello_moveit/package.ps1'
[0.255s] INFO:colcon.colcon_core.shell:Creating package descriptor '/home/luis-a/mirobot_ws/install/hello_moveit/share/hello_moveit/package.dsv'
[0.255s] INFO:colcon.colcon_core.shell:Creating package script '/home/luis-a/mirobot_ws/install/hello_moveit/share/hello_moveit/package.sh'
[0.255s] INFO:colcon.colcon_core.shell:Creating package script '/home/luis-a/mirobot_ws/install/hello_moveit/share/hello_moveit/package.bash'
[0.255s] INFO:colcon.colcon_core.shell:Creating package script '/home/luis-a/mirobot_ws/install/hello_moveit/share/hello_moveit/package.zsh'
[0.255s] Level 1:colcon.colcon_core.environment:create_file_with_runtime_dependencies(/home/luis-a/mirobot_ws/install/hello_moveit/share/colcon-core/packages/hello_moveit)
[0.256s] Level 1:colcon.colcon_core.environment:create_environment_scripts_only(mirobot_description)
[0.256s] Level 1:colcon.colcon_core.environment:checking '/home/luis-a/mirobot_ws/install/mirobot_description' for CMake module files
[0.257s] Level 1:colcon.colcon_core.environment:checking '/home/luis-a/mirobot_ws/install/mirobot_description' for CMake config files
[0.257s] Level 1:colcon.colcon_core.shell:create_environment_hook('mirobot_description', 'cmake_prefix_path')
[0.257s] INFO:colcon.colcon_core.shell:Creating environment hook '/home/luis-a/mirobot_ws/install/mirobot_description/share/mirobot_description/hook/cmake_prefix_path.ps1'
[0.257s] INFO:colcon.colcon_core.shell:Creating environment descriptor '/home/luis-a/mirobot_ws/install/mirobot_description/share/mirobot_description/hook/cmake_prefix_path.dsv'
[0.257s] INFO:colcon.colcon_core.shell:Creating environment hook '/home/luis-a/mirobot_ws/install/mirobot_description/share/mirobot_description/hook/cmake_prefix_path.sh'
[0.257s] Level 1:colcon.colcon_core.environment:checking '/home/luis-a/mirobot_ws/install/mirobot_description/bin'
[0.257s] Level 1:colcon.colcon_core.environment:checking '/home/luis-a/mirobot_ws/install/mirobot_description/lib/pkgconfig/mirobot_description.pc'
[0.258s] Level 1:colcon.colcon_core.environment:checking '/home/luis-a/mirobot_ws/install/mirobot_description/lib/python3.10/site-packages'
[0.258s] Level 1:colcon.colcon_core.environment:checking '/home/luis-a/mirobot_ws/install/mirobot_description/bin'
[0.258s] INFO:colcon.colcon_core.shell:Creating package script '/home/luis-a/mirobot_ws/install/mirobot_description/share/mirobot_description/package.ps1'
[0.258s] INFO:colcon.colcon_core.shell:Creating package descriptor '/home/luis-a/mirobot_ws/install/mirobot_description/share/mirobot_description/package.dsv'
[0.258s] INFO:colcon.colcon_core.shell:Creating package script '/home/luis-a/mirobot_ws/install/mirobot_description/share/mirobot_description/package.sh'
[0.258s] INFO:colcon.colcon_core.shell:Creating package script '/home/luis-a/mirobot_ws/install/mirobot_description/share/mirobot_description/package.bash'
[0.259s] INFO:colcon.colcon_core.shell:Creating package script '/home/luis-a/mirobot_ws/install/mirobot_description/share/mirobot_description/package.zsh'
[0.259s] Level 1:colcon.colcon_core.environment:create_file_with_runtime_dependencies(/home/luis-a/mirobot_ws/install/mirobot_description/share/colcon-core/packages/mirobot_description)
[0.259s] Level 1:colcon.colcon_core.environment:create_environment_scripts_only(mirobot_urdf_2)
[0.259s] Level 1:colcon.colcon_core.environment:checking '/home/luis-a/mirobot_ws/install/mirobot_urdf_2' for CMake module files
[0.259s] Level 1:colcon.colcon_core.environment:checking '/home/luis-a/mirobot_ws/install/mirobot_urdf_2' for CMake config files
[0.260s] Level 1:colcon.colcon_core.shell:create_environment_hook('mirobot_urdf_2', 'cmake_prefix_path')
[0.260s] INFO:colcon.colcon_core.shell:Creating environment hook '/home/luis-a/mirobot_ws/install/mirobot_urdf_2/share/mirobot_urdf_2/hook/cmake_prefix_path.ps1'
[0.260s] INFO:colcon.colcon_core.shell:Creating environment descriptor '/home/luis-a/mirobot_ws/install/mirobot_urdf_2/share/mirobot_urdf_2/hook/cmake_prefix_path.dsv'
[0.260s] INFO:colcon.colcon_core.shell:Creating environment hook '/home/luis-a/mirobot_ws/install/mirobot_urdf_2/share/mirobot_urdf_2/hook/cmake_prefix_path.sh'
[0.260s] Level 1:colcon.colcon_core.environment:checking '/home/luis-a/mirobot_ws/install/mirobot_urdf_2/bin'
[0.260s] Level 1:colcon.colcon_core.environment:checking '/home/luis-a/mirobot_ws/install/mirobot_urdf_2/lib/pkgconfig/mirobot_urdf_2.pc'
[0.260s] Level 1:colcon.colcon_core.environment:checking '/home/luis-a/mirobot_ws/install/mirobot_urdf_2/lib/python3.10/site-packages'
[0.260s] Level 1:colcon.colcon_core.environment:checking '/home/luis-a/mirobot_ws/install/mirobot_urdf_2/bin'
[0.261s] INFO:colcon.colcon_core.shell:Creating package script '/home/luis-a/mirobot_ws/install/mirobot_urdf_2/share/mirobot_urdf_2/package.ps1'
[0.261s] INFO:colcon.colcon_core.shell:Creating package descriptor '/home/luis-a/mirobot_ws/install/mirobot_urdf_2/share/mirobot_urdf_2/package.dsv'
[0.261s] INFO:colcon.colcon_core.shell:Creating package script '/home/luis-a/mirobot_ws/install/mirobot_urdf_2/share/mirobot_urdf_2/package.sh'
[0.261s] INFO:colcon.colcon_core.shell:Creating package script '/home/luis-a/mirobot_ws/install/mirobot_urdf_2/share/mirobot_urdf_2/package.bash'
[0.261s] INFO:colcon.colcon_core.shell:Creating package script '/home/luis-a/mirobot_ws/install/mirobot_urdf_2/share/mirobot_urdf_2/package.zsh'
[0.262s] Level 1:colcon.colcon_core.environment:create_file_with_runtime_dependencies(/home/luis-a/mirobot_ws/install/mirobot_urdf_2/share/colcon-core/packages/mirobot_urdf_2)
[0.263s] DEBUG:colcon.colcon_core.event_handler.log_command:Invoking command in '/home/luis-a/mirobot_ws/build/mirobot_package': CMAKE_PREFIX_PATH=${CMAKE_PREFIX_PATH}:/home/luis-a/ros2_ws/install/my_robot_controller:/opt/ros/humble /usr/bin/cmake --install /home/luis-a/mirobot_ws/build/mirobot_package
[0.268s] Level 1:colcon.colcon_core.environment:create_environment_scripts_only(mirobot_package)
[0.268s] Level 1:colcon.colcon_core.environment:checking '/home/luis-a/mirobot_ws/install/mirobot_package' for CMake module files
[0.268s] DEBUG:colcon.colcon_core.event_handler.log_command:Invoked command in '/home/luis-a/mirobot_ws/build/mirobot_package' returned '0': CMAKE_PREFIX_PATH=${CMAKE_PREFIX_PATH}:/home/luis-a/ros2_ws/install/my_robot_controller:/opt/ros/humble /usr/bin/cmake --install /home/luis-a/mirobot_ws/build/mirobot_package
[0.268s] Level 1:colcon.colcon_core.environment:checking '/home/luis-a/mirobot_ws/install/mirobot_package' for CMake config files
[0.268s] Level 1:colcon.colcon_core.shell:create_environment_hook('mirobot_package', 'cmake_prefix_path')
[0.268s] INFO:colcon.colcon_core.shell:Creating environment hook '/home/luis-a/mirobot_ws/install/mirobot_package/share/mirobot_package/hook/cmake_prefix_path.ps1'
[0.269s] INFO:colcon.colcon_core.shell:Creating environment descriptor '/home/luis-a/mirobot_ws/install/mirobot_package/share/mirobot_package/hook/cmake_prefix_path.dsv'
[0.269s] INFO:colcon.colcon_core.shell:Creating environment hook '/home/luis-a/mirobot_ws/install/mirobot_package/share/mirobot_package/hook/cmake_prefix_path.sh'
[0.269s] Level 1:colcon.colcon_core.environment:checking '/home/luis-a/mirobot_ws/install/mirobot_package/lib'
[0.269s] Level 1:colcon.colcon_core.environment:checking '/home/luis-a/mirobot_ws/install/mirobot_package/bin'
[0.269s] Level 1:colcon.colcon_core.environment:checking '/home/luis-a/mirobot_ws/install/mirobot_package/lib/pkgconfig/mirobot_package.pc'
[0.269s] Level 1:colcon.colcon_core.environment:checking '/home/luis-a/mirobot_ws/install/mirobot_package/lib/python3.10/site-packages'
[0.269s] Level 1:colcon.colcon_core.environment:checking '/home/luis-a/mirobot_ws/install/mirobot_package/bin'
[0.270s] INFO:colcon.colcon_core.shell:Creating package script '/home/luis-a/mirobot_ws/install/mirobot_package/share/mirobot_package/package.ps1'
[0.270s] INFO:colcon.colcon_core.shell:Creating package descriptor '/home/luis-a/mirobot_ws/install/mirobot_package/share/mirobot_package/package.dsv'
[0.270s] INFO:colcon.colcon_core.shell:Creating package script '/home/luis-a/mirobot_ws/install/mirobot_package/share/mirobot_package/package.sh'
[0.270s] INFO:colcon.colcon_core.shell:Creating package script '/home/luis-a/mirobot_ws/install/mirobot_package/share/mirobot_package/package.bash'
[0.270s] INFO:colcon.colcon_core.shell:Creating package script '/home/luis-a/mirobot_ws/install/mirobot_package/share/mirobot_package/package.zsh'
[0.271s] Level 1:colcon.colcon_core.environment:create_file_with_runtime_dependencies(/home/luis-a/mirobot_ws/install/mirobot_package/share/colcon-core/packages/mirobot_package)
[0.271s] Level 1:colcon.colcon_core.environment:create_environment_scripts_only(hello_moveit)
[0.271s] Level 1:colcon.colcon_core.environment:checking '/home/luis-a/mirobot_ws/install/hello_moveit' for CMake module files
[0.272s] Level 1:colcon.colcon_core.environment:checking '/home/luis-a/mirobot_ws/install/hello_moveit' for CMake config files
[0.272s] Level 1:colcon.colcon_core.shell:create_environment_hook('hello_moveit', 'cmake_prefix_path')
[0.272s] INFO:colcon.colcon_core.shell:Creating environment hook '/home/luis-a/mirobot_ws/install/hello_moveit/share/hello_moveit/hook/cmake_prefix_path.ps1'
[0.272s] INFO:colcon.colcon_core.shell:Creating environment descriptor '/home/luis-a/mirobot_ws/install/hello_moveit/share/hello_moveit/hook/cmake_prefix_path.dsv'
[0.272s] INFO:colcon.colcon_core.shell:Creating environment hook '/home/luis-a/mirobot_ws/install/hello_moveit/share/hello_moveit/hook/cmake_prefix_path.sh'
[0.272s] Level 1:colcon.colcon_core.environment:checking '/home/luis-a/mirobot_ws/install/hello_moveit/lib'
[0.273s] Level 1:colcon.colcon_core.environment:checking '/home/luis-a/mirobot_ws/install/hello_moveit/bin'
[0.273s] Level 1:colcon.colcon_core.environment:checking '/home/luis-a/mirobot_ws/install/hello_moveit/lib/pkgconfig/hello_moveit.pc'
[0.273s] Level 1:colcon.colcon_core.environment:checking '/home/luis-a/mirobot_ws/install/hello_moveit/lib/python3.10/site-packages'
[0.273s] Level 1:colcon.colcon_core.environment:checking '/home/luis-a/mirobot_ws/install/hello_moveit/bin'
[0.273s] INFO:colcon.colcon_core.shell:Creating package script '/home/luis-a/mirobot_ws/install/hello_moveit/share/hello_moveit/package.ps1'
[0.273s] INFO:colcon.colcon_core.shell:Creating package descriptor '/home/luis-a/mirobot_ws/install/hello_moveit/share/hello_moveit/package.dsv'
[0.273s] INFO:colcon.colcon_core.shell:Creating package script '/home/luis-a/mirobot_ws/install/hello_moveit/share/hello_moveit/package.sh'
[0.274s] INFO:colcon.colcon_core.shell:Creating package script '/home/luis-a/mirobot_ws/install/hello_moveit/share/hello_moveit/package.bash'
[0.274s] INFO:colcon.colcon_core.shell:Creating package script '/home/luis-a/mirobot_ws/install/hello_moveit/share/hello_moveit/package.zsh'
[0.274s] Level 1:colcon.colcon_core.environment:create_file_with_runtime_dependencies(/home/luis-a/mirobot_ws/install/hello_moveit/share/colcon-core/packages/hello_moveit)
[0.284s] Level 1:colcon.colcon_core.environment:create_environment_scripts_only(mirobot_package)
[0.284s] Level 1:colcon.colcon_core.environment:checking '/home/luis-a/mirobot_ws/install/mirobot_package' for CMake module files
[0.284s] Level 1:colcon.colcon_core.environment:checking '/home/luis-a/mirobot_ws/install/mirobot_package' for CMake config files
[0.284s] Level 1:colcon.colcon_core.shell:create_environment_hook('mirobot_package', 'cmake_prefix_path')
[0.284s] INFO:colcon.colcon_core.shell:Creating environment hook '/home/luis-a/mirobot_ws/install/mirobot_package/share/mirobot_package/hook/cmake_prefix_path.ps1'
[0.284s] INFO:colcon.colcon_core.shell:Creating environment descriptor '/home/luis-a/mirobot_ws/install/mirobot_package/share/mirobot_package/hook/cmake_prefix_path.dsv'
[0.285s] INFO:colcon.colcon_core.shell:Creating environment hook '/home/luis-a/mirobot_ws/install/mirobot_package/share/mirobot_package/hook/cmake_prefix_path.sh'
[0.285s] Level 1:colcon.colcon_core.environment:checking '/home/luis-a/mirobot_ws/install/mirobot_package/lib'
[0.285s] Level 1:colcon.colcon_core.environment:checking '/home/luis-a/mirobot_ws/install/mirobot_package/bin'
[0.285s] Level 1:colcon.colcon_core.environment:checking '/home/luis-a/mirobot_ws/install/mirobot_package/lib/pkgconfig/mirobot_package.pc'
[0.285s] Level 1:colcon.colcon_core.environment:checking '/home/luis-a/mirobot_ws/install/mirobot_package/lib/python3.10/site-packages'
[0.285s] Level 1:colcon.colcon_core.environment:checking '/home/luis-a/mirobot_ws/install/mirobot_package/bin'
[0.285s] INFO:colcon.colcon_core.shell:Creating package script '/home/luis-a/mirobot_ws/install/mirobot_package/share/mirobot_package/package.ps1'
[0.285s] INFO:colcon.colcon_core.shell:Creating package descriptor '/home/luis-a/mirobot_ws/install/mirobot_package/share/mirobot_package/package.dsv'
[0.286s] INFO:colcon.colcon_core.shell:Creating package script '/home/luis-a/mirobot_ws/install/mirobot_package/share/mirobot_package/package.sh'
[0.286s] INFO:colcon.colcon_core.shell:Creating package script '/home/luis-a/mirobot_ws/install/mirobot_package/share/mirobot_package/package.bash'
[0.286s] INFO:colcon.colcon_core.shell:Creating package script '/home/luis-a/mirobot_ws/install/mirobot_package/share/mirobot_package/package.zsh'
[0.286s] Level 1:colcon.colcon_core.environment:create_file_with_runtime_dependencies(/home/luis-a/mirobot_ws/install/mirobot_package/share/colcon-core/packages/mirobot_package)
[0.286s] DEBUG:colcon.colcon_parallel_executor.executor.parallel:closing loop
[0.286s] DEBUG:colcon.colcon_parallel_executor.executor.parallel:loop closed
[0.286s] DEBUG:colcon.colcon_parallel_executor.executor.parallel:run_until_complete finished with '0'
[0.286s] DEBUG:colcon.colcon_core.event_reactor:joining thread
[0.289s] INFO:colcon.colcon_core.plugin_system:Skipping extension 'colcon_notification.desktop_notification.terminal_notifier': Not used on non-Darwin systems
[0.289s] INFO:colcon.colcon_core.plugin_system:Skipping extension 'colcon_notification.desktop_notification.win32': Not used on non-Windows systems
[0.289s] INFO:colcon.colcon_notification.desktop_notification:Sending desktop notification using 'notify2'
[0.295s] DEBUG:colcon.colcon_core.event_reactor:joined thread
[0.295s] INFO:colcon.colcon_core.shell:Creating prefix script '/home/luis-a/mirobot_ws/install/local_setup.ps1'
[0.296s] INFO:colcon.colcon_core.shell:Creating prefix util module '/home/luis-a/mirobot_ws/install/_local_setup_util_ps1.py'
[0.296s] INFO:colcon.colcon_core.shell:Creating prefix chain script '/home/luis-a/mirobot_ws/install/setup.ps1'
[0.297s] INFO:colcon.colcon_core.shell:Creating prefix script '/home/luis-a/mirobot_ws/install/local_setup.sh'
[0.297s] INFO:colcon.colcon_core.shell:Creating prefix util module '/home/luis-a/mirobot_ws/install/_local_setup_util_sh.py'
[0.297s] INFO:colcon.colcon_core.shell:Creating prefix chain script '/home/luis-a/mirobot_ws/install/setup.sh'
[0.298s] INFO:colcon.colcon_core.shell:Creating prefix script '/home/luis-a/mirobot_ws/install/local_setup.bash'
[0.298s] INFO:colcon.colcon_core.shell:Creating prefix chain script '/home/luis-a/mirobot_ws/install/setup.bash'
[0.299s] INFO:colcon.colcon_core.shell:Creating prefix script '/home/luis-a/mirobot_ws/install/local_setup.zsh'
[0.299s] INFO:colcon.colcon_core.shell:Creating prefix chain script '/home/luis-a/mirobot_ws/install/setup.zsh'
