-- Found ament_cmake: 1.3.10 (/opt/ros/humble/share/ament_cmake/cmake)
-- Found rclpy: 3.3.14 (/opt/ros/humble/share/rclpy/cmake)
-- Found sensor_msgs: 4.2.4 (/opt/ros/humble/share/sensor_msgs/cmake)
-- Found rosidl_generator_c: 3.1.5 (/opt/ros/humble/share/rosidl_generator_c/cmake)
-- Found rosidl_adapter: 3.1.5 (/opt/ros/humble/share/rosidl_adapter/cmake)
-- Found rosidl_generator_cpp: 3.1.5 (/opt/ros/humble/share/rosidl_generator_cpp/cmake)
-- Using all available rosidl_typesupport_c: rosidl_typesupport_fastrtps_c;rosidl_typesupport_introspection_c
-- Using all available rosidl_typesupport_cpp: rosidl_typesupport_fastrtps_cpp;rosidl_typesupport_introspection_cpp
-- Found moveit_ros_planning_interface: 2.5.5 (/opt/ros/humble/share/moveit_ros_planning_interface/cmake)
-- Found Boost: /usr/lib/x86_64-linux-gnu/cmake/Boost-1.74.0/BoostConfig.cmake (found version "1.74.0") found components: date_time filesystem program_options system thread 
-- Found Boost: /usr/lib/x86_64-linux-gnu/cmake/Boost-1.74.0/BoostConfig.cmake (found version "1.74.0") found components: chrono date_time filesystem iostreams program_options regex serialization system thread 
-- Found parameter_traits: 0.3.9 (/opt/ros/humble/share/parameter_traits/cmake)
-- Found rmw_implementation_cmake: 6.1.2 (/opt/ros/humble/share/rmw_implementation_cmake/cmake)
-- Found rmw_fastrtps_cpp: 6.2.7 (/opt/ros/humble/share/rmw_fastrtps_cpp/cmake)
-- Using RMW implementation 'rmw_fastrtps_cpp' as default
-- Found rclcpp_lifecycle: 16.0.10 (/opt/ros/humble/share/rclcpp_lifecycle/cmake)
-- Found Boost: /usr/lib/x86_64-linux-gnu/cmake/Boost-1.74.0/BoostConfig.cmake (found version "1.74.0") found components: filesystem 
-- library: /usr/lib/x86_64-linux-gnu/libcurl.so
-- Ensuring Eigen3 include directory is part of orocos-kdl CMake target
-- Found Boost: /usr/lib/x86_64-linux-gnu/cmake/Boost-1.74.0/BoostConfig.cmake (found version "1.74.0") found components: system filesystem date_time program_options thread chrono 
-- Found Boost: /usr/lib/x86_64-linux-gnu/cmake/Boost-1.74.0/BoostConfig.cmake (found version "1.74.0") found components: thread system filesystem regex date_time program_options 
-- Found Boost: /usr/lib/x86_64-linux-gnu/cmake/Boost-1.74.0/BoostConfig.cmake (found version "1.74.0") found components: system filesystem date_time program_options thread 
-- Configuring done
-- Generating done
-- Build files have been written to: /home/luis-a/mirobot_ws/build/mirobot_package
Built target ament_cmake_python_copy_mirobot_package
running egg_info
creating mirobot_package.egg-info
writing mirobot_package.egg-info/PKG-INFO
writing dependency_links to mirobot_package.egg-info/dependency_links.txt
writing top-level names to mirobot_package.egg-info/top_level.txt
writing manifest file 'mirobot_package.egg-info/SOURCES.txt'
reading manifest file 'mirobot_package.egg-info/SOURCES.txt'
writing manifest file 'mirobot_package.egg-info/SOURCES.txt'
Built target ament_cmake_python_build_mirobot_package_egg
-- Install configuration: ""
-- Installing: /home/luis-a/mirobot_ws/install/mirobot_package/share/mirobot_package/environment/pythonpath.sh
-- Installing: /home/luis-a/mirobot_ws/install/mirobot_package/share/mirobot_package/environment/pythonpath.dsv
-- Installing: /home/luis-a/mirobot_ws/install/mirobot_package/local/lib/python3.10/dist-packages/mirobot_package-0.0.0-py3.10.egg-info
-- Installing: /home/luis-a/mirobot_ws/install/mirobot_package/local/lib/python3.10/dist-packages/mirobot_package-0.0.0-py3.10.egg-info/top_level.txt
-- Installing: /home/luis-a/mirobot_ws/install/mirobot_package/local/lib/python3.10/dist-packages/mirobot_package-0.0.0-py3.10.egg-info/PKG-INFO
-- Installing: /home/luis-a/mirobot_ws/install/mirobot_package/local/lib/python3.10/dist-packages/mirobot_package-0.0.0-py3.10.egg-info/dependency_links.txt
-- Installing: /home/luis-a/mirobot_ws/install/mirobot_package/local/lib/python3.10/dist-packages/mirobot_package-0.0.0-py3.10.egg-info/SOURCES.txt
-- Installing: /home/luis-a/mirobot_ws/install/mirobot_package/local/lib/python3.10/dist-packages/mirobot_package
-- Installing: /home/luis-a/mirobot_ws/install/mirobot_package/local/lib/python3.10/dist-packages/mirobot_package/mirobot_node.py
-- Installing: /home/luis-a/mirobot_ws/install/mirobot_package/local/lib/python3.10/dist-packages/mirobot_package/__init__.py
Listing '/home/luis-a/mirobot_ws/install/mirobot_package/local/lib/python3.10/dist-packages/mirobot_package'...
Compiling '/home/luis-a/mirobot_ws/install/mirobot_package/local/lib/python3.10/dist-packages/mirobot_package/__init__.py'...
Compiling '/home/luis-a/mirobot_ws/install/mirobot_package/local/lib/python3.10/dist-packages/mirobot_package/mirobot_node.py'...
-- Up-to-date: /home/luis-a/mirobot_ws/install/mirobot_package/lib/mirobot_package
-- Installing: /home/luis-a/mirobot_ws/install/mirobot_package/lib/mirobot_package/mirobot_node.cpp
-- Installing: /home/luis-a/mirobot_ws/install/mirobot_package/lib/mirobot_package/mirobot_node_old.txt
-- Installing: /home/luis-a/mirobot_ws/install/mirobot_package/lib/mirobot_package/mirobot_node_new.txt
-- Installing: /home/luis-a/mirobot_ws/install/mirobot_package/share/ament_index/resource_index/package_run_dependencies/mirobot_package
-- Installing: /home/luis-a/mirobot_ws/install/mirobot_package/share/ament_index/resource_index/parent_prefix_path/mirobot_package
-- Up-to-date: /home/luis-a/mirobot_ws/install/mirobot_package/share/mirobot_package/environment/ament_prefix_path.sh
-- Installing: /home/luis-a/mirobot_ws/install/mirobot_package/share/mirobot_package/environment/ament_prefix_path.dsv
-- Up-to-date: /home/luis-a/mirobot_ws/install/mirobot_package/share/mirobot_package/environment/path.sh
-- Installing: /home/luis-a/mirobot_ws/install/mirobot_package/share/mirobot_package/environment/path.dsv
-- Up-to-date: /home/luis-a/mirobot_ws/install/mirobot_package/share/mirobot_package/local_setup.bash
-- Installing: /home/luis-a/mirobot_ws/install/mirobot_package/share/mirobot_package/local_setup.sh
-- Up-to-date: /home/luis-a/mirobot_ws/install/mirobot_package/share/mirobot_package/local_setup.zsh
-- Installing: /home/luis-a/mirobot_ws/install/mirobot_package/share/mirobot_package/local_setup.dsv
-- Installing: /home/luis-a/mirobot_ws/install/mirobot_package/share/mirobot_package/package.dsv
-- Up-to-date: /home/luis-a/mirobot_ws/install/mirobot_package/share/ament_index/resource_index/packages/mirobot_package
-- Up-to-date: /home/luis-a/mirobot_ws/install/mirobot_package/share/mirobot_package/cmake/mirobot_packageConfig.cmake
-- Up-to-date: /home/luis-a/mirobot_ws/install/mirobot_package/share/mirobot_package/cmake/mirobot_packageConfig-version.cmake
-- Installing: /home/luis-a/mirobot_ws/install/mirobot_package/share/mirobot_package/package.xml
