[0.006s] Invoking command in '/home/luis-a/mirobot_ws/build/mirobot_package': CMAKE_PREFIX_PATH=${CMAKE_PREFIX_PATH}:/home/luis-a/ros2_ws/install/my_robot_controller:/opt/ros/humble /usr/bin/cmake --build /home/luis-a/mirobot_ws/build/mirobot_package -- -j32 -l32
[0.022s] -- Found ament_cmake: 1.3.10 (/opt/ros/humble/share/ament_cmake/cmake)
[0.084s] -- Found rclpy: 3.3.14 (/opt/ros/humble/share/rclpy/cmake)
[0.084s] -- Found sensor_msgs: 4.2.4 (/opt/ros/humble/share/sensor_msgs/cmake)
[0.096s] -- Found rosidl_generator_c: 3.1.5 (/opt/ros/humble/share/rosidl_generator_c/cmake)
[0.098s] -- Found rosidl_adapter: 3.1.5 (/opt/ros/humble/share/rosidl_adapter/cmake)
[0.100s] -- Found rosidl_generator_cpp: 3.1.5 (/opt/ros/humble/share/rosidl_generator_cpp/cmake)
[0.105s] -- Using all available rosidl_typesupport_c: rosidl_typesupport_fastrtps_c;rosidl_typesupport_introspection_c
[0.111s] -- Using all available rosidl_typesupport_cpp: rosidl_typesupport_fastrtps_cpp;rosidl_typesupport_introspection_cpp
[0.137s] -- Found moveit_ros_planning_interface: 2.5.5 (/opt/ros/humble/share/moveit_ros_planning_interface/cmake)
[0.143s] -- Found Boost: /usr/lib/x86_64-linux-gnu/cmake/Boost-1.74.0/BoostConfig.cmake (found version "1.74.0") found components: date_time filesystem program_options system thread 
[0.208s] -- Found Boost: /usr/lib/x86_64-linux-gnu/cmake/Boost-1.74.0/BoostConfig.cmake (found version "1.74.0") found components: chrono date_time filesystem iostreams program_options regex serialization system thread 
[0.212s] -- Found parameter_traits: 0.3.9 (/opt/ros/humble/share/parameter_traits/cmake)
[0.225s] -- Found rmw_implementation_cmake: 6.1.2 (/opt/ros/humble/share/rmw_implementation_cmake/cmake)
[0.226s] -- Found rmw_fastrtps_cpp: 6.2.7 (/opt/ros/humble/share/rmw_fastrtps_cpp/cmake)
[0.281s] -- Using RMW implementation 'rmw_fastrtps_cpp' as default
[0.302s] -- Found rclcpp_lifecycle: 16.0.10 (/opt/ros/humble/share/rclcpp_lifecycle/cmake)
[0.313s] -- Found Boost: /usr/lib/x86_64-linux-gnu/cmake/Boost-1.74.0/BoostConfig.cmake (found version "1.74.0") found components: filesystem 
[0.330s] -- library: /usr/lib/x86_64-linux-gnu/libcurl.so
[0.343s] -- Ensuring Eigen3 include directory is part of orocos-kdl CMake target
[0.399s] -- Found Boost: /usr/lib/x86_64-linux-gnu/cmake/Boost-1.74.0/BoostConfig.cmake (found version "1.74.0") found components: system filesystem date_time program_options thread chrono 
[0.415s] -- Found Boost: /usr/lib/x86_64-linux-gnu/cmake/Boost-1.74.0/BoostConfig.cmake (found version "1.74.0") found components: thread system filesystem regex date_time program_options 
[0.425s] -- Found Boost: /usr/lib/x86_64-linux-gnu/cmake/Boost-1.74.0/BoostConfig.cmake (found version "1.74.0") found components: system filesystem date_time program_options thread 
[0.503s] -- Configuring done
[0.508s] -- Generating done
[0.509s] -- Build files have been written to: /home/luis-a/mirobot_ws/build/mirobot_package
[0.537s] Built target ament_cmake_python_copy_mirobot_package
[0.669s] running egg_info
[0.669s] creating mirobot_package.egg-info
[0.669s] writing mirobot_package.egg-info/PKG-INFO
[0.669s] writing dependency_links to mirobot_package.egg-info/dependency_links.txt
[0.669s] writing top-level names to mirobot_package.egg-info/top_level.txt
[0.669s] writing manifest file 'mirobot_package.egg-info/SOURCES.txt'
[0.670s] reading manifest file 'mirobot_package.egg-info/SOURCES.txt'
[0.670s] writing manifest file 'mirobot_package.egg-info/SOURCES.txt'
[0.685s] Built target ament_cmake_python_build_mirobot_package_egg
[0.691s] Invoked command in '/home/luis-a/mirobot_ws/build/mirobot_package' returned '0': CMAKE_PREFIX_PATH=${CMAKE_PREFIX_PATH}:/home/luis-a/ros2_ws/install/my_robot_controller:/opt/ros/humble /usr/bin/cmake --build /home/luis-a/mirobot_ws/build/mirobot_package -- -j32 -l32
[0.705s] Invoking command in '/home/luis-a/mirobot_ws/build/mirobot_package': CMAKE_PREFIX_PATH=${CMAKE_PREFIX_PATH}:/home/luis-a/ros2_ws/install/my_robot_controller:/opt/ros/humble /usr/bin/cmake --install /home/luis-a/mirobot_ws/build/mirobot_package
[0.709s] -- Install configuration: ""
[0.709s] -- Installing: /home/luis-a/mirobot_ws/install/mirobot_package/share/mirobot_package/environment/pythonpath.sh
[0.709s] -- Installing: /home/luis-a/mirobot_ws/install/mirobot_package/share/mirobot_package/environment/pythonpath.dsv
[0.709s] -- Installing: /home/luis-a/mirobot_ws/install/mirobot_package/local/lib/python3.10/dist-packages/mirobot_package-0.0.0-py3.10.egg-info
[0.709s] -- Installing: /home/luis-a/mirobot_ws/install/mirobot_package/local/lib/python3.10/dist-packages/mirobot_package-0.0.0-py3.10.egg-info/top_level.txt
[0.709s] -- Installing: /home/luis-a/mirobot_ws/install/mirobot_package/local/lib/python3.10/dist-packages/mirobot_package-0.0.0-py3.10.egg-info/PKG-INFO
[0.709s] -- Installing: /home/luis-a/mirobot_ws/install/mirobot_package/local/lib/python3.10/dist-packages/mirobot_package-0.0.0-py3.10.egg-info/dependency_links.txt
[0.710s] -- Installing: /home/luis-a/mirobot_ws/install/mirobot_package/local/lib/python3.10/dist-packages/mirobot_package-0.0.0-py3.10.egg-info/SOURCES.txt
[0.710s] -- Installing: /home/luis-a/mirobot_ws/install/mirobot_package/local/lib/python3.10/dist-packages/mirobot_package
[0.710s] -- Installing: /home/luis-a/mirobot_ws/install/mirobot_package/local/lib/python3.10/dist-packages/mirobot_package/mirobot_node.py
[0.710s] -- Installing: /home/luis-a/mirobot_ws/install/mirobot_package/local/lib/python3.10/dist-packages/mirobot_package/__init__.py
[0.725s] Listing '/home/luis-a/mirobot_ws/install/mirobot_package/local/lib/python3.10/dist-packages/mirobot_package'...
[0.725s] Compiling '/home/luis-a/mirobot_ws/install/mirobot_package/local/lib/python3.10/dist-packages/mirobot_package/__init__.py'...
[0.725s] Compiling '/home/luis-a/mirobot_ws/install/mirobot_package/local/lib/python3.10/dist-packages/mirobot_package/mirobot_node.py'...
[0.727s] -- Up-to-date: /home/luis-a/mirobot_ws/install/mirobot_package/lib/mirobot_package
[0.727s] -- Installing: /home/luis-a/mirobot_ws/install/mirobot_package/lib/mirobot_package/mirobot_node.cpp
[0.728s] -- Installing: /home/luis-a/mirobot_ws/install/mirobot_package/lib/mirobot_package/mirobot_node_old.txt
[0.728s] -- Installing: /home/luis-a/mirobot_ws/install/mirobot_package/lib/mirobot_package/mirobot_node_new.txt
[0.728s] -- Installing: /home/luis-a/mirobot_ws/install/mirobot_package/share/ament_index/resource_index/package_run_dependencies/mirobot_package
[0.728s] -- Installing: /home/luis-a/mirobot_ws/install/mirobot_package/share/ament_index/resource_index/parent_prefix_path/mirobot_package
[0.728s] -- Up-to-date: /home/luis-a/mirobot_ws/install/mirobot_package/share/mirobot_package/environment/ament_prefix_path.sh
[0.728s] -- Installing: /home/luis-a/mirobot_ws/install/mirobot_package/share/mirobot_package/environment/ament_prefix_path.dsv
[0.728s] -- Up-to-date: /home/luis-a/mirobot_ws/install/mirobot_package/share/mirobot_package/environment/path.sh
[0.728s] -- Installing: /home/luis-a/mirobot_ws/install/mirobot_package/share/mirobot_package/environment/path.dsv
[0.728s] -- Up-to-date: /home/luis-a/mirobot_ws/install/mirobot_package/share/mirobot_package/local_setup.bash
[0.729s] -- Installing: /home/luis-a/mirobot_ws/install/mirobot_package/share/mirobot_package/local_setup.sh
[0.729s] -- Up-to-date: /home/luis-a/mirobot_ws/install/mirobot_package/share/mirobot_package/local_setup.zsh
[0.729s] -- Installing: /home/luis-a/mirobot_ws/install/mirobot_package/share/mirobot_package/local_setup.dsv
[0.729s] -- Installing: /home/luis-a/mirobot_ws/install/mirobot_package/share/mirobot_package/package.dsv
[0.729s] -- Up-to-date: /home/luis-a/mirobot_ws/install/mirobot_package/share/ament_index/resource_index/packages/mirobot_package
[0.729s] -- Up-to-date: /home/luis-a/mirobot_ws/install/mirobot_package/share/mirobot_package/cmake/mirobot_packageConfig.cmake
[0.729s] -- Up-to-date: /home/luis-a/mirobot_ws/install/mirobot_package/share/mirobot_package/cmake/mirobot_packageConfig-version.cmake
[0.729s] -- Installing: /home/luis-a/mirobot_ws/install/mirobot_package/share/mirobot_package/package.xml
[0.730s] Invoked command in '/home/luis-a/mirobot_ws/build/mirobot_package' returned '0': CMAKE_PREFIX_PATH=${CMAKE_PREFIX_PATH}:/home/luis-a/ros2_ws/install/my_robot_controller:/opt/ros/humble /usr/bin/cmake --install /home/luis-a/mirobot_ws/build/mirobot_package
