-- Install configuration: ""
-- Up-to-date: /home/luis-a/mirobot_ws/install/mirobot_urdf_2/share/mirobot_urdf_2//launch
-- Up-to-date: /home/luis-a/mirobot_ws/install/mirobot_urdf_2/share/mirobot_urdf_2//launch/view_mirobot.launch.py
-- Up-to-date: /home/luis-a/mirobot_ws/install/mirobot_urdf_2/share/mirobot_urdf_2//launch/.vscode
-- Up-to-date: /home/luis-a/mirobot_ws/install/mirobot_urdf_2/share/mirobot_urdf_2//launch/.vscode/c_cpp_properties.json
-- Up-to-date: /home/luis-a/mirobot_ws/install/mirobot_urdf_2/share/mirobot_urdf_2//launch/.vscode/settings.json
-- Up-to-date: /home/luis-a/mirobot_ws/install/mirobot_urdf_2/share/mirobot_urdf_2//urdf
-- Up-to-date: /home/luis-a/mirobot_ws/install/mirobot_urdf_2/share/mirobot_urdf_2//urdf/mirobot_urdf_2.xacro
-- Up-to-date: /home/luis-a/mirobot_ws/install/mirobot_urdf_2/share/mirobot_urdf_2//urdf/mirobot_urdf_2.urdf
-- Up-to-date: /home/luis-a/mirobot_ws/install/mirobot_urdf_2/share/mirobot_urdf_2//urdf/mirobot_urdf_2.csv
-- Up-to-date: /home/luis-a/mirobot_ws/install/mirobot_urdf_2/share/mirobot_urdf_2//config
-- Up-to-date: /home/luis-a/mirobot_ws/install/mirobot_urdf_2/share/mirobot_urdf_2//config/mirobot_rviz.rviz
-- Up-to-date: /home/luis-a/mirobot_ws/install/mirobot_urdf_2/share/mirobot_urdf_2//meshes
-- Up-to-date: /home/luis-a/mirobot_ws/install/mirobot_urdf_2/share/mirobot_urdf_2//meshes/Link6.STL
-- Up-to-date: /home/luis-a/mirobot_ws/install/mirobot_urdf_2/share/mirobot_urdf_2//meshes/Link1.STL
-- Up-to-date: /home/luis-a/mirobot_ws/install/mirobot_urdf_2/share/mirobot_urdf_2//meshes/base_link.STL
-- Up-to-date: /home/luis-a/mirobot_ws/install/mirobot_urdf_2/share/mirobot_urdf_2//meshes/Link4.STL
-- Up-to-date: /home/luis-a/mirobot_ws/install/mirobot_urdf_2/share/mirobot_urdf_2//meshes/Link2.STL
-- Up-to-date: /home/luis-a/mirobot_ws/install/mirobot_urdf_2/share/mirobot_urdf_2//meshes/Link3.STL
-- Up-to-date: /home/luis-a/mirobot_ws/install/mirobot_urdf_2/share/mirobot_urdf_2//meshes/Link5.STL
-- Up-to-date: /home/luis-a/mirobot_ws/install/mirobot_urdf_2/share/ament_index/resource_index/package_run_dependencies/mirobot_urdf_2
-- Up-to-date: /home/luis-a/mirobot_ws/install/mirobot_urdf_2/share/ament_index/resource_index/parent_prefix_path/mirobot_urdf_2
-- Up-to-date: /home/luis-a/mirobot_ws/install/mirobot_urdf_2/share/mirobot_urdf_2/environment/ament_prefix_path.sh
-- Up-to-date: /home/luis-a/mirobot_ws/install/mirobot_urdf_2/share/mirobot_urdf_2/environment/ament_prefix_path.dsv
-- Up-to-date: /home/luis-a/mirobot_ws/install/mirobot_urdf_2/share/mirobot_urdf_2/environment/path.sh
-- Up-to-date: /home/luis-a/mirobot_ws/install/mirobot_urdf_2/share/mirobot_urdf_2/environment/path.dsv
-- Up-to-date: /home/luis-a/mirobot_ws/install/mirobot_urdf_2/share/mirobot_urdf_2/local_setup.bash
-- Up-to-date: /home/luis-a/mirobot_ws/install/mirobot_urdf_2/share/mirobot_urdf_2/local_setup.sh
-- Up-to-date: /home/luis-a/mirobot_ws/install/mirobot_urdf_2/share/mirobot_urdf_2/local_setup.zsh
-- Up-to-date: /home/luis-a/mirobot_ws/install/mirobot_urdf_2/share/mirobot_urdf_2/local_setup.dsv
-- Installing: /home/luis-a/mirobot_ws/install/mirobot_urdf_2/share/mirobot_urdf_2/package.dsv
-- Up-to-date: /home/luis-a/mirobot_ws/install/mirobot_urdf_2/share/ament_index/resource_index/packages/mirobot_urdf_2
-- Up-to-date: /home/luis-a/mirobot_ws/install/mirobot_urdf_2/share/mirobot_urdf_2/cmake/mirobot_urdf_2Config.cmake
-- Up-to-date: /home/luis-a/mirobot_ws/install/mirobot_urdf_2/share/mirobot_urdf_2/cmake/mirobot_urdf_2Config-version.cmake
-- Up-to-date: /home/luis-a/mirobot_ws/install/mirobot_urdf_2/share/mirobot_urdf_2/package.xml
