[0.007s] Invoking command in '/home/luis-a/mirobot_ws/build/mirobot_package': CMAKE_PREFIX_PATH=${CMAKE_PREFIX_PATH}:/home/luis-a/ros2_ws/install/my_robot_controller:/opt/ros/humble /usr/bin/cmake --build /home/luis-a/mirobot_ws/build/mirobot_package -- -j32 -l32
[0.035s] [35m[1mConsolidate compiler generated dependencies of target mirobot_node[0m
[0.050s] [ 50%] [32mBuilding CXX object CMakeFiles/mirobot_node.dir/src/mirobot_node.cpp.o[0m
[4.514s] [100%] [32m[1mLinking CXX executable mirobot_node[0m
[4.668s] [100%] Built target mirobot_node
[4.676s] Invoked command in '/home/luis-a/mirobot_ws/build/mirobot_package' returned '0': CMAKE_PREFIX_PATH=${CMAKE_PREFIX_PATH}:/home/luis-a/ros2_ws/install/my_robot_controller:/opt/ros/humble /usr/bin/cmake --build /home/luis-a/mirobot_ws/build/mirobot_package -- -j32 -l32
[4.697s] Invoking command in '/home/luis-a/mirobot_ws/build/mirobot_package': CMAKE_PREFIX_PATH=${CMAKE_PREFIX_PATH}:/home/luis-a/ros2_ws/install/my_robot_controller:/opt/ros/humble /usr/bin/cmake --install /home/luis-a/mirobot_ws/build/mirobot_package
[4.700s] -- Install configuration: ""
[4.700s] -- Installing: /home/luis-a/mirobot_ws/install/mirobot_package/lib/mirobot_package/mirobot_node
[4.701s] -- Set runtime path of "/home/luis-a/mirobot_ws/install/mirobot_package/lib/mirobot_package/mirobot_node" to ""
[4.701s] -- Up-to-date: /home/luis-a/mirobot_ws/install/mirobot_package/share/ament_index/resource_index/package_run_dependencies/mirobot_package
[4.701s] -- Up-to-date: /home/luis-a/mirobot_ws/install/mirobot_package/share/ament_index/resource_index/parent_prefix_path/mirobot_package
[4.701s] -- Up-to-date: /home/luis-a/mirobot_ws/install/mirobot_package/share/mirobot_package/environment/ament_prefix_path.sh
[4.701s] -- Up-to-date: /home/luis-a/mirobot_ws/install/mirobot_package/share/mirobot_package/environment/ament_prefix_path.dsv
[4.701s] -- Up-to-date: /home/luis-a/mirobot_ws/install/mirobot_package/share/mirobot_package/environment/path.sh
[4.701s] -- Up-to-date: /home/luis-a/mirobot_ws/install/mirobot_package/share/mirobot_package/environment/path.dsv
[4.701s] -- Up-to-date: /home/luis-a/mirobot_ws/install/mirobot_package/share/mirobot_package/local_setup.bash
[4.702s] -- Up-to-date: /home/luis-a/mirobot_ws/install/mirobot_package/share/mirobot_package/local_setup.sh
[4.702s] -- Up-to-date: /home/luis-a/mirobot_ws/install/mirobot_package/share/mirobot_package/local_setup.zsh
[4.702s] -- Up-to-date: /home/luis-a/mirobot_ws/install/mirobot_package/share/mirobot_package/local_setup.dsv
[4.702s] -- Installing: /home/luis-a/mirobot_ws/install/mirobot_package/share/mirobot_package/package.dsv
[4.702s] -- Up-to-date: /home/luis-a/mirobot_ws/install/mirobot_package/share/ament_index/resource_index/packages/mirobot_package
[4.702s] -- Up-to-date: /home/luis-a/mirobot_ws/install/mirobot_package/share/mirobot_package/cmake/mirobot_packageConfig.cmake
[4.702s] -- Up-to-date: /home/luis-a/mirobot_ws/install/mirobot_package/share/mirobot_package/cmake/mirobot_packageConfig-version.cmake
[4.702s] -- Up-to-date: /home/luis-a/mirobot_ws/install/mirobot_package/share/mirobot_package/package.xml
[4.703s] Invoked command in '/home/luis-a/mirobot_ws/build/mirobot_package' returned '0': CMAKE_PREFIX_PATH=${CMAKE_PREFIX_PATH}:/home/luis-a/ros2_ws/install/my_robot_controller:/opt/ros/humble /usr/bin/cmake --install /home/luis-a/mirobot_ws/build/mirobot_package
