[0.006s] Invoking command in '/home/luis-a/mirobot_ws/build/mirobot_moveit_config': CMAKE_PREFIX_PATH=/home/luis-a/mirobot_ws/install/mirobot_urdf_2:/home/luis-a/mirobot_ws/install/mirobot_moveit_config:/home/luis-a/mirobot_ws/install/mirobot_package:/home/luis-a/ros2_ws/install/my_robot_controller:/opt/ros/humble /usr/bin/cmake --build /home/luis-a/mirobot_ws/build/mirobot_moveit_config -- -j32 -l32
[0.026s] Invoked command in '/home/luis-a/mirobot_ws/build/mirobot_moveit_config' returned '0': CMAKE_PREFIX_PATH=/home/luis-a/mirobot_ws/install/mirobot_urdf_2:/home/luis-a/mirobot_ws/install/mirobot_moveit_config:/home/luis-a/mirobot_ws/install/mirobot_package:/home/luis-a/ros2_ws/install/my_robot_controller:/opt/ros/humble /usr/bin/cmake --build /home/luis-a/mirobot_ws/build/mirobot_moveit_config -- -j32 -l32
[0.038s] Invoking command in '/home/luis-a/mirobot_ws/build/mirobot_moveit_config': CMAKE_PREFIX_PATH=/home/luis-a/mirobot_ws/install/mirobot_urdf_2:/home/luis-a/mirobot_ws/install/mirobot_moveit_config:/home/luis-a/mirobot_ws/install/mirobot_package:/home/luis-a/ros2_ws/install/my_robot_controller:/opt/ros/humble /usr/bin/cmake --install /home/luis-a/mirobot_ws/build/mirobot_moveit_config
[0.042s] -- Install configuration: ""
[0.042s] -- Up-to-date: /home/luis-a/mirobot_ws/install/mirobot_moveit_config/share/ament_index/resource_index/package_run_dependencies/mirobot_moveit_config
[0.042s] -- Up-to-date: /home/luis-a/mirobot_ws/install/mirobot_moveit_config/share/ament_index/resource_index/parent_prefix_path/mirobot_moveit_config
[0.042s] -- Up-to-date: /home/luis-a/mirobot_ws/install/mirobot_moveit_config/share/mirobot_moveit_config/environment/ament_prefix_path.sh
[0.042s] -- Up-to-date: /home/luis-a/mirobot_ws/install/mirobot_moveit_config/share/mirobot_moveit_config/environment/ament_prefix_path.dsv
[0.042s] -- Up-to-date: /home/luis-a/mirobot_ws/install/mirobot_moveit_config/share/mirobot_moveit_config/environment/path.sh
[0.042s] -- Up-to-date: /home/luis-a/mirobot_ws/install/mirobot_moveit_config/share/mirobot_moveit_config/environment/path.dsv
[0.042s] -- Up-to-date: /home/luis-a/mirobot_ws/install/mirobot_moveit_config/share/mirobot_moveit_config/local_setup.bash
[0.042s] -- Up-to-date: /home/luis-a/mirobot_ws/install/mirobot_moveit_config/share/mirobot_moveit_config/local_setup.sh
[0.042s] -- Up-to-date: /home/luis-a/mirobot_ws/install/mirobot_moveit_config/share/mirobot_moveit_config/local_setup.zsh
[0.042s] -- Up-to-date: /home/luis-a/mirobot_ws/install/mirobot_moveit_config/share/mirobot_moveit_config/local_setup.dsv
[0.042s] -- Installing: /home/luis-a/mirobot_ws/install/mirobot_moveit_config/share/mirobot_moveit_config/package.dsv
[0.042s] -- Up-to-date: /home/luis-a/mirobot_ws/install/mirobot_moveit_config/share/ament_index/resource_index/packages/mirobot_moveit_config
[0.042s] -- Up-to-date: /home/luis-a/mirobot_ws/install/mirobot_moveit_config/share/mirobot_moveit_config/cmake/mirobot_moveit_configConfig.cmake
[0.042s] -- Up-to-date: /home/luis-a/mirobot_ws/install/mirobot_moveit_config/share/mirobot_moveit_config/cmake/mirobot_moveit_configConfig-version.cmake
[0.042s] -- Up-to-date: /home/luis-a/mirobot_ws/install/mirobot_moveit_config/share/mirobot_moveit_config/package.xml
[0.042s] -- Up-to-date: /home/luis-a/mirobot_ws/install/mirobot_moveit_config/share/mirobot_moveit_config/launch
[0.042s] -- Up-to-date: /home/luis-a/mirobot_ws/install/mirobot_moveit_config/share/mirobot_moveit_config/launch/rsp.launch.py
[0.042s] -- Up-to-date: /home/luis-a/mirobot_ws/install/mirobot_moveit_config/share/mirobot_moveit_config/launch/move_group.launch.py
[0.042s] -- Up-to-date: /home/luis-a/mirobot_ws/install/mirobot_moveit_config/share/mirobot_moveit_config/launch/warehouse_db.launch.py
[0.042s] -- Up-to-date: /home/luis-a/mirobot_ws/install/mirobot_moveit_config/share/mirobot_moveit_config/launch/moveit_rviz.launch.py
[0.042s] -- Up-to-date: /home/luis-a/mirobot_ws/install/mirobot_moveit_config/share/mirobot_moveit_config/launch/setup_assistant.launch.py
[0.042s] -- Up-to-date: /home/luis-a/mirobot_ws/install/mirobot_moveit_config/share/mirobot_moveit_config/launch/demo.launch.py
[0.042s] -- Up-to-date: /home/luis-a/mirobot_ws/install/mirobot_moveit_config/share/mirobot_moveit_config/launch/spawn_controllers.launch.py
[0.042s] -- Up-to-date: /home/luis-a/mirobot_ws/install/mirobot_moveit_config/share/mirobot_moveit_config/launch/static_virtual_joint_tfs.launch.py
[0.042s] -- Up-to-date: /home/luis-a/mirobot_ws/install/mirobot_moveit_config/share/mirobot_moveit_config/config
[0.043s] -- Up-to-date: /home/luis-a/mirobot_ws/install/mirobot_moveit_config/share/mirobot_moveit_config/config/moveit_controllers.yaml
[0.043s] -- Installing: /home/luis-a/mirobot_ws/install/mirobot_moveit_config/share/mirobot_moveit_config/config/mirobot_urdf_2.ros2_control.xacro
[0.043s] -- Up-to-date: /home/luis-a/mirobot_ws/install/mirobot_moveit_config/share/mirobot_moveit_config/config/mirobot_urdf_2.urdf.xacro
[0.043s] -- Up-to-date: /home/luis-a/mirobot_ws/install/mirobot_moveit_config/share/mirobot_moveit_config/config/ros2_controllers.yaml
[0.043s] -- Up-to-date: /home/luis-a/mirobot_ws/install/mirobot_moveit_config/share/mirobot_moveit_config/config/kinematics.yaml
[0.043s] -- Up-to-date: /home/luis-a/mirobot_ws/install/mirobot_moveit_config/share/mirobot_moveit_config/config/moveit.rviz
[0.043s] -- Up-to-date: /home/luis-a/mirobot_ws/install/mirobot_moveit_config/share/mirobot_moveit_config/config/pilz_cartesian_limits.yaml
[0.043s] -- Up-to-date: /home/luis-a/mirobot_ws/install/mirobot_moveit_config/share/mirobot_moveit_config/config/joint_limits.yaml
[0.043s] -- Up-to-date: /home/luis-a/mirobot_ws/install/mirobot_moveit_config/share/mirobot_moveit_config/config/initial_positions.yaml
[0.043s] -- Up-to-date: /home/luis-a/mirobot_ws/install/mirobot_moveit_config/share/mirobot_moveit_config/config/mirobot_urdf_2.srdf
[0.043s] -- Up-to-date: /home/luis-a/mirobot_ws/install/mirobot_moveit_config/share/mirobot_moveit_config/.setup_assistant
[0.043s] Invoked command in '/home/luis-a/mirobot_ws/build/mirobot_moveit_config' returned '0': CMAKE_PREFIX_PATH=/home/luis-a/mirobot_ws/install/mirobot_urdf_2:/home/luis-a/mirobot_ws/install/mirobot_moveit_config:/home/luis-a/mirobot_ws/install/mirobot_package:/home/luis-a/ros2_ws/install/my_robot_controller:/opt/ros/humble /usr/bin/cmake --install /home/luis-a/mirobot_ws/build/mirobot_moveit_config
