[0.006s] Invoking command in '/home/luis-a/mirobot_ws/build/hello_moveit': CMAKE_PREFIX_PATH=/home/luis-a/ros2_ws/install/my_robot_controller:/opt/ros/humble /usr/bin/cmake /home/luis-a/mirobot_ws/src/hello_moveit -DCMAKE_INSTALL_PREFIX=/home/luis-a/mirobot_ws/install/hello_moveit
[0.039s] -- The C compiler identification is GNU 11.4.0
[0.072s] -- The CXX compiler identification is GNU 11.4.0
[0.076s] -- Detecting C compiler ABI info
[0.117s] -- Detecting C compiler ABI info - done
[0.121s] -- Check for working C compiler: /usr/bin/cc - skipped
[0.121s] -- Detecting C compile features
[0.121s] -- Detecting C compile features - done
[0.123s] -- Detecting CXX compiler ABI info
[0.170s] -- Detecting CXX compiler ABI info - done
[0.174s] -- Check for working CXX compiler: /usr/bin/c++ - skipped
[0.174s] -- Detecting CXX compile features
[0.174s] -- Detecting CXX compile features - done
[0.176s] -- Found ament_cmake: 1.3.10 (/opt/ros/humble/share/ament_cmake/cmake)
[0.259s] -- Found Python3: /usr/bin/python3 (found version "3.10.12") found components: Interpreter 
[0.307s] -- Found moveit_ros_planning_interface: 2.5.5 (/opt/ros/humble/share/moveit_ros_planning_interface/cmake)
[0.409s] -- Found Boost: /usr/lib/x86_64-linux-gnu/cmake/Boost-1.74.0/BoostConfig.cmake (found version "1.74.0") found components: date_time filesystem program_options system thread 
[0.432s] -- Found rosidl_generator_c: 3.1.5 (/opt/ros/humble/share/rosidl_generator_c/cmake)
[0.435s] -- Found rosidl_adapter: 3.1.5 (/opt/ros/humble/share/rosidl_adapter/cmake)
[0.439s] -- Found rosidl_generator_cpp: 3.1.5 (/opt/ros/humble/share/rosidl_generator_cpp/cmake)
[0.446s] -- Using all available rosidl_typesupport_c: rosidl_typesupport_fastrtps_c;rosidl_typesupport_introspection_c
[0.455s] -- Using all available rosidl_typesupport_cpp: rosidl_typesupport_fastrtps_cpp;rosidl_typesupport_introspection_cpp
[0.561s] -- Found Boost: /usr/lib/x86_64-linux-gnu/cmake/Boost-1.74.0/BoostConfig.cmake (found version "1.74.0") found components: chrono date_time filesystem iostreams program_options regex serialization system thread 
[0.569s] -- Found parameter_traits: 0.3.9 (/opt/ros/humble/share/parameter_traits/cmake)
[0.589s] -- Found rmw_implementation_cmake: 6.1.2 (/opt/ros/humble/share/rmw_implementation_cmake/cmake)
[0.590s] -- Found rmw_fastrtps_cpp: 6.2.7 (/opt/ros/humble/share/rmw_fastrtps_cpp/cmake)
[0.648s] -- Found OpenSSL: /usr/lib/x86_64-linux-gnu/libcrypto.so (found version "3.0.2")  
[0.663s] -- Found FastRTPS: /opt/ros/humble/include  
[0.686s] -- Using RMW implementation 'rmw_fastrtps_cpp' as default
[0.690s] -- Found Threads: TRUE  
[0.718s] -- Found rclcpp_lifecycle: 16.0.10 (/opt/ros/humble/share/rclcpp_lifecycle/cmake)
[0.730s] -- Found Boost: /usr/lib/x86_64-linux-gnu/cmake/Boost-1.74.0/BoostConfig.cmake (found version "1.74.0") found components: filesystem 
[0.792s] -- library: /usr/lib/x86_64-linux-gnu/libcurl.so
[0.809s] -- Found Eigen3: TRUE (found version "3.4.0") 
[0.809s] -- Ensuring Eigen3 include directory is part of orocos-kdl CMake target
[0.881s] -- Found Boost: /usr/lib/x86_64-linux-gnu/cmake/Boost-1.74.0/BoostConfig.cmake (found version "1.74.0") found components: system filesystem date_time program_options thread chrono 
[0.899s] -- Found Boost: /usr/lib/x86_64-linux-gnu/cmake/Boost-1.74.0/BoostConfig.cmake (found version "1.74.0") found components: thread system filesystem regex date_time program_options 
[0.910s] -- Found Boost: /usr/lib/x86_64-linux-gnu/cmake/Boost-1.74.0/BoostConfig.cmake (found version "1.74.0") found components: system filesystem date_time program_options thread 
[0.926s] -- Found ament_lint_auto: 0.12.11 (/opt/ros/humble/share/ament_lint_auto/cmake)
[0.965s] -- Added test 'cppcheck' to perform static code analysis on C / C++ code
[0.965s] -- Configured cppcheck include dirs: $<BUILD_INTERFACE:/home/luis-a/mirobot_ws/src/hello_moveit/include>
[0.965s] -- Configured cppcheck exclude dirs and/or files: 
[0.965s] -- Added test 'lint_cmake' to check CMake code style
[0.966s] -- Added test 'uncrustify' to check C / C++ code style
[0.966s] -- Configured uncrustify additional arguments: 
[0.966s] -- Added test 'xmllint' to check XML markup files
[0.967s] -- Configuring done
[0.981s] -- Generating done
[0.982s] -- Build files have been written to: /home/luis-a/mirobot_ws/build/hello_moveit
[0.990s] Invoked command in '/home/luis-a/mirobot_ws/build/hello_moveit' returned '0': CMAKE_PREFIX_PATH=/home/luis-a/ros2_ws/install/my_robot_controller:/opt/ros/humble /usr/bin/cmake /home/luis-a/mirobot_ws/src/hello_moveit -DCMAKE_INSTALL_PREFIX=/home/luis-a/mirobot_ws/install/hello_moveit
[0.991s] Invoking command in '/home/luis-a/mirobot_ws/build/hello_moveit': CMAKE_PREFIX_PATH=/home/luis-a/ros2_ws/install/my_robot_controller:/opt/ros/humble /usr/bin/cmake --build /home/luis-a/mirobot_ws/build/hello_moveit -- -j32 -l32
[1.022s] [ 50%] [32mBuilding CXX object CMakeFiles/hello_moveit.dir/src/hello_moveit.cpp.o[0m
[4.736s] [100%] [32m[1mLinking CXX executable hello_moveit[0m
[5.071s] [100%] Built target hello_moveit
[5.078s] Invoked command in '/home/luis-a/mirobot_ws/build/hello_moveit' returned '0': CMAKE_PREFIX_PATH=/home/luis-a/ros2_ws/install/my_robot_controller:/opt/ros/humble /usr/bin/cmake --build /home/luis-a/mirobot_ws/build/hello_moveit -- -j32 -l32
[5.099s] Invoking command in '/home/luis-a/mirobot_ws/build/hello_moveit': CMAKE_PREFIX_PATH=/home/luis-a/ros2_ws/install/my_robot_controller:/opt/ros/humble /usr/bin/cmake --install /home/luis-a/mirobot_ws/build/hello_moveit
[5.102s] -- Install configuration: ""
[5.102s] -- Installing: /home/luis-a/mirobot_ws/install/hello_moveit/lib/hello_moveit/hello_moveit
[5.103s] -- Set runtime path of "/home/luis-a/mirobot_ws/install/hello_moveit/lib/hello_moveit/hello_moveit" to ""
[5.103s] -- Installing: /home/luis-a/mirobot_ws/install/hello_moveit/share/ament_index/resource_index/package_run_dependencies/hello_moveit
[5.103s] -- Installing: /home/luis-a/mirobot_ws/install/hello_moveit/share/ament_index/resource_index/parent_prefix_path/hello_moveit
[5.103s] -- Installing: /home/luis-a/mirobot_ws/install/hello_moveit/share/hello_moveit/environment/ament_prefix_path.sh
[5.103s] -- Installing: /home/luis-a/mirobot_ws/install/hello_moveit/share/hello_moveit/environment/ament_prefix_path.dsv
[5.103s] -- Installing: /home/luis-a/mirobot_ws/install/hello_moveit/share/hello_moveit/environment/path.sh
[5.103s] -- Installing: /home/luis-a/mirobot_ws/install/hello_moveit/share/hello_moveit/environment/path.dsv
[5.103s] -- Installing: /home/luis-a/mirobot_ws/install/hello_moveit/share/hello_moveit/local_setup.bash
[5.103s] -- Installing: /home/luis-a/mirobot_ws/install/hello_moveit/share/hello_moveit/local_setup.sh
[5.103s] -- Installing: /home/luis-a/mirobot_ws/install/hello_moveit/share/hello_moveit/local_setup.zsh
[5.103s] -- Installing: /home/luis-a/mirobot_ws/install/hello_moveit/share/hello_moveit/local_setup.dsv
[5.103s] -- Installing: /home/luis-a/mirobot_ws/install/hello_moveit/share/hello_moveit/package.dsv
[5.104s] -- Installing: /home/luis-a/mirobot_ws/install/hello_moveit/share/ament_index/resource_index/packages/hello_moveit
[5.104s] -- Installing: /home/luis-a/mirobot_ws/install/hello_moveit/share/hello_moveit/cmake/hello_moveitConfig.cmake
[5.104s] -- Installing: /home/luis-a/mirobot_ws/install/hello_moveit/share/hello_moveit/cmake/hello_moveitConfig-version.cmake
[5.104s] -- Installing: /home/luis-a/mirobot_ws/install/hello_moveit/share/hello_moveit/package.xml
[5.105s] Invoked command in '/home/luis-a/mirobot_ws/build/hello_moveit' returned '0': CMAKE_PREFIX_PATH=/home/luis-a/ros2_ws/install/my_robot_controller:/opt/ros/humble /usr/bin/cmake --install /home/luis-a/mirobot_ws/build/hello_moveit
