[0.007s] Invoking command in '/home/luis-a/mirobot_ws/build/mirobot_package': CMAKE_PREFIX_PATH=/home/luis-a/ros2_ws/install/my_robot_controller:/opt/ros/humble /usr/bin/cmake /home/luis-a/mirobot_ws/src/mirobot_package -DCMAKE_INSTALL_PREFIX=/home/luis-a/mirobot_ws/install/mirobot_package
[0.039s] -- The C compiler identification is GNU 11.4.0
[0.071s] -- The CXX compiler identification is GNU 11.4.0
[0.075s] -- Detecting C compiler ABI info
[0.117s] -- Detecting C compiler ABI info - done
[0.121s] -- Check for working C compiler: /usr/bin/cc - skipped
[0.121s] -- Detecting C compile features
[0.121s] -- Detecting C compile features - done
[0.123s] -- Detecting CXX compiler ABI info
[0.170s] -- Detecting CXX compiler ABI info - done
[0.174s] -- Check for working CXX compiler: /usr/bin/c++ - skipped
[0.174s] -- Detecting CXX compile features
[0.175s] -- Detecting CXX compile features - done
[0.176s] -- Found ament_cmake: 1.3.10 (/opt/ros/humble/share/ament_cmake/cmake)
[0.260s] -- Found Python3: /usr/bin/python3 (found version "3.10.12") found components: Interpreter 
[0.308s] -- Found rclcpp: 16.0.10 (/opt/ros/humble/share/rclcpp/cmake)
[0.332s] -- Found rosidl_generator_c: 3.1.5 (/opt/ros/humble/share/rosidl_generator_c/cmake)
[0.335s] -- Found rosidl_adapter: 3.1.5 (/opt/ros/humble/share/rosidl_adapter/cmake)
[0.339s] -- Found rosidl_generator_cpp: 3.1.5 (/opt/ros/humble/share/rosidl_generator_cpp/cmake)
[0.346s] -- Using all available rosidl_typesupport_c: rosidl_typesupport_fastrtps_c;rosidl_typesupport_introspection_c
[0.355s] -- Using all available rosidl_typesupport_cpp: rosidl_typesupport_fastrtps_cpp;rosidl_typesupport_introspection_cpp
[0.379s] -- Found rmw_implementation_cmake: 6.1.2 (/opt/ros/humble/share/rmw_implementation_cmake/cmake)
[0.380s] -- Found rmw_fastrtps_cpp: 6.2.7 (/opt/ros/humble/share/rmw_fastrtps_cpp/cmake)
[0.441s] -- Found OpenSSL: /usr/lib/x86_64-linux-gnu/libcrypto.so (found version "3.0.2")  
[0.458s] -- Found FastRTPS: /opt/ros/humble/include  
[0.483s] -- Using RMW implementation 'rmw_fastrtps_cpp' as default
[0.488s] -- Looking for pthread.h
[0.532s] -- Looking for pthread.h - found
[0.532s] -- Performing Test CMAKE_HAVE_LIBC_PTHREAD
[0.573s] -- Performing Test CMAKE_HAVE_LIBC_PTHREAD - Success
[0.573s] -- Found Threads: TRUE  
[0.598s] -- Found sensor_msgs: 4.2.4 (/opt/ros/humble/share/sensor_msgs/cmake)
[0.614s] -- Found moveit_ros_planning_interface: 2.5.5 (/opt/ros/humble/share/moveit_ros_planning_interface/cmake)
[0.626s] -- Found Boost: /usr/lib/x86_64-linux-gnu/cmake/Boost-1.74.0/BoostConfig.cmake (found version "1.74.0") found components: date_time filesystem program_options system thread 
[0.699s] -- Found Boost: /usr/lib/x86_64-linux-gnu/cmake/Boost-1.74.0/BoostConfig.cmake (found version "1.74.0") found components: chrono date_time filesystem iostreams program_options regex serialization system thread 
[0.706s] -- Found parameter_traits: 0.3.9 (/opt/ros/humble/share/parameter_traits/cmake)
[0.715s] -- Found rclcpp_lifecycle: 16.0.10 (/opt/ros/humble/share/rclcpp_lifecycle/cmake)
[0.727s] -- Found Boost: /usr/lib/x86_64-linux-gnu/cmake/Boost-1.74.0/BoostConfig.cmake (found version "1.74.0") found components: filesystem 
[0.791s] -- library: /usr/lib/x86_64-linux-gnu/libcurl.so
[0.808s] -- Found Eigen3: TRUE (found version "3.4.0") 
[0.809s] -- Ensuring Eigen3 include directory is part of orocos-kdl CMake target
[0.880s] -- Found Boost: /usr/lib/x86_64-linux-gnu/cmake/Boost-1.74.0/BoostConfig.cmake (found version "1.74.0") found components: system filesystem date_time program_options thread chrono 
[0.897s] -- Found Boost: /usr/lib/x86_64-linux-gnu/cmake/Boost-1.74.0/BoostConfig.cmake (found version "1.74.0") found components: thread system filesystem regex date_time program_options 
[0.909s] -- Found Boost: /usr/lib/x86_64-linux-gnu/cmake/Boost-1.74.0/BoostConfig.cmake (found version "1.74.0") found components: system filesystem date_time program_options thread 
[0.924s] -- Found ament_lint_auto: 0.12.11 (/opt/ros/humble/share/ament_lint_auto/cmake)
[0.963s] -- Added test 'cppcheck' to perform static code analysis on C / C++ code
[0.963s] -- Configured cppcheck include dirs: $<BUILD_INTERFACE:/home/luis-a/mirobot_ws/src/mirobot_package/include>
[0.963s] -- Configured cppcheck exclude dirs and/or files: 
[0.963s] -- Added test 'lint_cmake' to check CMake code style
[0.964s] -- Added test 'uncrustify' to check C / C++ code style
[0.964s] -- Configured uncrustify additional arguments: 
[0.964s] -- Added test 'xmllint' to check XML markup files
[0.964s] -- Configuring done
[0.971s] -- Generating done
[0.972s] -- Build files have been written to: /home/luis-a/mirobot_ws/build/mirobot_package
[0.979s] Invoked command in '/home/luis-a/mirobot_ws/build/mirobot_package' returned '0': CMAKE_PREFIX_PATH=/home/luis-a/ros2_ws/install/my_robot_controller:/opt/ros/humble /usr/bin/cmake /home/luis-a/mirobot_ws/src/mirobot_package -DCMAKE_INSTALL_PREFIX=/home/luis-a/mirobot_ws/install/mirobot_package
[0.980s] Invoking command in '/home/luis-a/mirobot_ws/build/mirobot_package': CMAKE_PREFIX_PATH=/home/luis-a/ros2_ws/install/my_robot_controller:/opt/ros/humble /usr/bin/cmake --build /home/luis-a/mirobot_ws/build/mirobot_package -- -j32 -l32
[1.011s] [ 50%] [32mBuilding CXX object CMakeFiles/mirobot_node.dir/src/mirobot_node.cpp.o[0m
[1.139s] [01m[K/home/luis-a/mirobot_ws/src/mirobot_package/src/mirobot_node.cpp:4:10:[m[K [01;31m[Kfatal error: [m[Kmoveit/move_group_interface/move_group_interface.h: No such file or directory
[1.139s]     4 | #include [01;31m[K<moveit/move_group_interface/move_group_interface.h>[m[K
[1.139s]       |          [01;31m[K^~~~~~~~~~~~~~~~~~~~~~~~~~~~~~~~~~~~~~~~~~~~~~~~~~~~[m[K
[1.139s] compilation terminated.
[1.141s] gmake[2]: *** [CMakeFiles/mirobot_node.dir/build.make:76: CMakeFiles/mirobot_node.dir/src/mirobot_node.cpp.o] Error 1
[1.141s] gmake[1]: *** [CMakeFiles/Makefile2:137: CMakeFiles/mirobot_node.dir/all] Error 2
[1.141s] gmake: *** [Makefile:146: all] Error 2
[1.143s] Invoked command in '/home/luis-a/mirobot_ws/build/mirobot_package' returned '2': CMAKE_PREFIX_PATH=/home/luis-a/ros2_ws/install/my_robot_controller:/opt/ros/humble /usr/bin/cmake --build /home/luis-a/mirobot_ws/build/mirobot_package -- -j32 -l32
