[0.010s] Invoking command in '/home/luis-a/mirobot_ws/build/mirobot_description': CMAKE_PREFIX_PATH=${CMAKE_PREFIX_PATH}:/home/luis-a/ros2_ws/install/my_robot_controller:/opt/ros/humble /usr/bin/cmake --build /home/luis-a/mirobot_ws/build/mirobot_description -- -j32 -l32
[0.031s] Invoked command in '/home/luis-a/mirobot_ws/build/mirobot_description' returned '0': CMAKE_PREFIX_PATH=${CMAKE_PREFIX_PATH}:/home/luis-a/ros2_ws/install/my_robot_controller:/opt/ros/humble /usr/bin/cmake --build /home/luis-a/mirobot_ws/build/mirobot_description -- -j32 -l32
[0.049s] Invoking command in '/home/luis-a/mirobot_ws/build/mirobot_description': CMAKE_PREFIX_PATH=${CMAKE_PREFIX_PATH}:/home/luis-a/ros2_ws/install/my_robot_controller:/opt/ros/humble /usr/bin/cmake --install /home/luis-a/mirobot_ws/build/mirobot_description
[0.053s] -- Install configuration: ""
[0.053s] -- Up-to-date: /home/luis-a/mirobot_ws/install/mirobot_description/share/ament_index/resource_index/package_run_dependencies/mirobot_description
[0.054s] -- Up-to-date: /home/luis-a/mirobot_ws/install/mirobot_description/share/ament_index/resource_index/parent_prefix_path/mirobot_description
[0.054s] -- Up-to-date: /home/luis-a/mirobot_ws/install/mirobot_description/share/mirobot_description/environment/ament_prefix_path.sh
[0.054s] -- Up-to-date: /home/luis-a/mirobot_ws/install/mirobot_description/share/mirobot_description/environment/ament_prefix_path.dsv
[0.054s] -- Up-to-date: /home/luis-a/mirobot_ws/install/mirobot_description/share/mirobot_description/environment/path.sh
[0.054s] -- Up-to-date: /home/luis-a/mirobot_ws/install/mirobot_description/share/mirobot_description/environment/path.dsv
[0.054s] -- Up-to-date: /home/luis-a/mirobot_ws/install/mirobot_description/share/mirobot_description/local_setup.bash
[0.054s] -- Up-to-date: /home/luis-a/mirobot_ws/install/mirobot_description/share/mirobot_description/local_setup.sh
[0.054s] -- Up-to-date: /home/luis-a/mirobot_ws/install/mirobot_description/share/mirobot_description/local_setup.zsh
[0.054s] -- Up-to-date: /home/luis-a/mirobot_ws/install/mirobot_description/share/mirobot_description/local_setup.dsv
[0.054s] -- Installing: /home/luis-a/mirobot_ws/install/mirobot_description/share/mirobot_description/package.dsv
[0.054s] -- Up-to-date: /home/luis-a/mirobot_ws/install/mirobot_description/share/ament_index/resource_index/packages/mirobot_description
[0.054s] -- Up-to-date: /home/luis-a/mirobot_ws/install/mirobot_description/share/mirobot_description/cmake/mirobot_descriptionConfig.cmake
[0.054s] -- Up-to-date: /home/luis-a/mirobot_ws/install/mirobot_description/share/mirobot_description/cmake/mirobot_descriptionConfig-version.cmake
[0.054s] -- Up-to-date: /home/luis-a/mirobot_ws/install/mirobot_description/share/mirobot_description/package.xml
[0.056s] Invoked command in '/home/luis-a/mirobot_ws/build/mirobot_description' returned '0': CMAKE_PREFIX_PATH=${CMAKE_PREFIX_PATH}:/home/luis-a/ros2_ws/install/my_robot_controller:/opt/ros/humble /usr/bin/cmake --install /home/luis-a/mirobot_ws/build/mirobot_description
