[0.009s] Invoking command in '/home/luis-a/mirobot_ws/build/move_program': CMAKE_PREFIX_PATH=${CMAKE_PREFIX_PATH}:/home/luis-a/ros2_ws/install/my_robot_controller:/opt/ros/humble /usr/bin/cmake --build /home/luis-a/mirobot_ws/build/move_program -- -j32 -l32
[0.037s] [35m[1mConsolidate compiler generated dependencies of target move_program[0m
[0.051s] [ 50%] [32mBuilding CXX object CMakeFiles/move_program.dir/src/move_program.cpp.o[0m
[2.506s] In file included from [01m[K/opt/ros/humble/include/rclcpp/rclcpp/client.hpp:40[m[K,
[2.506s]                  from [01m[K/opt/ros/humble/include/rclcpp/rclcpp/callback_group.hpp:24[m[K,
[2.506s]                  from [01m[K/opt/ros/humble/include/rclcpp/rclcpp/any_executable.hpp:20[m[K,
[2.506s]                  from [01m[K/opt/ros/humble/include/rclcpp/rclcpp/memory_strategy.hpp:25[m[K,
[2.506s]                  from [01m[K/opt/ros/humble/include/rclcpp/rclcpp/memory_strategies.hpp:18[m[K,
[2.506s]                  from [01m[K/opt/ros/humble/include/rclcpp/rclcpp/executor_options.hpp:20[m[K,
[2.506s]                  from [01m[K/opt/ros/humble/include/rclcpp/rclcpp/executor.hpp:37[m[K,
[2.506s]                  from [01m[K/opt/ros/humble/include/rclcpp/rclcpp/executors/multi_threaded_executor.hpp:25[m[K,
[2.506s]                  from [01m[K/opt/ros/humble/include/rclcpp/rclcpp/executors.hpp:21[m[K,
[2.506s]                  from [01m[K/opt/ros/humble/include/rclcpp/rclcpp/rclcpp.hpp:155[m[K,
[2.506s]                  from [01m[K/home/luis-a/mirobot_ws/src/move_program/src/move_program.cpp:2[m[K:
[2.506s] [01m[K/home/luis-a/mirobot_ws/src/move_program/src/move_program.cpp:[m[K In function ‘[01m[Kint main(int, char**)[m[K’:
[2.506s] [01m[K/home/luis-a/mirobot_ws/src/move_program/src/move_program.cpp:19:22:[m[K [01;31m[Kerror: [m[Kexpected ‘[01m[K)[m[K’ before string constant
[2.506s]    19 |   RCLCPP_INFO(logger [01;31m[K"use_sim_time: %s"[m[K, use_sim_time ? "true" : "false");
[2.506s]       |                      [01;31m[K^~~~~~~~~~~~~~~~~~[m[K
[2.506s] [01m[K/home/luis-a/mirobot_ws/src/move_program/src/move_program.cpp:19:3:[m[K [01;36m[Knote: [m[Kto match this ‘[01m[K([m[K’
[2.506s]    19 |   [01;36m[KRCLCPP_INFO[m[K(logger "use_sim_time: %s", use_sim_time ? "true" : "false");
[2.506s]       |   [01;36m[K^~~~~~~~~~~[m[K
[2.506s] [01m[K/home/luis-a/mirobot_ws/src/move_program/src/move_program.cpp:19:3:[m[K [01;31m[Kerror: [m[Ktemplate argument 1 is invalid
[2.506s]    19 |   [01;31m[KRCLCPP_INFO[m[K(logger "use_sim_time: %s", use_sim_time ? "true" : "false");
[2.506s]       |   [01;31m[K^~~~~~~~~~~[m[K
[2.506s] [01m[K/home/luis-a/mirobot_ws/src/move_program/src/move_program.cpp:19:3:[m[K [01;31m[Kerror: [m[Ktemplate argument 1 is invalid
[2.506s]    19 |   [01;31m[KRCLCPP_INFO[m[K(logger "use_sim_time: %s", use_sim_time ? "true" : "false");
[2.506s]       |   [01;31m[K^~~~~~~~~~~[m[K
[2.506s] [01m[K/home/luis-a/mirobot_ws/src/move_program/src/move_program.cpp:19:3:[m[K [01;31m[Kerror: [m[Ktemplate argument 1 is invalid
[2.506s]    19 |   [01;31m[KRCLCPP_INFO[m[K(logger "use_sim_time: %s", use_sim_time ? "true" : "false");
[2.506s]       |   [01;31m[K^~~~~~~~~~~[m[K
[2.506s] In file included from [01m[K/opt/ros/humble/include/rclcpp/rclcpp/logging.hpp:24[m[K,
[2.506s]                  from [01m[K/opt/ros/humble/include/rclcpp/rclcpp/client.hpp:40[m[K,
[2.506s]                  from [01m[K/opt/ros/humble/include/rclcpp/rclcpp/callback_group.hpp:24[m[K,
[2.506s]                  from [01m[K/opt/ros/humble/include/rclcpp/rclcpp/any_executable.hpp:20[m[K,
[2.507s]                  from [01m[K/opt/ros/humble/include/rclcpp/rclcpp/memory_strategy.hpp:25[m[K,
[2.507s]                  from [01m[K/opt/ros/humble/include/rclcpp/rclcpp/memory_strategies.hpp:18[m[K,
[2.507s]                  from [01m[K/opt/ros/humble/include/rclcpp/rclcpp/executor_options.hpp:20[m[K,
[2.507s]                  from [01m[K/opt/ros/humble/include/rclcpp/rclcpp/executor.hpp:37[m[K,
[2.507s]                  from [01m[K/opt/ros/humble/include/rclcpp/rclcpp/executors/multi_threaded_executor.hpp:25[m[K,
[2.507s]                  from [01m[K/opt/ros/humble/include/rclcpp/rclcpp/executors.hpp:21[m[K,
[2.507s]                  from [01m[K/opt/ros/humble/include/rclcpp/rclcpp/rclcpp.hpp:155[m[K,
[2.507s]                  from [01m[K/home/luis-a/mirobot_ws/src/move_program/src/move_program.cpp:2[m[K:
[2.507s] [01m[K/home/luis-a/mirobot_ws/src/move_program/src/move_program.cpp:19:22:[m[K [01;31m[Kerror: [m[Kexpected ‘[01m[K)[m[K’ before string constant
[2.507s]    19 |   RCLCPP_INFO(logger [01;31m[K"use_sim_time: %s"[m[K, use_sim_time ? "true" : "false");
[2.507s]       |                      [01;31m[K^~~~~~~~~~~~~~~~~~[m[K
[2.507s] [01m[K/home/luis-a/mirobot_ws/src/move_program/src/move_program.cpp:19:3:[m[K [01;36m[Knote: [m[Kto match this ‘[01m[K([m[K’
[2.507s]    19 |   [01;36m[KRCLCPP_INFO[m[K(logger "use_sim_time: %s", use_sim_time ? "true" : "false");
[2.507s]       |   [01;36m[K^~~~~~~~~~~[m[K
[2.507s] [01m[K/home/luis-a/mirobot_ws/src/move_program/src/move_program.cpp:19:3:[m[K [01;31m[Kerror: [m[Kexpected ‘[01m[K)[m[K’ before ‘[01m[K}[m[K’ token
[2.507s]    19 |   [01;31m[KRCLCPP_INFO[m[K(logger "use_sim_time: %s", use_sim_time ? "true" : "false");
[2.507s]       |   [01;31m[K^~~~~~~~~~~[m[K
[2.507s] [01m[K/home/luis-a/mirobot_ws/src/move_program/src/move_program.cpp:19:3:[m[K [01;31m[Kerror: [m[Kexpected ‘[01m[K)[m[K’ before ‘[01m[K}[m[K’ token
[2.507s]    19 |   [01;31m[KRCLCPP_INFO[m[K(logger "use_sim_time: %s", use_sim_time ? "true" : "false");
[2.507s]       |   [01;31m[K^~~~~~~~~~~[m[K
[2.507s] [01m[K/home/luis-a/mirobot_ws/src/move_program/src/move_program.cpp:19:3:[m[K [01;31m[Kerror: [m[Kexpected primary-expression before ‘[01m[K}[m[K’ token
[2.507s] [01m[K/home/luis-a/mirobot_ws/src/move_program/src/move_program.cpp:18:8:[m[K [01;35m[Kwarning: [m[Kunused variable ‘[01m[Kuse_sim_time[m[K’ [[01;35m[K]8;;https://gcc.gnu.org/onlinedocs/gcc/Warning-Options.html#index-Wunused-variable-Wunused-variable]8;;[m[K]
[2.507s]    18 |   bool [01;35m[Kuse_sim_time[m[K = node->get_parameter("use_sim_time").as_bool();
[2.507s]       |        [01;35m[K^~~~~~~~~~~~[m[K
[3.884s] gmake[2]: *** [CMakeFiles/move_program.dir/build.make:76: CMakeFiles/move_program.dir/src/move_program.cpp.o] Error 1
[3.884s] gmake[1]: *** [CMakeFiles/Makefile2:137: CMakeFiles/move_program.dir/all] Error 2
[3.884s] gmake: *** [Makefile:146: all] Error 2
[3.886s] Invoked command in '/home/luis-a/mirobot_ws/build/move_program' returned '2': CMAKE_PREFIX_PATH=${CMAKE_PREFIX_PATH}:/home/luis-a/ros2_ws/install/my_robot_controller:/opt/ros/humble /usr/bin/cmake --build /home/luis-a/mirobot_ws/build/move_program -- -j32 -l32
