[0.008s] Invoking command in '/home/luis-a/mirobot_ws/build/hello_moveit': CMAKE_PREFIX_PATH=${CMAKE_PREFIX_PATH}:/home/luis-a/ros2_ws/install/my_robot_controller:/opt/ros/humble /usr/bin/cmake --build /home/luis-a/mirobot_ws/build/hello_moveit -- -j32 -l32
[0.025s] -- Found ament_cmake: 1.3.10 (/opt/ros/humble/share/ament_cmake/cmake)
[0.089s] -- Found moveit_ros_planning_interface: 2.5.5 (/opt/ros/humble/share/moveit_ros_planning_interface/cmake)
[0.095s] -- Found Boost: /usr/lib/x86_64-linux-gnu/cmake/Boost-1.74.0/BoostConfig.cmake (found version "1.74.0") found components: date_time filesystem program_options system thread 
[0.109s] -- Found rosidl_generator_c: 3.1.5 (/opt/ros/humble/share/rosidl_generator_c/cmake)
[0.110s] -- Found rosidl_adapter: 3.1.5 (/opt/ros/humble/share/rosidl_adapter/cmake)
[0.113s] -- Found rosidl_generator_cpp: 3.1.5 (/opt/ros/humble/share/rosidl_generator_cpp/cmake)
[0.118s] -- Using all available rosidl_typesupport_c: rosidl_typesupport_fastrtps_c;rosidl_typesupport_introspection_c
[0.125s] -- Using all available rosidl_typesupport_cpp: rosidl_typesupport_fastrtps_cpp;rosidl_typesupport_introspection_cpp
[0.223s] -- Found Boost: /usr/lib/x86_64-linux-gnu/cmake/Boost-1.74.0/BoostConfig.cmake (found version "1.74.0") found components: chrono date_time filesystem iostreams program_options regex serialization system thread 
[0.227s] -- Found parameter_traits: 0.3.9 (/opt/ros/humble/share/parameter_traits/cmake)
[0.241s] -- Found rmw_implementation_cmake: 6.1.2 (/opt/ros/humble/share/rmw_implementation_cmake/cmake)
[0.242s] -- Found rmw_fastrtps_cpp: 6.2.7 (/opt/ros/humble/share/rmw_fastrtps_cpp/cmake)
[0.302s] -- Using RMW implementation 'rmw_fastrtps_cpp' as default
[0.336s] -- Found rclcpp_lifecycle: 16.0.10 (/opt/ros/humble/share/rclcpp_lifecycle/cmake)
[0.353s] -- Found Boost: /usr/lib/x86_64-linux-gnu/cmake/Boost-1.74.0/BoostConfig.cmake (found version "1.74.0") found components: filesystem 
[0.377s] -- library: /usr/lib/x86_64-linux-gnu/libcurl.so
[0.391s] -- Ensuring Eigen3 include directory is part of orocos-kdl CMake target
[0.450s] -- Found Boost: /usr/lib/x86_64-linux-gnu/cmake/Boost-1.74.0/BoostConfig.cmake (found version "1.74.0") found components: system filesystem date_time program_options thread chrono 
[0.466s] -- Found Boost: /usr/lib/x86_64-linux-gnu/cmake/Boost-1.74.0/BoostConfig.cmake (found version "1.74.0") found components: thread system filesystem regex date_time program_options 
[0.476s] -- Found Boost: /usr/lib/x86_64-linux-gnu/cmake/Boost-1.74.0/BoostConfig.cmake (found version "1.74.0") found components: system filesystem date_time program_options thread 
[0.491s] -- Found ament_lint_auto: 0.12.11 (/opt/ros/humble/share/ament_lint_auto/cmake)
[0.529s] -- Added test 'cppcheck' to perform static code analysis on C / C++ code
[0.529s] -- Configured cppcheck include dirs: $<BUILD_INTERFACE:/home/luis-a/mirobot_ws/src/hello_moveit/include>
[0.529s] -- Configured cppcheck exclude dirs and/or files: 
[0.529s] -- Added test 'lint_cmake' to check CMake code style
[0.530s] -- Added test 'uncrustify' to check C / C++ code style
[0.530s] -- Configured uncrustify additional arguments: 
[0.530s] -- Added test 'xmllint' to check XML markup files
[0.531s] -- Configuring done
[0.547s] -- Generating done
[0.549s] -- Build files have been written to: /home/luis-a/mirobot_ws/build/hello_moveit
[0.572s] [35m[1mConsolidate compiler generated dependencies of target hello_moveit[0m
[0.585s] [100%] Built target hello_moveit
[0.592s] Invoked command in '/home/luis-a/mirobot_ws/build/hello_moveit' returned '0': CMAKE_PREFIX_PATH=${CMAKE_PREFIX_PATH}:/home/luis-a/ros2_ws/install/my_robot_controller:/opt/ros/humble /usr/bin/cmake --build /home/luis-a/mirobot_ws/build/hello_moveit -- -j32 -l32
[0.610s] Invoking command in '/home/luis-a/mirobot_ws/build/hello_moveit': CMAKE_PREFIX_PATH=${CMAKE_PREFIX_PATH}:/home/luis-a/ros2_ws/install/my_robot_controller:/opt/ros/humble /usr/bin/cmake --install /home/luis-a/mirobot_ws/build/hello_moveit
[0.614s] -- Install configuration: ""
[0.614s] -- Up-to-date: /home/luis-a/mirobot_ws/install/hello_moveit/lib/hello_moveit/hello_moveit
[0.614s] -- Up-to-date: /home/luis-a/mirobot_ws/install/hello_moveit/share/ament_index/resource_index/package_run_dependencies/hello_moveit
[0.614s] -- Installing: /home/luis-a/mirobot_ws/install/hello_moveit/share/ament_index/resource_index/parent_prefix_path/hello_moveit
[0.614s] -- Up-to-date: /home/luis-a/mirobot_ws/install/hello_moveit/share/hello_moveit/environment/ament_prefix_path.sh
[0.614s] -- Installing: /home/luis-a/mirobot_ws/install/hello_moveit/share/hello_moveit/environment/ament_prefix_path.dsv
[0.614s] -- Up-to-date: /home/luis-a/mirobot_ws/install/hello_moveit/share/hello_moveit/environment/path.sh
[0.614s] -- Installing: /home/luis-a/mirobot_ws/install/hello_moveit/share/hello_moveit/environment/path.dsv
[0.615s] -- Up-to-date: /home/luis-a/mirobot_ws/install/hello_moveit/share/hello_moveit/local_setup.bash
[0.615s] -- Up-to-date: /home/luis-a/mirobot_ws/install/hello_moveit/share/hello_moveit/local_setup.sh
[0.615s] -- Up-to-date: /home/luis-a/mirobot_ws/install/hello_moveit/share/hello_moveit/local_setup.zsh
[0.615s] -- Installing: /home/luis-a/mirobot_ws/install/hello_moveit/share/hello_moveit/local_setup.dsv
[0.615s] -- Installing: /home/luis-a/mirobot_ws/install/hello_moveit/share/hello_moveit/package.dsv
[0.615s] -- Up-to-date: /home/luis-a/mirobot_ws/install/hello_moveit/share/ament_index/resource_index/packages/hello_moveit
[0.615s] -- Up-to-date: /home/luis-a/mirobot_ws/install/hello_moveit/share/hello_moveit/cmake/hello_moveitConfig.cmake
[0.615s] -- Up-to-date: /home/luis-a/mirobot_ws/install/hello_moveit/share/hello_moveit/cmake/hello_moveitConfig-version.cmake
[0.615s] -- Up-to-date: /home/luis-a/mirobot_ws/install/hello_moveit/share/hello_moveit/package.xml
[0.616s] Invoked command in '/home/luis-a/mirobot_ws/build/hello_moveit' returned '0': CMAKE_PREFIX_PATH=${CMAKE_PREFIX_PATH}:/home/luis-a/ros2_ws/install/my_robot_controller:/opt/ros/humble /usr/bin/cmake --install /home/luis-a/mirobot_ws/build/hello_moveit
